2023-09-01 16:49:21.953 [info] Extension host with pid 49851 started
2023-09-01 16:49:21.953 [info] Skipping acquiring lock for /home/burgos/.config/Code/User/workspaceStorage/b346cb4d447e021003f928dc3751eb8a.
2023-09-01 16:49:22.271 [info] ExtensionService#_doActivateExtension vscode.emmet, startup: false, activationEvent: 'onLanguage'
2023-09-01 16:49:22.279 [info] ExtensionService#_doActivateExtension vscode.typescript-language-features, startup: false, activationEvent: 'onLanguage:javascript'
2023-09-01 16:49:22.299 [info] ExtensionService#_doActivateExtension dsznajder.es7-react-js-snippets, startup: false, activationEvent: 'onLanguage:javascript'
2023-09-01 16:49:22.564 [info] ExtensionService#_doActivateExtension passionkind.prettier-vscode-with-tabs, startup: false, activationEvent: 'onLanguage:javascript'
2023-09-01 16:49:22.573 [error] Activating extension passionkind.prettier-vscode-with-tabs failed due to an error:
2023-09-01 16:49:22.573 [error] Error: Cannot find module 'prettier-with-tabs'
Require stack:
- /home/burgos/.vscode/extensions/passionkind.prettier-vscode-with-tabs-1.1.0/out/src/PrettierEditProvider.js
- /home/burgos/.vscode/extensions/passionkind.prettier-vscode-with-tabs-1.1.0/out/src/extension.js
- /usr/share/code/resources/app/out/vs/loader.js
- /usr/share/code/resources/app/out/bootstrap-amd.js
- /usr/share/code/resources/app/out/bootstrap-fork.js
- 
	at Module._resolveFilename (node:internal/modules/cjs/loader:1010:15)
	at s._resolveFilename (node:electron/js2c/utility_init:2:2740)
	at Module._load (node:internal/modules/cjs/loader:858:27)
	at f._load (node:electron/js2c/asar_bundle:2:13330)
	at o._load (/usr/share/code/resources/app/out/vs/workbench/api/node/extensionHostProcess.js:130:28084)
	at f._load (/usr/share/code/resources/app/out/vs/workbench/api/node/extensionHostProcess.js:130:25418)
	at C._load (/usr/share/code/resources/app/out/vs/workbench/api/node/extensionHostProcess.js:94:19511)
	at Module.require (node:internal/modules/cjs/loader:1082:19)
	at g (/usr/share/code/resources/app/out/vs/loader.js:4:647)
	at Object.<anonymous> (/home/burgos/.vscode/extensions/passionkind.prettier-vscode-with-tabs-1.1.0/out/src/PrettierEditProvider.js:3:18)
	at u._compile (/usr/share/code/resources/app/out/vs/loader.js:4:1271)
	at Module._extensions..js (node:internal/modules/cjs/loader:1243:10)
	at Module.load (node:internal/modules/cjs/loader:1058:32)
	at Module._load (node:internal/modules/cjs/loader:893:12)
	at f._load (node:electron/js2c/asar_bundle:2:13330)
	at o._load (/usr/share/code/resources/app/out/vs/workbench/api/node/extensionHostProcess.js:130:28084)
	at f._load (/usr/share/code/resources/app/out/vs/workbench/api/node/extensionHostProcess.js:130:25418)
	at C._load (/usr/share/code/resources/app/out/vs/workbench/api/node/extensionHostProcess.js:94:19511)
	at Module.require (node:internal/modules/cjs/loader:1082:19)
	at g (/usr/share/code/resources/app/out/vs/loader.js:4:647)
	at Object.<anonymous> (/home/burgos/.vscode/extensions/passionkind.prettier-vscode-with-tabs-1.1.0/out/src/extension.js:3:32)
	at u._compile (/usr/share/code/resources/app/out/vs/loader.js:4:1271)
	at Module._extensions..js (node:internal/modules/cjs/loader:1243:10)
	at Module.load (node:internal/modules/cjs/loader:1058:32)
	at Module._load (node:internal/modules/cjs/loader:893:12)
	at f._load (node:electron/js2c/asar_bundle:2:13330)
	at o._load (/usr/share/code/resources/app/out/vs/workbench/api/node/extensionHostProcess.js:130:28084)
	at f._load (/usr/share/code/resources/app/out/vs/workbench/api/node/extensionHostProcess.js:130:25418)
	at C._load (/usr/share/code/resources/app/out/vs/workbench/api/node/extensionHostProcess.js:94:19511)
	at Module.require (node:internal/modules/cjs/loader:1082:19)
	at require (node:internal/modules/cjs/helpers:102:18)
	at Function.i [as __$__nodeRequire] (/usr/share/code/resources/app/out/vs/loader.js:5:98)
	at r.rb (/usr/share/code/resources/app/out/vs/workbench/api/node/extensionHostProcess.js:130:26597)
	at async Promise.all (index 0)
2023-09-01 16:49:22.574 [info] ExtensionService#_doActivateExtension Prisma.prisma, startup: false, activationEvent: 'onLanguage:javascript'
2023-09-01 16:49:23.279 [info] ExtensionService#_doActivateExtension vscode.git-base, startup: true, activationEvent: '*', root cause: vscode.git
2023-09-01 16:49:23.282 [info] ExtensionService#_doActivateExtension christian-kohler.path-intellisense, startup: true, activationEvent: '*'
2023-09-01 16:49:23.309 [info] ExtensionService#_doActivateExtension ecmel.vscode-html-css, startup: true, activationEvent: '*'
2023-09-01 16:49:23.347 [info] ExtensionService#_doActivateExtension formulahendry.auto-rename-tag, startup: true, activationEvent: '*'
2023-09-01 16:49:23.361 [info] ExtensionService#_doActivateExtension gencer.html-slim-scss-css-class-completion, startup: true, activationEvent: '*'
2023-09-01 16:49:24.178 [info] ExtensionService#_doActivateExtension kisstkondoros.vscode-gutter-preview, startup: true, activationEvent: '*'
2023-09-01 16:49:24.191 [info] ExtensionService#_doActivateExtension mhutchie.git-graph, startup: true, activationEvent: '*'
2023-09-01 16:49:24.205 [info] ExtensionService#_doActivateExtension michelemelluso.code-beautifier, startup: true, activationEvent: '*'
2023-09-01 16:49:24.216 [info] ExtensionService#_doActivateExtension naumovs.color-highlight, startup: true, activationEvent: '*'
2023-09-01 16:49:24.222 [info] ExtensionService#_doActivateExtension Zignd.html-css-class-completion, startup: true, activationEvent: '*'
2023-09-01 16:49:24.295 [info] ExtensionService#_doActivateExtension vscode.npm, startup: true, activationEvent: 'workspaceContains:package.json'
2023-09-01 16:49:24.510 [error] Activating extension Zignd.html-css-class-completion failed due to an error:
2023-09-01 16:49:24.510 [error] Error: command 'html-css-class-completion.cache' already exists
    at a.registerCommand (/usr/share/code/resources/app/out/vs/workbench/api/node/extensionHostProcess.js:102:76383)
    at Object.registerCommand (/usr/share/code/resources/app/out/vs/workbench/api/node/extensionHostProcess.js:120:20180)
    at /home/burgos/.vscode/extensions/zignd.html-css-class-completion-1.20.0/dist/extension.js:2:949745
    at Generator.next (<anonymous>)
    at /home/burgos/.vscode/extensions/zignd.html-css-class-completion-1.20.0/dist/extension.js:2:945427
    at new Promise (<anonymous>)
    at a (/home/burgos/.vscode/extensions/zignd.html-css-class-completion-1.20.0/dist/extension.js:2:945172)
    at t.activate (/home/burgos/.vscode/extensions/zignd.html-css-class-completion-1.20.0/dist/extension.js:2:949006)
    at Function.eb (/usr/share/code/resources/app/out/vs/workbench/api/node/extensionHostProcess.js:116:13102)
    at Function.db (/usr/share/code/resources/app/out/vs/workbench/api/node/extensionHostProcess.js:116:12816)
    at /usr/share/code/resources/app/out/vs/workbench/api/node/extensionHostProcess.js:116:10913
    at p.n (/usr/share/code/resources/app/out/vs/workbench/api/node/extensionHostProcess.js:102:6206)
    at p.m (/usr/share/code/resources/app/out/vs/workbench/api/node/extensionHostProcess.js:102:6169)
    at p.l (/usr/share/code/resources/app/out/vs/workbench/api/node/extensionHostProcess.js:102:5626)
2023-09-01 16:49:24.583 [info] ExtensionService#_doActivateExtension vscode.git, startup: true, activationEvent: '*'
2023-09-01 16:49:24.626 [info] ExtensionService#_doActivateExtension vscode.github, startup: true, activationEvent: '*'
2023-09-01 16:49:24.675 [info] ExtensionService#_doActivateExtension vscode.github-authentication, startup: false, activationEvent: 'onAuthenticationRequest:github'
2023-09-01 16:49:25.173 [info] Eager extensions activated
2023-09-01 16:49:25.302 [info] ExtensionService#_doActivateExtension vscode.debug-auto-launch, startup: false, activationEvent: 'onStartupFinished'
2023-09-01 16:49:25.305 [info] ExtensionService#_doActivateExtension vscode.merge-conflict, startup: false, activationEvent: 'onStartupFinished'
2023-09-01 16:49:25.315 [info] ExtensionService#_doActivateExtension eamodio.gitlens, startup: false, activationEvent: 'onStartupFinished'
2023-09-01 16:49:25.373 [info] ExtensionService#_doActivateExtension esbenp.prettier-vscode, startup: false, activationEvent: 'onStartupFinished'
2023-09-01 16:49:25.420 [info] ExtensionService#_doActivateExtension GitHub.vscode-pull-request-github, startup: false, activationEvent: 'onStartupFinished'
2023-09-01 16:49:25.471 [info] ExtensionService#_doActivateExtension ms-vscode-remote.remote-wsl, startup: false, activationEvent: 'onStartupFinished'
2023-09-01 16:49:25.488 [info] ExtensionService#_doActivateExtension PKief.material-icon-theme, startup: false, activationEvent: 'onStartupFinished'
2023-09-01 16:49:25.883 [info] ExtensionService#_doActivateExtension vscode.microsoft-authentication, startup: false, activationEvent: 'onAuthenticationRequest:microsoft'
