2023-09-04 10:38:31.338 [info] Log level: Info
2023-09-04 10:38:31.338 [info] Validating found git in: "git"
2023-09-04 10:38:31.338 [info] Using git "2.34.1" from "git"
2023-09-04 10:38:31.338 [info] > git rev-parse --show-toplevel [28ms]
2023-09-04 10:38:31.387 [info] > git rev-parse --git-dir --git-common-dir [29ms]
2023-09-04 10:38:31.483 [info] Open repository: /home/burgos/code/agenciaboz-dev/sion.api
2023-09-04 10:38:32.010 [info] > git rev-parse --show-toplevel [264ms]
2023-09-04 10:38:32.011 [info] > git config --get commit.template [483ms]
2023-09-04 10:38:32.023 [info] > git for-each-ref --format=%(refname)%00%(upstream:short)%00%(objectname)%00%(upstream:track)%00%(upstream:remotename)%00%(upstream:remoteref) refs/heads/main refs/remotes/main [25ms]
2023-09-04 10:38:32.096 [info] > git status -z -uall [53ms]
2023-09-04 10:38:32.458 [info] > git config --get commit.template [320ms]
2023-09-04 10:38:33.505 [info] > git check-ignore -v -z --stdin [336ms]
2023-09-04 10:38:33.507 [info] > git fetch [2025ms]
2023-09-04 10:38:33.533 [info] > git for-each-ref --format=%(refname)%00%(upstream:short)%00%(objectname)%00%(upstream:track)%00%(upstream:remotename)%00%(upstream:remoteref) refs/heads/main refs/remotes/main [31ms]
2023-09-04 10:38:33.550 [info] > git rev-parse --show-toplevel [106ms]
2023-09-04 10:38:33.557 [info] > git config --get commit.template [24ms]
2023-09-04 10:38:33.835 [info] > git for-each-ref --format=%(refname)%00%(upstream:short)%00%(objectname)%00%(upstream:track)%00%(upstream:remotename)%00%(upstream:remoteref) refs/heads/main refs/remotes/main [140ms]
2023-09-04 10:38:33.896 [info] > git status -z -uall [37ms]
2023-09-04 10:38:33.900 [info] > git rev-parse --show-toplevel [67ms]
2023-09-04 10:38:34.162 [info] > git rev-parse --show-toplevel [159ms]
2023-09-04 10:38:34.340 [info] > git rev-parse --show-toplevel [1ms]
2023-09-04 10:38:34.496 [info] > git rev-parse --show-toplevel [129ms]
2023-09-04 10:38:34.628 [info] > git rev-parse --show-toplevel [3ms]
2023-09-04 10:38:34.684 [info] > git show --textconv :src/lead.ts [35ms]
2023-09-04 10:38:34.685 [info] > git ls-files --stage -- /home/burgos/code/agenciaboz-dev/sion.api/src/lead.ts [19ms]
2023-09-04 10:38:34.744 [info] > git cat-file -s 83e45643a715d201a28490295766e979ab41d8c6 [30ms]
2023-09-04 10:38:35.222 [info] > git config --local branch.main.github-pr-owner-number [95ms]
2023-09-04 10:38:35.239 [info] > git config --get commit.template [3ms]
2023-09-04 10:38:35.257 [info] > git for-each-ref --format=%(refname)%00%(upstream:short)%00%(objectname)%00%(upstream:track)%00%(upstream:remotename)%00%(upstream:remoteref) refs/heads/main refs/remotes/main [2ms]
2023-09-04 10:38:35.280 [info] > git status -z -uall [1ms]
2023-09-04 10:43:34.036 [info] > git config --local branch.main.github-pr-owner-number [0ms]
2023-09-04 10:43:34.058 [info] > git config --get commit.template [10ms]
2023-09-04 10:43:34.058 [info] > git for-each-ref --format=%(refname)%00%(upstream:short)%00%(objectname)%00%(upstream:track)%00%(upstream:remotename)%00%(upstream:remoteref) refs/heads/main refs/remotes/main [1ms]
2023-09-04 10:43:34.072 [info] > git status -z -uall [4ms]
2023-09-04 10:43:58.212 [info] > git ls-files --stage -- /home/burgos/code/agenciaboz-dev/sion.api/src/lead.ts [2ms]
2023-09-04 10:43:58.223 [info] > git cat-file -s 83e45643a715d201a28490295766e979ab41d8c6 [1ms]
2023-09-04 10:43:58.237 [info] > git show --textconv :src/lead.ts [2ms]
2023-09-04 10:43:58.772 [info] > git fetch [1757ms]
2023-09-04 10:43:58.793 [info] > git config --get commit.template [10ms]
2023-09-04 10:43:58.794 [info] > git for-each-ref --format=%(refname)%00%(upstream:short)%00%(objectname)%00%(upstream:track)%00%(upstream:remotename)%00%(upstream:remoteref) refs/heads/main refs/remotes/main [1ms]
2023-09-04 10:43:58.813 [info] > git status -z -uall [6ms]
2023-09-04 10:48:34.087 [info] > git config --local branch.main.github-pr-owner-number [1ms]
2023-09-04 10:48:34.098 [info] > git config --get commit.template [1ms]
2023-09-04 10:48:34.109 [info] > git for-each-ref --format=%(refname)%00%(upstream:short)%00%(objectname)%00%(upstream:track)%00%(upstream:remotename)%00%(upstream:remoteref) refs/heads/main refs/remotes/main [1ms]
2023-09-04 10:48:34.123 [info] > git status -z -uall [4ms]
2023-09-04 10:50:36.367 [info] > git check-ignore -v -z --stdin [1ms]
2023-09-04 10:53:34.136 [info] > git config --local branch.main.github-pr-owner-number [1ms]
2023-09-04 10:53:34.156 [info] > git config --get commit.template [10ms]
2023-09-04 10:53:34.157 [info] > git for-each-ref --format=%(refname)%00%(upstream:short)%00%(objectname)%00%(upstream:track)%00%(upstream:remotename)%00%(upstream:remoteref) refs/heads/main refs/remotes/main [1ms]
2023-09-04 10:53:34.171 [info] > git status -z -uall [4ms]
2023-09-04 10:58:34.184 [info] > git config --local branch.main.github-pr-owner-number [1ms]
2023-09-04 10:58:34.205 [info] > git config --get commit.template [10ms]
2023-09-04 10:58:34.205 [info] > git for-each-ref --format=%(refname)%00%(upstream:short)%00%(objectname)%00%(upstream:track)%00%(upstream:remotename)%00%(upstream:remoteref) refs/heads/main refs/remotes/main [1ms]
2023-09-04 10:58:34.219 [info] > git status -z -uall [4ms]
