2023-09-04 10:38:20.391 [info] Added views:workbench.panel.markers.view in workbench.panel.markers
2023-09-04 10:38:20.391 [info] Added views:workbench.panel.output in workbench.panel.output
2023-09-04 10:38:20.391 [info] Added views:terminal in terminal
2023-09-04 10:38:20.391 [info] Added views:outline in workbench.view.explorer
2023-09-04 10:38:20.391 [info] Added views:workbench.scm in workbench.view.scm
2023-09-04 10:38:20.391 [info] Added views:workbench.view.search in workbench.view.search
2023-09-04 10:38:20.391 [info] Added views:timeline in workbench.view.explorer
2023-09-04 10:38:20.391 [info] Added views:workbench.explorer.fileView in workbench.view.explorer
2023-09-04 10:38:21.024 [info] Added views:workbench.debug.welcome in workbench.view.debug
2023-09-04 10:38:21.927 [info] Added views:pythonEnvironments in workbench.view.extension.package-explorer
2023-09-04 10:38:21.930 [info] Added views:gitlens.views.home,gitlens.views.workspaces,gitlens.views.account in workbench.view.extension.gitlens
2023-09-04 10:38:21.932 [info] Added views:gitlens.views.commitDetails,gitlens.views.lineHistory,gitlens.views.fileHistory,gitlens.views.searchAndCompare in workbench.view.extension.gitlensInspect
2023-09-04 10:38:21.941 [info] Added views:gitlens.views.commits,gitlens.views.branches,gitlens.views.remotes,gitlens.views.stashes,gitlens.views.tags in workbench.view.scm
2023-09-04 10:38:21.941 [info] Added views:pr:github,issues:github in workbench.view.extension.github-pull-requests
2023-09-04 10:38:21.941 [info] Added views:PowerShellCommands in workbench.view.extension.PowerShell
2023-09-04 10:38:23.101 [info] Added views:workbench.panel.repl.view in workbench.panel.repl
2023-09-04 10:38:33.415 [info] Added views:gitlens.views.graph,gitlens.views.graphDetails in workbench.view.extension.gitlensPanel
2023-09-04 10:38:33.416 [info] Added views:gitlens.views.timeline in workbench.view.extension.gitlensInspect
2023-09-04 10:38:33.417 [info] Added views:gitlens.views.worktrees in workbench.view.scm
2023-09-04 10:38:34.727 [info] Added views:workbench.panel.comments in workbench.panel.comments
2023-09-04 10:38:35.889 [info] Added views:github:activePullRequest:welcome in workbench.view.extension.github-pull-request
2023-09-04 10:38:35.900 [info] Removed views:github:activePullRequest:welcome from workbench.view.extension.github-pull-request
