2023-09-04 10:40:32.755 [info] Reading sessions from keychain...
2023-09-04 10:40:32.755 [info] Getting sessions for all scopes...
2023-09-04 10:40:32.755 [info] Getting sessions for user:email...
2023-09-04 10:40:32.755 [info] Got stored sessions!
2023-09-04 10:40:32.755 [info] Got 2 verified sessions.
2023-09-04 10:40:32.755 [info] Got 2 sessions for ...
2023-09-04 10:40:32.755 [info] Got 1 sessions for user:email...
2023-09-04 10:40:33.206 [info] Getting sessions for all scopes...
2023-09-04 10:40:33.206 [info] Got 2 sessions for ...
2023-09-04 10:40:33.424 [info] Getting sessions for read:user,repo,user:email,workflow...
2023-09-04 10:40:33.424 [info] Got 1 sessions for read:user,repo,user:email,workflow...
2023-09-04 10:40:33.581 [info] Getting sessions for all scopes...
2023-09-04 10:40:33.581 [info] Got 2 sessions for ...
2023-09-04 10:40:33.665 [info] Getting sessions for read:user,repo,user:email,workflow...
2023-09-04 10:40:33.665 [info] Got 1 sessions for read:user,repo,user:email,workflow...
2023-09-04 10:40:34.174 [info] Getting sessions for read:user,repo,user:email...
2023-09-04 10:40:34.174 [info] Got 0 sessions for read:user,repo,user:email...
2023-09-04 10:40:34.227 [info] Getting sessions for read:user,repo,user:email,workflow...
2023-09-04 10:40:34.227 [info] Got 1 sessions for read:user,repo,user:email,workflow...
2023-09-04 10:40:34.287 [info] Getting sessions for all scopes...
2023-09-04 10:40:34.287 [info] Got 2 sessions for ...
