2023-09-01 12:24:05.310 [info] Reading sessions from keychain...
2023-09-01 12:24:05.310 [info] Getting sessions for all scopes...
2023-09-01 12:24:05.310 [info] Getting sessions for user:email...
2023-09-01 12:24:05.402 [info] Got stored sessions!
2023-09-01 12:24:05.402 [info] Got 2 verified sessions.
2023-09-01 12:24:05.402 [info] Got 2 sessions for ...
2023-09-01 12:24:05.402 [info] Got 1 sessions for user:email...
2023-09-01 12:24:05.683 [info] Getting sessions for read:user,repo,user:email,workflow...
2023-09-01 12:24:05.683 [info] Got 1 sessions for read:user,repo,user:email,workflow...
2023-09-01 12:24:05.786 [info] Getting sessions for all scopes...
2023-09-01 12:24:05.787 [info] Got 2 sessions for ...
2023-09-01 12:24:06.081 [info] Getting sessions for all scopes...
2023-09-01 12:24:06.081 [info] Got 2 sessions for ...
2023-09-01 12:24:06.390 [info] Getting sessions for read:user,repo,user:email,workflow...
2023-09-01 12:24:06.390 [info] Got 1 sessions for read:user,repo,user:email,workflow...
2023-09-01 12:24:06.498 [info] Getting sessions for read:user,repo,user:email...
2023-09-01 12:24:06.498 [info] Got 0 sessions for read:user,repo,user:email...
2023-09-01 12:24:06.596 [info] Getting sessions for all scopes...
2023-09-01 12:24:06.596 [info] Got 2 sessions for ...
2023-09-01 12:24:06.615 [info] Getting sessions for read:user,repo,user:email,workflow...
2023-09-01 12:24:06.615 [info] Got 1 sessions for read:user,repo,user:email,workflow...
2023-09-01 13:36:26.882 [info] Getting sessions for read:user,repo,user:email...
2023-09-01 13:36:26.882 [info] Got 0 sessions for read:user,repo,user:email...
2023-09-01 13:48:11.465 [info] Getting sessions for read:user,repo,user:email...
2023-09-01 13:48:11.466 [info] Got 0 sessions for read:user,repo,user:email...
2023-09-01 14:32:36.476 [info] Getting sessions for read:user,repo,user:email...
2023-09-01 14:32:36.476 [info] Got 0 sessions for read:user,repo,user:email...
2023-09-01 14:35:13.267 [info] Reading sessions from keychain...
2023-09-01 14:35:13.267 [info] Getting sessions for all scopes...
2023-09-01 14:35:13.267 [info] Getting sessions for user:email...
2023-09-01 14:35:13.519 [info] Got stored sessions!
2023-09-01 14:35:13.519 [info] Got 2 verified sessions.
2023-09-01 14:35:13.520 [info] Got 2 sessions for ...
2023-09-01 14:35:13.520 [info] Got 1 sessions for user:email...
2023-09-01 14:35:13.556 [info] Getting sessions for read:user,repo,user:email,workflow...
2023-09-01 14:35:13.556 [info] Got 1 sessions for read:user,repo,user:email,workflow...
2023-09-01 14:35:13.813 [info] Getting sessions for all scopes...
2023-09-01 14:35:13.813 [info] Got 2 sessions for ...
2023-09-01 14:35:14.034 [info] Getting sessions for read:user,repo,user:email,workflow...
2023-09-01 14:35:14.034 [info] Got 1 sessions for read:user,repo,user:email,workflow...
2023-09-01 14:35:14.160 [info] Getting sessions for all scopes...
2023-09-01 14:35:14.160 [info] Got 2 sessions for ...
2023-09-01 14:35:14.332 [info] Getting sessions for read:user,repo,user:email...
2023-09-01 14:35:14.332 [info] Got 0 sessions for read:user,repo,user:email...
2023-09-01 14:35:14.759 [info] Getting sessions for read:user,repo,user:email,workflow...
2023-09-01 14:35:14.759 [info] Got 1 sessions for read:user,repo,user:email,workflow...
2023-09-01 14:39:06.553 [info] Getting sessions for read:user,repo,user:email...
2023-09-01 14:39:06.553 [info] Got 0 sessions for read:user,repo,user:email...
2023-09-01 15:53:55.085 [info] Getting sessions for read:user,repo,user:email...
2023-09-01 15:53:55.092 [info] Got 0 sessions for read:user,repo,user:email...
2023-09-01 16:05:05.591 [info] Getting sessions for read:user,repo,user:email...
2023-09-01 16:05:05.591 [info] Got 0 sessions for read:user,repo,user:email...
2023-09-01 16:07:34.227 [info] Getting sessions for read:user,repo,user:email...
2023-09-01 16:07:34.227 [info] Got 0 sessions for read:user,repo,user:email...
2023-09-01 16:07:46.990 [info] Getting sessions for read:user,repo,user:email...
2023-09-01 16:07:46.990 [info] Got 0 sessions for read:user,repo,user:email...
2023-09-01 16:11:56.105 [info] Getting sessions for read:user,repo,user:email...
2023-09-01 16:11:56.105 [info] Got 0 sessions for read:user,repo,user:email...
2023-09-01 16:21:46.438 [info] Getting sessions for read:user,repo,user:email...
2023-09-01 16:21:46.438 [info] Got 0 sessions for read:user,repo,user:email...
2023-09-01 16:33:22.628 [info] Getting sessions for read:user,repo,user:email...
2023-09-01 16:33:22.628 [info] Got 0 sessions for read:user,repo,user:email...
