2023-09-01 10:07:55.811 [info] Added views:workbench.panel.markers.view in workbench.panel.markers
2023-09-01 10:07:55.811 [info] Added views:workbench.panel.output in workbench.panel.output
2023-09-01 10:07:55.811 [info] Added views:terminal in terminal
2023-09-01 10:07:55.811 [info] Added views:outline in workbench.view.explorer
2023-09-01 10:07:55.811 [info] Added views:workbench.scm in workbench.view.scm
2023-09-01 10:07:55.811 [info] Added views:workbench.view.search in workbench.view.search
2023-09-01 10:07:55.811 [info] Added views:timeline in workbench.view.explorer
2023-09-01 10:07:55.811 [info] Added views:workbench.explorer.fileView in workbench.view.explorer
2023-09-01 10:07:56.076 [info] Added views:workbench.debug.welcome in workbench.view.debug
2023-09-01 10:07:56.283 [info] Added views:pythonEnvironments in workbench.view.extension.package-explorer
2023-09-01 10:07:56.283 [info] Added views:gitlens.views.home,gitlens.views.workspaces,gitlens.views.account in workbench.view.extension.gitlens
2023-09-01 10:07:56.284 [info] Added views:gitlens.views.commitDetails,gitlens.views.lineHistory,gitlens.views.fileHistory,gitlens.views.searchAndCompare in workbench.view.extension.gitlensInspect
2023-09-01 10:07:56.285 [info] Added views:gitlens.views.commits,gitlens.views.branches,gitlens.views.remotes,gitlens.views.stashes,gitlens.views.tags in workbench.view.scm
2023-09-01 10:07:56.285 [info] Added views:pr:github,issues:github in workbench.view.extension.github-pull-requests
2023-09-01 10:07:56.286 [info] Added views:PowerShellCommands in workbench.view.extension.PowerShell
2023-09-01 10:07:56.653 [info] Added views:workbench.panel.repl.view in workbench.panel.repl
2023-09-01 10:08:00.530 [info] Added views:workbench.panel.comments in workbench.panel.comments
2023-09-01 10:08:04.722 [info] Added views:gitlens.views.graph,gitlens.views.graphDetails in workbench.view.extension.gitlensPanel
2023-09-01 10:08:04.723 [info] Added views:gitlens.views.timeline in workbench.view.extension.gitlensInspect
2023-09-01 10:08:04.725 [info] Added views:gitlens.views.worktrees in workbench.view.scm
2023-09-01 10:08:05.191 [info] Added views:github:activePullRequest:welcome in workbench.view.extension.github-pull-request
2023-09-01 10:08:05.199 [info] Removed views:github:activePullRequest:welcome from workbench.view.extension.github-pull-request
2023-09-01 11:39:20.246 [info] Added views:workbench.panel.markers.view in workbench.panel.markers
2023-09-01 11:39:20.246 [info] Added views:workbench.panel.output in workbench.panel.output
2023-09-01 11:39:20.246 [info] Added views:terminal in terminal
2023-09-01 11:39:20.246 [info] Added views:outline in workbench.view.explorer
2023-09-01 11:39:20.246 [info] Added views:workbench.scm in workbench.view.scm
2023-09-01 11:39:20.246 [info] Added views:workbench.view.search in workbench.view.search
2023-09-01 11:39:20.246 [info] Added views:timeline in workbench.view.explorer
2023-09-01 11:39:20.246 [info] Added views:workbench.explorer.fileView in workbench.view.explorer
2023-09-01 11:39:20.479 [info] Added views:workbench.debug.welcome in workbench.view.debug
2023-09-01 11:39:20.746 [info] Added views:pythonEnvironments in workbench.view.extension.package-explorer
2023-09-01 11:39:20.746 [info] Added views:gitlens.views.home,gitlens.views.workspaces,gitlens.views.account in workbench.view.extension.gitlens
2023-09-01 11:39:20.747 [info] Added views:gitlens.views.commitDetails,gitlens.views.lineHistory,gitlens.views.fileHistory,gitlens.views.searchAndCompare in workbench.view.extension.gitlensInspect
2023-09-01 11:39:20.789 [info] Added views:gitlens.views.commits,gitlens.views.branches,gitlens.views.remotes,gitlens.views.stashes,gitlens.views.tags in workbench.view.scm
2023-09-01 11:39:20.789 [info] Added views:pr:github,issues:github in workbench.view.extension.github-pull-requests
2023-09-01 11:39:20.790 [info] Added views:PowerShellCommands in workbench.view.extension.PowerShell
2023-09-01 11:39:21.116 [info] Added views:workbench.panel.repl.view in workbench.panel.repl
2023-09-01 11:39:25.961 [info] Added views:gitlens.views.graph,gitlens.views.graphDetails in workbench.view.extension.gitlensPanel
2023-09-01 11:39:25.963 [info] Added views:gitlens.views.timeline in workbench.view.extension.gitlensInspect
2023-09-01 11:39:25.978 [info] Added views:gitlens.views.worktrees in workbench.view.scm
2023-09-01 11:39:26.048 [info] Added views:workbench.panel.comments in workbench.panel.comments
2023-09-01 11:39:27.342 [info] Added views:github:activePullRequest:welcome in workbench.view.extension.github-pull-request
2023-09-01 11:39:27.348 [info] Removed views:github:activePullRequest:welcome from workbench.view.extension.github-pull-request
