2023-09-01 10:07:59.854 [info] Reading sessions from keychain...
2023-09-01 10:07:59.854 [info] Getting sessions for all scopes...
2023-09-01 10:07:59.854 [info] Getting sessions for user:email...
2023-09-01 10:07:59.916 [info] Got stored sessions!
2023-09-01 10:07:59.916 [info] Got 2 verified sessions.
2023-09-01 10:07:59.916 [info] Got 2 sessions for ...
2023-09-01 10:07:59.917 [info] Got 1 sessions for user:email...
2023-09-01 10:07:59.917 [info] Getting sessions for read:user,repo,user:email,workflow...
2023-09-01 10:07:59.917 [info] Got 1 sessions for read:user,repo,user:email,workflow...
2023-09-01 10:07:59.919 [info] Getting sessions for all scopes...
2023-09-01 10:07:59.919 [info] Got 2 sessions for ...
2023-09-01 10:08:00.049 [info] Getting sessions for read:user,repo,user:email...
2023-09-01 10:08:00.049 [info] Got 0 sessions for read:user,repo,user:email...
2023-09-01 10:08:00.206 [info] Getting sessions for read:user,repo,user:email,workflow...
2023-09-01 10:08:00.207 [info] Got 1 sessions for read:user,repo,user:email,workflow...
2023-09-01 10:08:00.893 [info] Getting sessions for all scopes...
2023-09-01 10:08:00.893 [info] Got 2 sessions for ...
2023-09-01 10:08:04.197 [info] Getting sessions for read:user,repo,user:email,workflow...
2023-09-01 10:08:04.197 [info] Got 1 sessions for read:user,repo,user:email,workflow...
2023-09-01 10:21:13.840 [info] Getting sessions for read:user,repo,user:email...
2023-09-01 10:21:13.841 [info] Got 0 sessions for read:user,repo,user:email...
2023-09-01 10:48:32.864 [info] Getting sessions for read:user,repo,user:email...
2023-09-01 10:48:32.864 [info] Got 0 sessions for read:user,repo,user:email...
2023-09-01 10:52:39.928 [info] Getting sessions for read:user,repo,user:email...
2023-09-01 10:52:39.928 [info] Got 0 sessions for read:user,repo,user:email...
2023-09-01 11:21:05.697 [info] Getting sessions for read:user,repo,user:email...
2023-09-01 11:21:05.697 [info] Got 0 sessions for read:user,repo,user:email...
2023-09-01 11:38:59.372 [info] Getting sessions for read:user,repo,user:email...
2023-09-01 11:38:59.372 [info] Got 0 sessions for read:user,repo,user:email...
2023-09-01 11:39:25.240 [info] Reading sessions from keychain...
2023-09-01 11:39:25.240 [info] Getting sessions for all scopes...
2023-09-01 11:39:25.240 [info] Getting sessions for user:email...
2023-09-01 11:39:25.240 [info] Got stored sessions!
2023-09-01 11:39:25.240 [info] Got 2 verified sessions.
2023-09-01 11:39:25.240 [info] Got 2 sessions for ...
2023-09-01 11:39:25.240 [info] Got 1 sessions for user:email...
2023-09-01 11:39:25.317 [info] Getting sessions for read:user,repo,user:email,workflow...
2023-09-01 11:39:25.317 [info] Got 1 sessions for read:user,repo,user:email,workflow...
2023-09-01 11:39:25.349 [info] Getting sessions for all scopes...
2023-09-01 11:39:25.349 [info] Got 2 sessions for ...
2023-09-01 11:39:25.860 [info] Getting sessions for read:user,repo,user:email...
2023-09-01 11:39:25.860 [info] Got 0 sessions for read:user,repo,user:email...
2023-09-01 11:39:25.879 [info] Getting sessions for read:user,repo,user:email,workflow...
2023-09-01 11:39:25.879 [info] Got 1 sessions for read:user,repo,user:email,workflow...
2023-09-01 11:39:25.952 [info] Getting sessions for all scopes...
2023-09-01 11:39:25.952 [info] Got 2 sessions for ...
2023-09-01 11:39:26.264 [info] Getting sessions for read:user,repo,user:email,workflow...
2023-09-01 11:39:26.264 [info] Got 1 sessions for read:user,repo,user:email,workflow...
2023-09-01 11:39:44.025 [info] Getting sessions for read:user,repo,user:email...
2023-09-01 11:39:44.025 [info] Got 0 sessions for read:user,repo,user:email...
