[Info  - 12:24:04 PM] Default version of Prisma 'prisma-schema-wasm': 2804dc98259d2ea960602aca6b8e7fdc03c1758f
[Info  - 12:24:04 PM] Extension name @prisma/language-server with version 5.2.0
[Info  - 12:24:04 PM] Prisma Engines version: 5.2.0-25.2804dc98259d2ea960602aca6b8e7fdc03c1758f
[Info  - 12:24:04 PM] Prisma CLI version: 5.2.0
[Info  - 1:36:36 PM] Configuration changed.
running lint() from prisma-schema-wasm
running lint() from prisma-schema-wasm
running lint() from prisma-schema-wasm
running lint() from prisma-schema-wasm
running lint() from prisma-schema-wasm
running lint() from prisma-schema-wasm
running lint() from prisma-schema-wasm
running lint() from prisma-schema-wasm
running lint() from prisma-schema-wasm
running lint() from prisma-schema-wasm
running lint() from prisma-schema-wasm
running lint() from prisma-schema-wasm
running lint() from prisma-schema-wasm
running lint() from prisma-schema-wasm
running lint() from prisma-schema-wasm
running lint() from prisma-schema-wasm
running lint() from prisma-schema-wasm
running lint() from prisma-schema-wasm
running lint() from prisma-schema-wasm
running lint() from prisma-schema-wasm
running lint() from prisma-schema-wasm
running lint() from prisma-schema-wasm
running lint() from prisma-schema-wasm
running lint() from prisma-schema-wasm
running lint() from prisma-schema-wasm
running lint() from prisma-schema-wasm
running lint() from prisma-schema-wasm
running lint() from prisma-schema-wasm
running lint() from prisma-schema-wasm
running lint() from prisma-schema-wasm
running lint() from prisma-schema-wasm
running lint() from prisma-schema-wasm
running lint() from prisma-schema-wasm
running lint() from prisma-schema-wasm
running lint() from prisma-schema-wasm
running lint() from prisma-schema-wasm
running lint() from prisma-schema-wasm
running lint() from prisma-schema-wasm
running lint() from prisma-schema-wasm
running lint() from prisma-schema-wasm
running lint() from prisma-schema-wasm
running lint() from prisma-schema-wasm
running lint() from prisma-schema-wasm
running lint() from prisma-schema-wasm
running lint() from prisma-schema-wasm
running lint() from prisma-schema-wasm
running lint() from prisma-schema-wasm
running lint() from prisma-schema-wasm
running lint() from prisma-schema-wasm
running lint() from prisma-schema-wasm
