2023-09-01 12:23:35.745 [info] Reading sessions from keychain...
2023-09-01 12:23:35.745 [info] Getting sessions for all scopes...
2023-09-01 12:23:35.745 [info] Getting sessions for user:email...
2023-09-01 12:23:35.745 [info] Got stored sessions!
2023-09-01 12:23:35.745 [info] Got 2 verified sessions.
2023-09-01 12:23:35.745 [info] Got 2 sessions for ...
2023-09-01 12:23:35.745 [info] Got 1 sessions for user:email...
2023-09-01 12:23:35.745 [info] Getting sessions for read:user,repo,user:email,workflow...
2023-09-01 12:23:35.745 [info] Got 1 sessions for read:user,repo,user:email,workflow...
2023-09-01 12:23:35.745 [info] Getting sessions for all scopes...
2023-09-01 12:23:35.745 [info] Got 2 sessions for ...
2023-09-01 12:23:35.771 [info] Getting sessions for all scopes...
2023-09-01 12:23:35.771 [info] Got 2 sessions for ...
2023-09-01 12:23:35.862 [info] Getting sessions for read:user,repo,user:email,workflow...
2023-09-01 12:23:35.862 [info] Got 1 sessions for read:user,repo,user:email,workflow...
2023-09-01 12:23:35.953 [info] Getting sessions for all scopes...
2023-09-01 12:23:35.953 [info] Got 2 sessions for ...
2023-09-01 12:23:35.983 [info] Getting sessions for read:user,repo,user:email...
2023-09-01 12:23:35.983 [info] Got 0 sessions for read:user,repo,user:email...
2023-09-01 12:23:36.354 [info] Getting sessions for read:user,repo,user:email,workflow...
2023-09-01 12:23:36.354 [info] Got 1 sessions for read:user,repo,user:email,workflow...
2023-09-01 14:49:26.479 [info] Getting sessions for read:user,repo,user:email...
2023-09-01 14:49:26.479 [info] Got 0 sessions for read:user,repo,user:email...
2023-09-01 15:28:54.079 [info] Getting sessions for read:user,repo,user:email...
2023-09-01 15:28:54.080 [info] Got 0 sessions for read:user,repo,user:email...
