2023-09-04 10:38:22.715 [info] Extension host with pid 11187 started
2023-09-04 10:38:22.715 [info] Skipping acquiring lock for /home/burgos/.config/Code/User/workspaceStorage/ca1230cbd30060aff18e0c8add9e494f.
2023-09-04 10:38:23.121 [info] ExtensionService#_doActivateExtension vscode.emmet, startup: false, activationEvent: 'onLanguage'
2023-09-04 10:38:23.133 [info] ExtensionService#_doActivateExtension vscode.typescript-language-features, startup: false, activationEvent: 'onLanguage:typescript'
2023-09-04 10:38:23.186 [info] ExtensionService#_doActivateExtension dsznajder.es7-react-js-snippets, startup: false, activationEvent: 'onLanguage:typescript'
2023-09-04 10:38:23.971 [info] ExtensionService#_doActivateExtension Prisma.prisma, startup: false, activationEvent: 'onLanguage:typescript'
2023-09-04 10:38:24.627 [info] ExtensionService#_doActivateExtension vscode.git-base, startup: true, activationEvent: '*', root cause: vscode.git
2023-09-04 10:38:24.629 [info] ExtensionService#_doActivateExtension christian-kohler.path-intellisense, startup: true, activationEvent: '*'
2023-09-04 10:38:24.681 [info] ExtensionService#_doActivateExtension ecmel.vscode-html-css, startup: true, activationEvent: '*'
2023-09-04 10:38:24.766 [info] ExtensionService#_doActivateExtension formulahendry.auto-rename-tag, startup: true, activationEvent: '*'
2023-09-04 10:38:24.808 [info] ExtensionService#_doActivateExtension gencer.html-slim-scss-css-class-completion, startup: true, activationEvent: '*'
2023-09-04 10:38:26.420 [info] ExtensionService#_doActivateExtension kisstkondoros.vscode-gutter-preview, startup: true, activationEvent: '*'
2023-09-04 10:38:26.445 [info] ExtensionService#_doActivateExtension mhutchie.git-graph, startup: true, activationEvent: '*'
2023-09-04 10:38:26.618 [info] ExtensionService#_doActivateExtension michelemelluso.code-beautifier, startup: true, activationEvent: '*'
2023-09-04 10:38:26.707 [info] ExtensionService#_doActivateExtension naumovs.color-highlight, startup: true, activationEvent: '*'
2023-09-04 10:38:26.755 [info] ExtensionService#_doActivateExtension Zignd.html-css-class-completion, startup: true, activationEvent: '*'
2023-09-04 10:38:26.961 [info] ExtensionService#_doActivateExtension vscode.npm, startup: true, activationEvent: 'workspaceContains:package.json'
2023-09-04 10:38:26.973 [info] ExtensionService#_doActivateExtension ms-vscode.js-debug, startup: true, activationEvent: 'workspaceContains:node_modules/react-native', root cause: msjsdiag.vscode-react-native
2023-09-04 10:38:28.663 [error] Activating extension Zignd.html-css-class-completion failed due to an error:
2023-09-04 10:38:28.663 [error] Error: command 'html-css-class-completion.cache' already exists
    at a.registerCommand (/usr/share/code/resources/app/out/vs/workbench/api/node/extensionHostProcess.js:102:76383)
    at Object.registerCommand (/usr/share/code/resources/app/out/vs/workbench/api/node/extensionHostProcess.js:120:20180)
    at /home/burgos/.vscode/extensions/zignd.html-css-class-completion-1.20.0/dist/extension.js:2:949745
    at Generator.next (<anonymous>)
    at /home/burgos/.vscode/extensions/zignd.html-css-class-completion-1.20.0/dist/extension.js:2:945427
    at new Promise (<anonymous>)
    at a (/home/burgos/.vscode/extensions/zignd.html-css-class-completion-1.20.0/dist/extension.js:2:945172)
    at t.activate (/home/burgos/.vscode/extensions/zignd.html-css-class-completion-1.20.0/dist/extension.js:2:949006)
    at Function.eb (/usr/share/code/resources/app/out/vs/workbench/api/node/extensionHostProcess.js:116:13102)
    at Function.db (/usr/share/code/resources/app/out/vs/workbench/api/node/extensionHostProcess.js:116:12816)
    at /usr/share/code/resources/app/out/vs/workbench/api/node/extensionHostProcess.js:116:10913
    at p.n (/usr/share/code/resources/app/out/vs/workbench/api/node/extensionHostProcess.js:102:6206)
    at p.m (/usr/share/code/resources/app/out/vs/workbench/api/node/extensionHostProcess.js:102:6169)
    at p.l (/usr/share/code/resources/app/out/vs/workbench/api/node/extensionHostProcess.js:102:5626)
2023-09-04 10:38:28.778 [info] ExtensionService#_doActivateExtension vscode.git, startup: true, activationEvent: '*'
2023-09-04 10:38:28.946 [info] ExtensionService#_doActivateExtension vscode.github, startup: true, activationEvent: '*'
2023-09-04 10:38:29.315 [info] ExtensionService#_doActivateExtension msjsdiag.vscode-react-native, startup: true, activationEvent: 'workspaceContains:node_modules/react-native'
2023-09-04 10:38:31.704 [info] ExtensionService#_doActivateExtension vscode.github-authentication, startup: false, activationEvent: 'onAuthenticationRequest:github'
2023-09-04 10:38:32.324 [info] Eager extensions activated
2023-09-04 10:38:33.877 [info] ExtensionService#_doActivateExtension vscode.debug-auto-launch, startup: false, activationEvent: 'onStartupFinished'
2023-09-04 10:38:33.879 [info] ExtensionService#_doActivateExtension vscode.merge-conflict, startup: false, activationEvent: 'onStartupFinished'
2023-09-04 10:38:33.888 [info] ExtensionService#_doActivateExtension eamodio.gitlens, startup: false, activationEvent: 'onStartupFinished'
2023-09-04 10:38:34.017 [info] ExtensionService#_doActivateExtension esbenp.prettier-vscode, startup: false, activationEvent: 'onStartupFinished'
2023-09-04 10:38:34.264 [info] ExtensionService#_doActivateExtension ms-vscode-remote.remote-wsl, startup: false, activationEvent: 'onStartupFinished'
2023-09-04 10:38:34.411 [info] ExtensionService#_doActivateExtension PKief.material-icon-theme, startup: false, activationEvent: 'onStartupFinished'
2023-09-04 10:38:34.439 [info] ExtensionService#_doActivateExtension GitHub.vscode-pull-request-github, startup: false, activationEvent: 'onStartupFinished'
2023-09-04 10:38:34.698 [info] Extension host terminating: renderer closed the MessagePort
2023-09-04 10:38:34.756 [error] Canceled: Canceled
    at Object.I [as $4] (/usr/share/code/resources/app/out/vs/workbench/api/node/extensionHostProcess.js:10:1032)
    at /usr/share/code/resources/app/out/vs/workbench/api/node/extensionHostProcess.js:114:4817
    at Array.forEach (<anonymous>)
    at t.dispose (/usr/share/code/resources/app/out/vs/workbench/api/node/extensionHostProcess.js:114:4782)
    at r.terminate (/usr/share/code/resources/app/out/vs/workbench/api/node/extensionHostProcess.js:116:7818)
    at s.terminate (/usr/share/code/resources/app/out/vs/workbench/api/node/extensionHostProcess.js:120:1506)
    at C (/usr/share/code/resources/app/out/vs/workbench/api/node/extensionHostProcess.js:130:32254)
    at MessagePortMain.<anonymous> (/usr/share/code/resources/app/out/vs/workbench/api/node/extensionHostProcess.js:130:28679)
    at MessagePortMain.emit (node:events:513:28)
    at Object.MessagePortMain._internalPort.emit (node:electron/js2c/utility_init:2:367) setContext undefined
2023-09-04 10:38:34.756 [error] Canceled: Canceled
    at Object.I [as $4] (/usr/share/code/resources/app/out/vs/workbench/api/node/extensionHostProcess.js:10:1032)
    at /usr/share/code/resources/app/out/vs/workbench/api/node/extensionHostProcess.js:114:4817
    at Array.forEach (<anonymous>)
    at t.dispose (/usr/share/code/resources/app/out/vs/workbench/api/node/extensionHostProcess.js:114:4782)
    at r.terminate (/usr/share/code/resources/app/out/vs/workbench/api/node/extensionHostProcess.js:116:7818)
    at s.terminate (/usr/share/code/resources/app/out/vs/workbench/api/node/extensionHostProcess.js:120:1506)
    at C (/usr/share/code/resources/app/out/vs/workbench/api/node/extensionHostProcess.js:130:32254)
    at MessagePortMain.<anonymous> (/usr/share/code/resources/app/out/vs/workbench/api/node/extensionHostProcess.js:130:28679)
    at MessagePortMain.emit (node:events:513:28)
    at Object.MessagePortMain._internalPort.emit (node:electron/js2c/utility_init:2:367) setContext undefined
2023-09-04 10:38:34.756 [error] Canceled: Canceled
    at Object.I [as $4] (/usr/share/code/resources/app/out/vs/workbench/api/node/extensionHostProcess.js:10:1032)
    at /usr/share/code/resources/app/out/vs/workbench/api/node/extensionHostProcess.js:114:4817
    at Array.forEach (<anonymous>)
    at t.dispose (/usr/share/code/resources/app/out/vs/workbench/api/node/extensionHostProcess.js:114:4782)
    at r.terminate (/usr/share/code/resources/app/out/vs/workbench/api/node/extensionHostProcess.js:116:7818)
    at s.terminate (/usr/share/code/resources/app/out/vs/workbench/api/node/extensionHostProcess.js:120:1506)
    at C (/usr/share/code/resources/app/out/vs/workbench/api/node/extensionHostProcess.js:130:32254)
    at MessagePortMain.<anonymous> (/usr/share/code/resources/app/out/vs/workbench/api/node/extensionHostProcess.js:130:28679)
    at MessagePortMain.emit (node:events:513:28)
    at Object.MessagePortMain._internalPort.emit (node:electron/js2c/utility_init:2:367) setContext undefined
2023-09-04 10:38:34.757 [error] Canceled: Canceled
    at Object.I [as $4] (/usr/share/code/resources/app/out/vs/workbench/api/node/extensionHostProcess.js:10:1032)
    at /usr/share/code/resources/app/out/vs/workbench/api/node/extensionHostProcess.js:114:4817
    at Array.forEach (<anonymous>)
    at t.dispose (/usr/share/code/resources/app/out/vs/workbench/api/node/extensionHostProcess.js:114:4782)
    at r.terminate (/usr/share/code/resources/app/out/vs/workbench/api/node/extensionHostProcess.js:116:7818)
    at s.terminate (/usr/share/code/resources/app/out/vs/workbench/api/node/extensionHostProcess.js:120:1506)
    at C (/usr/share/code/resources/app/out/vs/workbench/api/node/extensionHostProcess.js:130:32254)
    at MessagePortMain.<anonymous> (/usr/share/code/resources/app/out/vs/workbench/api/node/extensionHostProcess.js:130:28679)
    at MessagePortMain.emit (node:events:513:28)
    at Object.MessagePortMain._internalPort.emit (node:electron/js2c/utility_init:2:367) setContext undefined
2023-09-04 10:38:34.757 [error] Canceled: Canceled
    at Object.I [as $4] (/usr/share/code/resources/app/out/vs/workbench/api/node/extensionHostProcess.js:10:1032)
    at /usr/share/code/resources/app/out/vs/workbench/api/node/extensionHostProcess.js:114:4817
    at Array.forEach (<anonymous>)
    at t.dispose (/usr/share/code/resources/app/out/vs/workbench/api/node/extensionHostProcess.js:114:4782)
    at r.terminate (/usr/share/code/resources/app/out/vs/workbench/api/node/extensionHostProcess.js:116:7818)
    at s.terminate (/usr/share/code/resources/app/out/vs/workbench/api/node/extensionHostProcess.js:120:1506)
    at C (/usr/share/code/resources/app/out/vs/workbench/api/node/extensionHostProcess.js:130:32254)
    at MessagePortMain.<anonymous> (/usr/share/code/resources/app/out/vs/workbench/api/node/extensionHostProcess.js:130:28679)
    at MessagePortMain.emit (node:events:513:28)
    at Object.MessagePortMain._internalPort.emit (node:electron/js2c/utility_init:2:367) setContext undefined
2023-09-04 10:38:34.758 [error] Canceled: Canceled
    at Object.I [as $4] (/usr/share/code/resources/app/out/vs/workbench/api/node/extensionHostProcess.js:10:1032)
    at /usr/share/code/resources/app/out/vs/workbench/api/node/extensionHostProcess.js:114:4817
    at Array.forEach (<anonymous>)
    at t.dispose (/usr/share/code/resources/app/out/vs/workbench/api/node/extensionHostProcess.js:114:4782)
    at r.terminate (/usr/share/code/resources/app/out/vs/workbench/api/node/extensionHostProcess.js:116:7818)
    at s.terminate (/usr/share/code/resources/app/out/vs/workbench/api/node/extensionHostProcess.js:120:1506)
    at C (/usr/share/code/resources/app/out/vs/workbench/api/node/extensionHostProcess.js:130:32254)
    at MessagePortMain.<anonymous> (/usr/share/code/resources/app/out/vs/workbench/api/node/extensionHostProcess.js:130:28679)
    at MessagePortMain.emit (node:events:513:28)
    at Object.MessagePortMain._internalPort.emit (node:electron/js2c/utility_init:2:367) setContext undefined
2023-09-04 10:38:34.758 [error] Canceled: Canceled
    at Object.I [as $4] (/usr/share/code/resources/app/out/vs/workbench/api/node/extensionHostProcess.js:10:1032)
    at /usr/share/code/resources/app/out/vs/workbench/api/node/extensionHostProcess.js:114:4817
    at Array.forEach (<anonymous>)
    at t.dispose (/usr/share/code/resources/app/out/vs/workbench/api/node/extensionHostProcess.js:114:4782)
    at r.terminate (/usr/share/code/resources/app/out/vs/workbench/api/node/extensionHostProcess.js:116:7818)
    at s.terminate (/usr/share/code/resources/app/out/vs/workbench/api/node/extensionHostProcess.js:120:1506)
    at C (/usr/share/code/resources/app/out/vs/workbench/api/node/extensionHostProcess.js:130:32254)
    at MessagePortMain.<anonymous> (/usr/share/code/resources/app/out/vs/workbench/api/node/extensionHostProcess.js:130:28679)
    at MessagePortMain.emit (node:events:513:28)
    at Object.MessagePortMain._internalPort.emit (node:electron/js2c/utility_init:2:367) setContext undefined
2023-09-04 10:38:34.759 [error] Canceled: Canceled
    at Object.I [as $4] (/usr/share/code/resources/app/out/vs/workbench/api/node/extensionHostProcess.js:10:1032)
    at /usr/share/code/resources/app/out/vs/workbench/api/node/extensionHostProcess.js:114:4817
    at Array.forEach (<anonymous>)
    at t.dispose (/usr/share/code/resources/app/out/vs/workbench/api/node/extensionHostProcess.js:114:4782)
    at r.terminate (/usr/share/code/resources/app/out/vs/workbench/api/node/extensionHostProcess.js:116:7818)
    at s.terminate (/usr/share/code/resources/app/out/vs/workbench/api/node/extensionHostProcess.js:120:1506)
    at C (/usr/share/code/resources/app/out/vs/workbench/api/node/extensionHostProcess.js:130:32254)
    at MessagePortMain.<anonymous> (/usr/share/code/resources/app/out/vs/workbench/api/node/extensionHostProcess.js:130:28679)
    at MessagePortMain.emit (node:events:513:28)
    at Object.MessagePortMain._internalPort.emit (node:electron/js2c/utility_init:2:367) setContext undefined
2023-09-04 10:38:34.759 [error] Canceled: Canceled
    at Object.I [as $4] (/usr/share/code/resources/app/out/vs/workbench/api/node/extensionHostProcess.js:10:1032)
    at /usr/share/code/resources/app/out/vs/workbench/api/node/extensionHostProcess.js:114:4817
    at Array.forEach (<anonymous>)
    at t.dispose (/usr/share/code/resources/app/out/vs/workbench/api/node/extensionHostProcess.js:114:4782)
    at r.terminate (/usr/share/code/resources/app/out/vs/workbench/api/node/extensionHostProcess.js:116:7818)
    at s.terminate (/usr/share/code/resources/app/out/vs/workbench/api/node/extensionHostProcess.js:120:1506)
    at C (/usr/share/code/resources/app/out/vs/workbench/api/node/extensionHostProcess.js:130:32254)
    at MessagePortMain.<anonymous> (/usr/share/code/resources/app/out/vs/workbench/api/node/extensionHostProcess.js:130:28679)
    at MessagePortMain.emit (node:events:513:28)
    at Object.MessagePortMain._internalPort.emit (node:electron/js2c/utility_init:2:367) setContext undefined
2023-09-04 10:38:34.759 [error] Canceled: Canceled
    at Object.I [as $4] (/usr/share/code/resources/app/out/vs/workbench/api/node/extensionHostProcess.js:10:1032)
    at /usr/share/code/resources/app/out/vs/workbench/api/node/extensionHostProcess.js:114:4817
    at Array.forEach (<anonymous>)
    at t.dispose (/usr/share/code/resources/app/out/vs/workbench/api/node/extensionHostProcess.js:114:4782)
    at r.terminate (/usr/share/code/resources/app/out/vs/workbench/api/node/extensionHostProcess.js:116:7818)
    at s.terminate (/usr/share/code/resources/app/out/vs/workbench/api/node/extensionHostProcess.js:120:1506)
    at C (/usr/share/code/resources/app/out/vs/workbench/api/node/extensionHostProcess.js:130:32254)
    at MessagePortMain.<anonymous> (/usr/share/code/resources/app/out/vs/workbench/api/node/extensionHostProcess.js:130:28679)
    at MessagePortMain.emit (node:events:513:28)
    at Object.MessagePortMain._internalPort.emit (node:electron/js2c/utility_init:2:367) setContext undefined
2023-09-04 10:38:34.760 [error] Canceled: Canceled
    at Object.I [as $4] (/usr/share/code/resources/app/out/vs/workbench/api/node/extensionHostProcess.js:10:1032)
    at /usr/share/code/resources/app/out/vs/workbench/api/node/extensionHostProcess.js:114:4817
    at Array.forEach (<anonymous>)
    at t.dispose (/usr/share/code/resources/app/out/vs/workbench/api/node/extensionHostProcess.js:114:4782)
    at r.terminate (/usr/share/code/resources/app/out/vs/workbench/api/node/extensionHostProcess.js:116:7818)
    at s.terminate (/usr/share/code/resources/app/out/vs/workbench/api/node/extensionHostProcess.js:120:1506)
    at C (/usr/share/code/resources/app/out/vs/workbench/api/node/extensionHostProcess.js:130:32254)
    at MessagePortMain.<anonymous> (/usr/share/code/resources/app/out/vs/workbench/api/node/extensionHostProcess.js:130:28679)
    at MessagePortMain.emit (node:events:513:28)
    at Object.MessagePortMain._internalPort.emit (node:electron/js2c/utility_init:2:367) setContext undefined
2023-09-04 10:38:34.760 [error] Canceled: Canceled
    at Object.I [as $4] (/usr/share/code/resources/app/out/vs/workbench/api/node/extensionHostProcess.js:10:1032)
    at /usr/share/code/resources/app/out/vs/workbench/api/node/extensionHostProcess.js:114:4817
    at Array.forEach (<anonymous>)
    at t.dispose (/usr/share/code/resources/app/out/vs/workbench/api/node/extensionHostProcess.js:114:4782)
    at r.terminate (/usr/share/code/resources/app/out/vs/workbench/api/node/extensionHostProcess.js:116:7818)
    at s.terminate (/usr/share/code/resources/app/out/vs/workbench/api/node/extensionHostProcess.js:120:1506)
    at C (/usr/share/code/resources/app/out/vs/workbench/api/node/extensionHostProcess.js:130:32254)
    at MessagePortMain.<anonymous> (/usr/share/code/resources/app/out/vs/workbench/api/node/extensionHostProcess.js:130:28679)
    at MessagePortMain.emit (node:events:513:28)
    at Object.MessagePortMain._internalPort.emit (node:electron/js2c/utility_init:2:367) setContext undefined
2023-09-04 10:38:34.776 [error] Canceled: Canceled
    at new h (/usr/share/code/resources/app/out/vs/workbench/api/node/extensionHostProcess.js:102:56634)
    at t.O (/usr/share/code/resources/app/out/vs/workbench/api/node/extensionHostProcess.js:114:8020)
    at Proxy.N.<computed>.T.charCodeAt.N.<computed> (/usr/share/code/resources/app/out/vs/workbench/api/node/extensionHostProcess.js:114:5459)
    at a.g (/usr/share/code/resources/app/out/vs/workbench/api/node/extensionHostProcess.js:102:77241)
    at a.executeCommand (/usr/share/code/resources/app/out/vs/workbench/api/node/extensionHostProcess.js:102:76679)
    at v.registerCommand.description (/usr/share/code/resources/app/out/vs/workbench/api/node/extensionHostProcess.js:102:76000)
    at a.h (/usr/share/code/resources/app/out/vs/workbench/api/node/extensionHostProcess.js:102:77777)
    at a.g (/usr/share/code/resources/app/out/vs/workbench/api/node/extensionHostProcess.js:102:76772)
    at a.executeCommand (/usr/share/code/resources/app/out/vs/workbench/api/node/extensionHostProcess.js:102:76679)
    at Object.executeCommand (/usr/share/code/resources/app/out/vs/workbench/api/node/extensionHostProcess.js:120:20977)
    at r.D [as value] (/usr/share/code/resources/app/extensions/git/dist/main.js:2:1261690)
    at f.w (/usr/share/code/resources/app/out/vs/workbench/api/node/extensionHostProcess.js:63:1902)
    at f.x (/usr/share/code/resources/app/out/vs/workbench/api/node/extensionHostProcess.js:63:1972)
    at fire (/usr/share/code/resources/app/out/vs/workbench/api/node/extensionHostProcess.js:63:2188)
    at Object.m [as dispose] (/usr/share/code/resources/app/extensions/git/dist/main.js:2:1277293)
    at /usr/share/code/resources/app/extensions/git/dist/main.js:2:1282023
    at Array.forEach (<anonymous>)
    at g.dispose (/usr/share/code/resources/app/extensions/git/dist/main.js:2:1282009)
    at p.<anonymous> (/usr/share/code/resources/app/out/vs/workbench/api/node/extensionHostProcess.js:98:3381)
    at p.dispose (/usr/share/code/resources/app/out/vs/workbench/api/node/extensionHostProcess.js:98:3478)
    at p.<anonymous> (/usr/share/code/resources/app/extensions/git/dist/main.js:2:1263703)
    at p.dispose (/usr/share/code/resources/app/out/vs/workbench/api/node/extensionHostProcess.js:98:3478)
    at S (/usr/share/code/resources/app/out/vs/workbench/api/node/extensionHostProcess.js:13:11731)
    at r.Z (/usr/share/code/resources/app/out/vs/workbench/api/node/extensionHostProcess.js:116:9686)
    at /usr/share/code/resources/app/out/vs/workbench/api/node/extensionHostProcess.js:116:7582
    at Array.map (<anonymous>)
    at r.S (/usr/share/code/resources/app/out/vs/workbench/api/node/extensionHostProcess.js:116:7570)
    at r.terminate (/usr/share/code/resources/app/out/vs/workbench/api/node/extensionHostProcess.js:116:7842)
    at s.terminate (/usr/share/code/resources/app/out/vs/workbench/api/node/extensionHostProcess.js:120:1506)
    at C (/usr/share/code/resources/app/out/vs/workbench/api/node/extensionHostProcess.js:130:32254)
    at MessagePortMain.<anonymous> (/usr/share/code/resources/app/out/vs/workbench/api/node/extensionHostProcess.js:130:28679)
    at MessagePortMain.emit (node:events:513:28)
    at Object.MessagePortMain._internalPort.emit (node:electron/js2c/utility_init:2:367) setContext undefined
2023-09-04 10:38:34.784 [error] Canceled: Canceled
    at new h (/usr/share/code/resources/app/out/vs/workbench/api/node/extensionHostProcess.js:102:56634)
    at t.O (/usr/share/code/resources/app/out/vs/workbench/api/node/extensionHostProcess.js:114:8020)
    at Proxy.N.<computed>.T.charCodeAt.N.<computed> (/usr/share/code/resources/app/out/vs/workbench/api/node/extensionHostProcess.js:114:5459)
    at a.g (/usr/share/code/resources/app/out/vs/workbench/api/node/extensionHostProcess.js:102:77241)
    at a.executeCommand (/usr/share/code/resources/app/out/vs/workbench/api/node/extensionHostProcess.js:102:76679)
    at v.registerCommand.description (/usr/share/code/resources/app/out/vs/workbench/api/node/extensionHostProcess.js:102:76000)
    at a.h (/usr/share/code/resources/app/out/vs/workbench/api/node/extensionHostProcess.js:102:77777)
    at a.g (/usr/share/code/resources/app/out/vs/workbench/api/node/extensionHostProcess.js:102:76772)
    at a.executeCommand (/usr/share/code/resources/app/out/vs/workbench/api/node/extensionHostProcess.js:102:76679)
    at Object.executeCommand (/usr/share/code/resources/app/out/vs/workbench/api/node/extensionHostProcess.js:120:20977)
    at t.$Ne.set b [as b] (/usr/share/code/resources/app/extensions/github/dist/extension.js:2:676183)
    at /usr/share/code/resources/app/extensions/github/dist/extension.js:2:676827
    at r.value (/usr/share/code/resources/app/extensions/git/dist/main.js:2:1349176)
    at f.w (/usr/share/code/resources/app/out/vs/workbench/api/node/extensionHostProcess.js:63:1902)
    at f.x (/usr/share/code/resources/app/out/vs/workbench/api/node/extensionHostProcess.js:63:1972)
    at fire (/usr/share/code/resources/app/out/vs/workbench/api/node/extensionHostProcess.js:63:2188)
    at Object.m [as dispose] (/usr/share/code/resources/app/extensions/git/dist/main.js:2:1277293)
    at /usr/share/code/resources/app/extensions/git/dist/main.js:2:1282023
    at Array.forEach (<anonymous>)
    at g.dispose (/usr/share/code/resources/app/extensions/git/dist/main.js:2:1282009)
    at p.<anonymous> (/usr/share/code/resources/app/out/vs/workbench/api/node/extensionHostProcess.js:98:3381)
    at p.dispose (/usr/share/code/resources/app/out/vs/workbench/api/node/extensionHostProcess.js:98:3478)
    at p.<anonymous> (/usr/share/code/resources/app/extensions/git/dist/main.js:2:1263703)
    at p.dispose (/usr/share/code/resources/app/out/vs/workbench/api/node/extensionHostProcess.js:98:3478)
    at S (/usr/share/code/resources/app/out/vs/workbench/api/node/extensionHostProcess.js:13:11731)
    at r.Z (/usr/share/code/resources/app/out/vs/workbench/api/node/extensionHostProcess.js:116:9686)
    at /usr/share/code/resources/app/out/vs/workbench/api/node/extensionHostProcess.js:116:7582
    at Array.map (<anonymous>)
    at r.S (/usr/share/code/resources/app/out/vs/workbench/api/node/extensionHostProcess.js:116:7570)
    at r.terminate (/usr/share/code/resources/app/out/vs/workbench/api/node/extensionHostProcess.js:116:7842)
    at s.terminate (/usr/share/code/resources/app/out/vs/workbench/api/node/extensionHostProcess.js:120:1506)
    at C (/usr/share/code/resources/app/out/vs/workbench/api/node/extensionHostProcess.js:130:32254)
    at MessagePortMain.<anonymous> (/usr/share/code/resources/app/out/vs/workbench/api/node/extensionHostProcess.js:130:28679)
    at MessagePortMain.emit (node:events:513:28)
    at Object.MessagePortMain._internalPort.emit (node:electron/js2c/utility_init:2:367) setContext undefined
2023-09-04 10:38:34.798 [error] Canceled: Canceled
    at new h (/usr/share/code/resources/app/out/vs/workbench/api/node/extensionHostProcess.js:102:56634)
    at t.O (/usr/share/code/resources/app/out/vs/workbench/api/node/extensionHostProcess.js:114:8020)
    at Proxy.N.<computed>.T.charCodeAt.N.<computed> (/usr/share/code/resources/app/out/vs/workbench/api/node/extensionHostProcess.js:114:5459)
    at a.g (/usr/share/code/resources/app/out/vs/workbench/api/node/extensionHostProcess.js:102:77241)
    at a.executeCommand (/usr/share/code/resources/app/out/vs/workbench/api/node/extensionHostProcess.js:102:76679)
    at v.registerCommand.description (/usr/share/code/resources/app/out/vs/workbench/api/node/extensionHostProcess.js:102:76000)
    at a.h (/usr/share/code/resources/app/out/vs/workbench/api/node/extensionHostProcess.js:102:77777)
    at a.g (/usr/share/code/resources/app/out/vs/workbench/api/node/extensionHostProcess.js:102:76772)
    at a.executeCommand (/usr/share/code/resources/app/out/vs/workbench/api/node/extensionHostProcess.js:102:76679)
    at Object.executeCommand (/usr/share/code/resources/app/out/vs/workbench/api/node/extensionHostProcess.js:120:20977)
    at g (/home/burgos/.vscode/extensions/eamodio.gitlens-14.2.1/dist/gitlens.js:1:958295)
    at c (/home/burgos/.vscode/extensions/eamodio.gitlens-14.2.1/dist/gitlens.js:1:962923)
    at ActionRunners._updateContextKeys (/home/burgos/.vscode/extensions/eamodio.gitlens-14.2.1/dist/gitlens.js:1:38282)
    at s (/home/burgos/.vscode/extensions/eamodio.gitlens-14.2.1/dist/gitlens.js:1:36701)
    at RegisteredActionRunner.unregister (/home/burgos/.vscode/extensions/eamodio.gitlens-14.2.1/dist/gitlens.js:1:36845)
    at RegisteredActionRunner.dispose (/home/burgos/.vscode/extensions/eamodio.gitlens-14.2.1/dist/gitlens.js:1:35508)
    at ActionRunners.dispose (/home/burgos/.vscode/extensions/eamodio.gitlens-14.2.1/dist/gitlens.js:1:36287)
    at /home/burgos/.vscode/extensions/eamodio.gitlens-14.2.1/dist/gitlens.js:1:680104
    at Array.forEach (<anonymous>)
    at Object.dispose (/home/burgos/.vscode/extensions/eamodio.gitlens-14.2.1/dist/gitlens.js:1:680089)
    at S (/usr/share/code/resources/app/out/vs/workbench/api/node/extensionHostProcess.js:13:11731)
    at r.Z (/usr/share/code/resources/app/out/vs/workbench/api/node/extensionHostProcess.js:116:9686)
    at /usr/share/code/resources/app/out/vs/workbench/api/node/extensionHostProcess.js:116:7582
    at Array.map (<anonymous>)
    at r.S (/usr/share/code/resources/app/out/vs/workbench/api/node/extensionHostProcess.js:116:7570)
    at r.terminate (/usr/share/code/resources/app/out/vs/workbench/api/node/extensionHostProcess.js:116:7842)
    at s.terminate (/usr/share/code/resources/app/out/vs/workbench/api/node/extensionHostProcess.js:120:1506)
    at C (/usr/share/code/resources/app/out/vs/workbench/api/node/extensionHostProcess.js:130:32254)
    at MessagePortMain.<anonymous> (/usr/share/code/resources/app/out/vs/workbench/api/node/extensionHostProcess.js:130:28679)
    at MessagePortMain.emit (node:events:513:28)
    at Object.MessagePortMain._internalPort.emit (node:electron/js2c/utility_init:2:367) setContext undefined
2023-09-04 10:38:34.799 [error] Canceled: Canceled
    at new h (/usr/share/code/resources/app/out/vs/workbench/api/node/extensionHostProcess.js:102:56634)
    at t.O (/usr/share/code/resources/app/out/vs/workbench/api/node/extensionHostProcess.js:114:8020)
    at Proxy.N.<computed>.T.charCodeAt.N.<computed> (/usr/share/code/resources/app/out/vs/workbench/api/node/extensionHostProcess.js:114:5459)
    at a.g (/usr/share/code/resources/app/out/vs/workbench/api/node/extensionHostProcess.js:102:77241)
    at a.executeCommand (/usr/share/code/resources/app/out/vs/workbench/api/node/extensionHostProcess.js:102:76679)
    at v.registerCommand.description (/usr/share/code/resources/app/out/vs/workbench/api/node/extensionHostProcess.js:102:76000)
    at a.h (/usr/share/code/resources/app/out/vs/workbench/api/node/extensionHostProcess.js:102:77777)
    at a.g (/usr/share/code/resources/app/out/vs/workbench/api/node/extensionHostProcess.js:102:76772)
    at a.executeCommand (/usr/share/code/resources/app/out/vs/workbench/api/node/extensionHostProcess.js:102:76679)
    at Object.executeCommand (/usr/share/code/resources/app/out/vs/workbench/api/node/extensionHostProcess.js:120:20977)
    at g (/home/burgos/.vscode/extensions/eamodio.gitlens-14.2.1/dist/gitlens.js:1:958295)
    at c (/home/burgos/.vscode/extensions/eamodio.gitlens-14.2.1/dist/gitlens.js:1:962923)
    at ActionRunners._updateContextKeys (/home/burgos/.vscode/extensions/eamodio.gitlens-14.2.1/dist/gitlens.js:1:38282)
    at s (/home/burgos/.vscode/extensions/eamodio.gitlens-14.2.1/dist/gitlens.js:1:36701)
    at RegisteredActionRunner.unregister (/home/burgos/.vscode/extensions/eamodio.gitlens-14.2.1/dist/gitlens.js:1:36845)
    at RegisteredActionRunner.dispose (/home/burgos/.vscode/extensions/eamodio.gitlens-14.2.1/dist/gitlens.js:1:35508)
    at ActionRunners.dispose (/home/burgos/.vscode/extensions/eamodio.gitlens-14.2.1/dist/gitlens.js:1:36287)
    at /home/burgos/.vscode/extensions/eamodio.gitlens-14.2.1/dist/gitlens.js:1:680104
    at Array.forEach (<anonymous>)
    at Object.dispose (/home/burgos/.vscode/extensions/eamodio.gitlens-14.2.1/dist/gitlens.js:1:680089)
    at S (/usr/share/code/resources/app/out/vs/workbench/api/node/extensionHostProcess.js:13:11731)
    at r.Z (/usr/share/code/resources/app/out/vs/workbench/api/node/extensionHostProcess.js:116:9686)
    at /usr/share/code/resources/app/out/vs/workbench/api/node/extensionHostProcess.js:116:7582
    at Array.map (<anonymous>)
    at r.S (/usr/share/code/resources/app/out/vs/workbench/api/node/extensionHostProcess.js:116:7570)
    at r.terminate (/usr/share/code/resources/app/out/vs/workbench/api/node/extensionHostProcess.js:116:7842)
    at s.terminate (/usr/share/code/resources/app/out/vs/workbench/api/node/extensionHostProcess.js:120:1506)
    at C (/usr/share/code/resources/app/out/vs/workbench/api/node/extensionHostProcess.js:130:32254)
    at MessagePortMain.<anonymous> (/usr/share/code/resources/app/out/vs/workbench/api/node/extensionHostProcess.js:130:28679)
    at MessagePortMain.emit (node:events:513:28)
    at Object.MessagePortMain._internalPort.emit (node:electron/js2c/utility_init:2:367) setContext undefined
2023-09-04 10:38:34.800 [error] Canceled: Canceled
    at new h (/usr/share/code/resources/app/out/vs/workbench/api/node/extensionHostProcess.js:102:56634)
    at t.O (/usr/share/code/resources/app/out/vs/workbench/api/node/extensionHostProcess.js:114:8020)
    at Proxy.N.<computed>.T.charCodeAt.N.<computed> (/usr/share/code/resources/app/out/vs/workbench/api/node/extensionHostProcess.js:114:5459)
    at a.g (/usr/share/code/resources/app/out/vs/workbench/api/node/extensionHostProcess.js:102:77241)
    at a.executeCommand (/usr/share/code/resources/app/out/vs/workbench/api/node/extensionHostProcess.js:102:76679)
    at v.registerCommand.description (/usr/share/code/resources/app/out/vs/workbench/api/node/extensionHostProcess.js:102:76000)
    at a.h (/usr/share/code/resources/app/out/vs/workbench/api/node/extensionHostProcess.js:102:77777)
    at a.g (/usr/share/code/resources/app/out/vs/workbench/api/node/extensionHostProcess.js:102:76772)
    at a.executeCommand (/usr/share/code/resources/app/out/vs/workbench/api/node/extensionHostProcess.js:102:76679)
    at Object.executeCommand (/usr/share/code/resources/app/out/vs/workbench/api/node/extensionHostProcess.js:120:20977)
    at g (/home/burgos/.vscode/extensions/eamodio.gitlens-14.2.1/dist/gitlens.js:1:958295)
    at c (/home/burgos/.vscode/extensions/eamodio.gitlens-14.2.1/dist/gitlens.js:1:962923)
    at ActionRunners._updateContextKeys (/home/burgos/.vscode/extensions/eamodio.gitlens-14.2.1/dist/gitlens.js:1:38282)
    at s (/home/burgos/.vscode/extensions/eamodio.gitlens-14.2.1/dist/gitlens.js:1:36701)
    at RegisteredActionRunner.unregister (/home/burgos/.vscode/extensions/eamodio.gitlens-14.2.1/dist/gitlens.js:1:36845)
    at RegisteredActionRunner.dispose (/home/burgos/.vscode/extensions/eamodio.gitlens-14.2.1/dist/gitlens.js:1:35508)
    at ActionRunners.dispose (/home/burgos/.vscode/extensions/eamodio.gitlens-14.2.1/dist/gitlens.js:1:36287)
    at /home/burgos/.vscode/extensions/eamodio.gitlens-14.2.1/dist/gitlens.js:1:680104
    at Array.forEach (<anonymous>)
    at Object.dispose (/home/burgos/.vscode/extensions/eamodio.gitlens-14.2.1/dist/gitlens.js:1:680089)
    at S (/usr/share/code/resources/app/out/vs/workbench/api/node/extensionHostProcess.js:13:11731)
    at r.Z (/usr/share/code/resources/app/out/vs/workbench/api/node/extensionHostProcess.js:116:9686)
    at /usr/share/code/resources/app/out/vs/workbench/api/node/extensionHostProcess.js:116:7582
    at Array.map (<anonymous>)
    at r.S (/usr/share/code/resources/app/out/vs/workbench/api/node/extensionHostProcess.js:116:7570)
    at r.terminate (/usr/share/code/resources/app/out/vs/workbench/api/node/extensionHostProcess.js:116:7842)
    at s.terminate (/usr/share/code/resources/app/out/vs/workbench/api/node/extensionHostProcess.js:120:1506)
    at C (/usr/share/code/resources/app/out/vs/workbench/api/node/extensionHostProcess.js:130:32254)
    at MessagePortMain.<anonymous> (/usr/share/code/resources/app/out/vs/workbench/api/node/extensionHostProcess.js:130:28679)
    at MessagePortMain.emit (node:events:513:28)
    at Object.MessagePortMain._internalPort.emit (node:electron/js2c/utility_init:2:367) setContext undefined
2023-09-04 10:38:34.800 [error] Canceled: Canceled
    at new h (/usr/share/code/resources/app/out/vs/workbench/api/node/extensionHostProcess.js:102:56634)
    at t.O (/usr/share/code/resources/app/out/vs/workbench/api/node/extensionHostProcess.js:114:8020)
    at Proxy.N.<computed>.T.charCodeAt.N.<computed> (/usr/share/code/resources/app/out/vs/workbench/api/node/extensionHostProcess.js:114:5459)
    at a.g (/usr/share/code/resources/app/out/vs/workbench/api/node/extensionHostProcess.js:102:77241)
    at a.executeCommand (/usr/share/code/resources/app/out/vs/workbench/api/node/extensionHostProcess.js:102:76679)
    at v.registerCommand.description (/usr/share/code/resources/app/out/vs/workbench/api/node/extensionHostProcess.js:102:76000)
    at a.h (/usr/share/code/resources/app/out/vs/workbench/api/node/extensionHostProcess.js:102:77777)
    at a.g (/usr/share/code/resources/app/out/vs/workbench/api/node/extensionHostProcess.js:102:76772)
    at a.executeCommand (/usr/share/code/resources/app/out/vs/workbench/api/node/extensionHostProcess.js:102:76679)
    at Object.executeCommand (/usr/share/code/resources/app/out/vs/workbench/api/node/extensionHostProcess.js:120:20977)
    at g (/home/burgos/.vscode/extensions/eamodio.gitlens-14.2.1/dist/gitlens.js:1:958295)
    at c (/home/burgos/.vscode/extensions/eamodio.gitlens-14.2.1/dist/gitlens.js:1:962923)
    at ActionRunners._updateContextKeys (/home/burgos/.vscode/extensions/eamodio.gitlens-14.2.1/dist/gitlens.js:1:38282)
    at s (/home/burgos/.vscode/extensions/eamodio.gitlens-14.2.1/dist/gitlens.js:1:36701)
    at RegisteredActionRunner.unregister (/home/burgos/.vscode/extensions/eamodio.gitlens-14.2.1/dist/gitlens.js:1:36845)
    at RegisteredActionRunner.dispose (/home/burgos/.vscode/extensions/eamodio.gitlens-14.2.1/dist/gitlens.js:1:35508)
    at Object.dispose (/home/burgos/.vscode/extensions/eamodio.gitlens-14.2.1/dist/gitlens.js:1:36942)
    at S (/usr/share/code/resources/app/out/vs/workbench/api/node/extensionHostProcess.js:13:11731)
    at r.Z (/usr/share/code/resources/app/out/vs/workbench/api/node/extensionHostProcess.js:116:9686)
    at /usr/share/code/resources/app/out/vs/workbench/api/node/extensionHostProcess.js:116:7582
    at Array.map (<anonymous>)
    at r.S (/usr/share/code/resources/app/out/vs/workbench/api/node/extensionHostProcess.js:116:7570)
    at r.terminate (/usr/share/code/resources/app/out/vs/workbench/api/node/extensionHostProcess.js:116:7842)
    at s.terminate (/usr/share/code/resources/app/out/vs/workbench/api/node/extensionHostProcess.js:120:1506)
    at C (/usr/share/code/resources/app/out/vs/workbench/api/node/extensionHostProcess.js:130:32254)
    at MessagePortMain.<anonymous> (/usr/share/code/resources/app/out/vs/workbench/api/node/extensionHostProcess.js:130:28679)
    at MessagePortMain.emit (node:events:513:28)
    at Object.MessagePortMain._internalPort.emit (node:electron/js2c/utility_init:2:367) setContext undefined
2023-09-04 10:38:34.801 [error] Canceled: Canceled
    at new h (/usr/share/code/resources/app/out/vs/workbench/api/node/extensionHostProcess.js:102:56634)
    at t.O (/usr/share/code/resources/app/out/vs/workbench/api/node/extensionHostProcess.js:114:8020)
    at Proxy.N.<computed>.T.charCodeAt.N.<computed> (/usr/share/code/resources/app/out/vs/workbench/api/node/extensionHostProcess.js:114:5459)
    at a.g (/usr/share/code/resources/app/out/vs/workbench/api/node/extensionHostProcess.js:102:77241)
    at a.executeCommand (/usr/share/code/resources/app/out/vs/workbench/api/node/extensionHostProcess.js:102:76679)
    at v.registerCommand.description (/usr/share/code/resources/app/out/vs/workbench/api/node/extensionHostProcess.js:102:76000)
    at a.h (/usr/share/code/resources/app/out/vs/workbench/api/node/extensionHostProcess.js:102:77777)
    at a.g (/usr/share/code/resources/app/out/vs/workbench/api/node/extensionHostProcess.js:102:76772)
    at a.executeCommand (/usr/share/code/resources/app/out/vs/workbench/api/node/extensionHostProcess.js:102:76679)
    at Object.executeCommand (/usr/share/code/resources/app/out/vs/workbench/api/node/extensionHostProcess.js:120:20977)
    at g (/home/burgos/.vscode/extensions/eamodio.gitlens-14.2.1/dist/gitlens.js:1:958295)
    at c (/home/burgos/.vscode/extensions/eamodio.gitlens-14.2.1/dist/gitlens.js:1:962923)
    at ActionRunners._updateContextKeys (/home/burgos/.vscode/extensions/eamodio.gitlens-14.2.1/dist/gitlens.js:1:38282)
    at s (/home/burgos/.vscode/extensions/eamodio.gitlens-14.2.1/dist/gitlens.js:1:36701)
    at RegisteredActionRunner.unregister (/home/burgos/.vscode/extensions/eamodio.gitlens-14.2.1/dist/gitlens.js:1:36845)
    at RegisteredActionRunner.dispose (/home/burgos/.vscode/extensions/eamodio.gitlens-14.2.1/dist/gitlens.js:1:35508)
    at Object.dispose (/home/burgos/.vscode/extensions/eamodio.gitlens-14.2.1/dist/gitlens.js:1:36942)
    at S (/usr/share/code/resources/app/out/vs/workbench/api/node/extensionHostProcess.js:13:11731)
    at r.Z (/usr/share/code/resources/app/out/vs/workbench/api/node/extensionHostProcess.js:116:9686)
    at /usr/share/code/resources/app/out/vs/workbench/api/node/extensionHostProcess.js:116:7582
    at Array.map (<anonymous>)
    at r.S (/usr/share/code/resources/app/out/vs/workbench/api/node/extensionHostProcess.js:116:7570)
    at r.terminate (/usr/share/code/resources/app/out/vs/workbench/api/node/extensionHostProcess.js:116:7842)
    at s.terminate (/usr/share/code/resources/app/out/vs/workbench/api/node/extensionHostProcess.js:120:1506)
    at C (/usr/share/code/resources/app/out/vs/workbench/api/node/extensionHostProcess.js:130:32254)
    at MessagePortMain.<anonymous> (/usr/share/code/resources/app/out/vs/workbench/api/node/extensionHostProcess.js:130:28679)
    at MessagePortMain.emit (node:events:513:28)
    at Object.MessagePortMain._internalPort.emit (node:electron/js2c/utility_init:2:367) setContext undefined
2023-09-04 10:38:34.802 [error] Canceled: Canceled
    at new h (/usr/share/code/resources/app/out/vs/workbench/api/node/extensionHostProcess.js:102:56634)
    at t.O (/usr/share/code/resources/app/out/vs/workbench/api/node/extensionHostProcess.js:114:8020)
    at Proxy.N.<computed>.T.charCodeAt.N.<computed> (/usr/share/code/resources/app/out/vs/workbench/api/node/extensionHostProcess.js:114:5459)
    at a.g (/usr/share/code/resources/app/out/vs/workbench/api/node/extensionHostProcess.js:102:77241)
    at a.executeCommand (/usr/share/code/resources/app/out/vs/workbench/api/node/extensionHostProcess.js:102:76679)
    at v.registerCommand.description (/usr/share/code/resources/app/out/vs/workbench/api/node/extensionHostProcess.js:102:76000)
    at a.h (/usr/share/code/resources/app/out/vs/workbench/api/node/extensionHostProcess.js:102:77777)
    at a.g (/usr/share/code/resources/app/out/vs/workbench/api/node/extensionHostProcess.js:102:76772)
    at a.executeCommand (/usr/share/code/resources/app/out/vs/workbench/api/node/extensionHostProcess.js:102:76679)
    at Object.executeCommand (/usr/share/code/resources/app/out/vs/workbench/api/node/extensionHostProcess.js:120:20977)
    at g (/home/burgos/.vscode/extensions/eamodio.gitlens-14.2.1/dist/gitlens.js:1:958295)
    at c (/home/burgos/.vscode/extensions/eamodio.gitlens-14.2.1/dist/gitlens.js:1:962923)
    at ActionRunners._updateContextKeys (/home/burgos/.vscode/extensions/eamodio.gitlens-14.2.1/dist/gitlens.js:1:38282)
    at s (/home/burgos/.vscode/extensions/eamodio.gitlens-14.2.1/dist/gitlens.js:1:36701)
    at RegisteredActionRunner.unregister (/home/burgos/.vscode/extensions/eamodio.gitlens-14.2.1/dist/gitlens.js:1:36845)
    at RegisteredActionRunner.dispose (/home/burgos/.vscode/extensions/eamodio.gitlens-14.2.1/dist/gitlens.js:1:35508)
    at Object.dispose (/home/burgos/.vscode/extensions/eamodio.gitlens-14.2.1/dist/gitlens.js:1:36942)
    at S (/usr/share/code/resources/app/out/vs/workbench/api/node/extensionHostProcess.js:13:11731)
    at r.Z (/usr/share/code/resources/app/out/vs/workbench/api/node/extensionHostProcess.js:116:9686)
    at /usr/share/code/resources/app/out/vs/workbench/api/node/extensionHostProcess.js:116:7582
    at Array.map (<anonymous>)
    at r.S (/usr/share/code/resources/app/out/vs/workbench/api/node/extensionHostProcess.js:116:7570)
    at r.terminate (/usr/share/code/resources/app/out/vs/workbench/api/node/extensionHostProcess.js:116:7842)
    at s.terminate (/usr/share/code/resources/app/out/vs/workbench/api/node/extensionHostProcess.js:120:1506)
    at C (/usr/share/code/resources/app/out/vs/workbench/api/node/extensionHostProcess.js:130:32254)
    at MessagePortMain.<anonymous> (/usr/share/code/resources/app/out/vs/workbench/api/node/extensionHostProcess.js:130:28679)
    at MessagePortMain.emit (node:events:513:28)
    at Object.MessagePortMain._internalPort.emit (node:electron/js2c/utility_init:2:367) setContext undefined
2023-09-04 10:38:34.856 [error] Canceled: Canceled
    at new h (/usr/share/code/resources/app/out/vs/workbench/api/node/extensionHostProcess.js:102:56634)
    at t.O (/usr/share/code/resources/app/out/vs/workbench/api/node/extensionHostProcess.js:114:8020)
    at Proxy.N.<computed>.T.charCodeAt.N.<computed> (/usr/share/code/resources/app/out/vs/workbench/api/node/extensionHostProcess.js:114:5459)
    at a.g (/usr/share/code/resources/app/out/vs/workbench/api/node/extensionHostProcess.js:102:77241)
    at a.executeCommand (/usr/share/code/resources/app/out/vs/workbench/api/node/extensionHostProcess.js:102:76679)
    at v.registerCommand.description (/usr/share/code/resources/app/out/vs/workbench/api/node/extensionHostProcess.js:102:76000)
    at a.h (/usr/share/code/resources/app/out/vs/workbench/api/node/extensionHostProcess.js:102:77777)
    at a.g (/usr/share/code/resources/app/out/vs/workbench/api/node/extensionHostProcess.js:102:76772)
    at a.executeCommand (/usr/share/code/resources/app/out/vs/workbench/api/node/extensionHostProcess.js:102:76679)
    at Object.executeCommand (/usr/share/code/resources/app/out/vs/workbench/api/node/extensionHostProcess.js:120:20977)
    at I.<anonymous> (/home/burgos/.vscode/extensions/msjsdiag.vscode-react-native-1.11.2/dist/rn-extension.js:21:433178)
    at Generator.next (<anonymous>)
    at s (/home/burgos/.vscode/extensions/msjsdiag.vscode-react-native-1.11.2/dist/rn-extension.js:21:428738)
    at processTicksAndRejections (node:internal/process/task_queues:96:5) setContext undefined
2023-09-04 10:38:34.857 [info] Extension host with pid 11187 exiting with code 0
