2023-09-01 12:23:32.753 [info] Added views:workbench.panel.markers.view in workbench.panel.markers
2023-09-01 12:23:32.753 [info] Added views:workbench.panel.output in workbench.panel.output
2023-09-01 12:23:32.753 [info] Added views:terminal in terminal
2023-09-01 12:23:32.753 [info] Added views:outline in workbench.view.explorer
2023-09-01 12:23:32.753 [info] Added views:workbench.scm in workbench.view.scm
2023-09-01 12:23:32.753 [info] Added views:workbench.view.search in workbench.view.search
2023-09-01 12:23:32.753 [info] Added views:timeline in workbench.view.explorer
2023-09-01 12:23:32.753 [info] Added views:workbench.explorer.fileView in workbench.view.explorer
2023-09-01 12:23:33.209 [info] Added views:pythonEnvironments in workbench.view.extension.package-explorer
2023-09-01 12:23:33.210 [info] Added views:gitlens.views.home,gitlens.views.workspaces,gitlens.views.account in workbench.view.extension.gitlens
2023-09-01 12:23:33.211 [info] Added views:gitlens.views.commitDetails,gitlens.views.lineHistory,gitlens.views.fileHistory,gitlens.views.searchAndCompare in workbench.view.extension.gitlensInspect
2023-09-01 12:23:33.212 [info] Added views:gitlens.views.commits,gitlens.views.branches,gitlens.views.remotes,gitlens.views.stashes,gitlens.views.tags in workbench.view.scm
2023-09-01 12:23:33.212 [info] Added views:pr:github,issues:github in workbench.view.extension.github-pull-requests
2023-09-01 12:23:33.213 [info] Added views:PowerShellCommands in workbench.view.extension.PowerShell
2023-09-01 12:23:33.510 [info] Added views:workbench.debug.welcome in workbench.view.debug
2023-09-01 12:23:33.633 [info] Added views:workbench.panel.repl.view in workbench.panel.repl
2023-09-01 12:23:36.314 [info] Added views:workbench.panel.comments in workbench.panel.comments
2023-09-01 12:23:36.424 [info] Added views:gitlens.views.graph,gitlens.views.graphDetails in workbench.view.extension.gitlensPanel
2023-09-01 12:23:36.426 [info] Added views:gitlens.views.timeline in workbench.view.extension.gitlensInspect
2023-09-01 12:23:36.427 [info] Added views:gitlens.views.worktrees in workbench.view.scm
2023-09-01 12:23:38.407 [info] Added views:github:activePullRequest:welcome in workbench.view.extension.github-pull-request
2023-09-01 12:23:38.414 [info] Added views:prStatus:github,github:activePullRequest in workbench.view.extension.github-pull-request
2023-09-01 12:23:41.996 [info] Removed views:github:activePullRequest:welcome from workbench.view.extension.github-pull-request
2023-09-01 15:11:59.979 [info] Removed views:github:activePullRequest,prStatus:github from workbench.view.extension.github-pull-request
