2023-09-01 09:59:55.433 [info] Extension host with pid 8166 started
2023-09-01 09:59:55.433 [info] Skipping acquiring lock for /home/burgos/.config/Code/User/workspaceStorage/ca1230cbd30060aff18e0c8add9e494f.
2023-09-01 09:59:55.607 [info] ExtensionService#_doActivateExtension vscode.emmet, startup: false, activationEvent: 'onLanguage'
2023-09-01 09:59:55.618 [info] ExtensionService#_doActivateExtension vscode.extension-editing, startup: false, activationEvent: 'onLanguage:json'
2023-09-01 09:59:55.625 [info] ExtensionService#_doActivateExtension vscode.json-language-features, startup: false, activationEvent: 'onLanguage:json'
2023-09-01 09:59:55.656 [info] ExtensionService#_doActivateExtension vscode.npm, startup: false, activationEvent: 'onLanguage:json'
2023-09-01 09:59:56.162 [info] ExtensionService#_doActivateExtension vscode.git-base, startup: true, activationEvent: '*', root cause: vscode.git
2023-09-01 09:59:56.165 [info] ExtensionService#_doActivateExtension christian-kohler.path-intellisense, startup: true, activationEvent: '*'
2023-09-01 09:59:56.183 [info] ExtensionService#_doActivateExtension ecmel.vscode-html-css, startup: true, activationEvent: '*'
2023-09-01 09:59:56.207 [info] ExtensionService#_doActivateExtension formulahendry.auto-rename-tag, startup: true, activationEvent: '*'
2023-09-01 09:59:56.219 [info] ExtensionService#_doActivateExtension gencer.html-slim-scss-css-class-completion, startup: true, activationEvent: '*'
2023-09-01 09:59:56.778 [info] ExtensionService#_doActivateExtension kisstkondoros.vscode-gutter-preview, startup: true, activationEvent: '*'
2023-09-01 09:59:56.791 [info] ExtensionService#_doActivateExtension mhutchie.git-graph, startup: true, activationEvent: '*'
2023-09-01 09:59:56.816 [info] ExtensionService#_doActivateExtension michelemelluso.code-beautifier, startup: true, activationEvent: '*'
2023-09-01 09:59:56.841 [info] ExtensionService#_doActivateExtension naumovs.color-highlight, startup: true, activationEvent: '*'
2023-09-01 09:59:56.848 [info] ExtensionService#_doActivateExtension Zignd.html-css-class-completion, startup: true, activationEvent: '*'
2023-09-01 09:59:56.928 [info] ExtensionService#_doActivateExtension ms-vscode.js-debug, startup: true, activationEvent: 'workspaceContains:node_modules/react-native', root cause: msjsdiag.vscode-react-native
2023-09-01 09:59:57.085 [error] Activating extension Zignd.html-css-class-completion failed due to an error:
2023-09-01 09:59:57.085 [error] Error: command 'html-css-class-completion.cache' already exists
    at a.registerCommand (/usr/share/code/resources/app/out/vs/workbench/api/node/extensionHostProcess.js:102:76383)
    at Object.registerCommand (/usr/share/code/resources/app/out/vs/workbench/api/node/extensionHostProcess.js:120:20180)
    at /home/burgos/.vscode/extensions/zignd.html-css-class-completion-1.20.0/dist/extension.js:2:949745
    at Generator.next (<anonymous>)
    at /home/burgos/.vscode/extensions/zignd.html-css-class-completion-1.20.0/dist/extension.js:2:945427
    at new Promise (<anonymous>)
    at a (/home/burgos/.vscode/extensions/zignd.html-css-class-completion-1.20.0/dist/extension.js:2:945172)
    at t.activate (/home/burgos/.vscode/extensions/zignd.html-css-class-completion-1.20.0/dist/extension.js:2:949006)
    at Function.eb (/usr/share/code/resources/app/out/vs/workbench/api/node/extensionHostProcess.js:116:13102)
    at Function.db (/usr/share/code/resources/app/out/vs/workbench/api/node/extensionHostProcess.js:116:12816)
    at /usr/share/code/resources/app/out/vs/workbench/api/node/extensionHostProcess.js:116:10913
    at p.n (/usr/share/code/resources/app/out/vs/workbench/api/node/extensionHostProcess.js:102:6206)
    at p.m (/usr/share/code/resources/app/out/vs/workbench/api/node/extensionHostProcess.js:102:6169)
    at p.l (/usr/share/code/resources/app/out/vs/workbench/api/node/extensionHostProcess.js:102:5626)
2023-09-01 09:59:57.161 [info] ExtensionService#_doActivateExtension vscode.git, startup: true, activationEvent: '*'
2023-09-01 09:59:57.194 [info] ExtensionService#_doActivateExtension vscode.github, startup: true, activationEvent: '*'
2023-09-01 09:59:57.224 [info] ExtensionService#_doActivateExtension msjsdiag.vscode-react-native, startup: true, activationEvent: 'workspaceContains:node_modules/react-native'
2023-09-01 09:59:57.530 [info] Eager extensions activated
2023-09-01 09:59:57.563 [info] ExtensionService#_doActivateExtension vscode.debug-auto-launch, startup: false, activationEvent: 'onStartupFinished'
2023-09-01 09:59:57.566 [info] ExtensionService#_doActivateExtension vscode.merge-conflict, startup: false, activationEvent: 'onStartupFinished'
2023-09-01 09:59:57.575 [info] ExtensionService#_doActivateExtension dsznajder.es7-react-js-snippets, startup: false, activationEvent: 'onStartupFinished'
2023-09-01 09:59:57.804 [info] ExtensionService#_doActivateExtension eamodio.gitlens, startup: false, activationEvent: 'onStartupFinished'
2023-09-01 09:59:57.844 [info] ExtensionService#_doActivateExtension esbenp.prettier-vscode, startup: false, activationEvent: 'onStartupFinished'
2023-09-01 09:59:57.884 [info] ExtensionService#_doActivateExtension vscode.github-authentication, startup: false, activationEvent: 'onStartupFinished', root cause: GitHub.vscode-pull-request-github
2023-09-01 09:59:57.898 [info] ExtensionService#_doActivateExtension ms-vscode-remote.remote-wsl, startup: false, activationEvent: 'onStartupFinished'
2023-09-01 09:59:57.922 [info] ExtensionService#_doActivateExtension PKief.material-icon-theme, startup: false, activationEvent: 'onStartupFinished'
2023-09-01 09:59:58.284 [info] ExtensionService#_doActivateExtension GitHub.vscode-pull-request-github, startup: false, activationEvent: 'onStartupFinished'
2023-09-01 09:59:58.715 [info] ExtensionService#_doActivateExtension vscode.microsoft-authentication, startup: false, activationEvent: 'onAuthenticationRequest:microsoft'
2023-09-01 09:59:58.845 [info] ExtensionService#_doActivateExtension vscode.typescript-language-features, startup: false, activationEvent: 'onLanguage:jsonc'
2023-09-01 10:00:15.610 [warning] TextEditor is closed/disposed
2023-09-01 10:00:15.809 [info] ExtensionService#_doActivateExtension Prisma.prisma, startup: false, activationEvent: 'onLanguage:typescriptreact'
2023-09-01 10:00:18.053 [warning] TextEditor is closed/disposed
2023-09-01 13:42:36.607 [warning] TextEditor is closed/disposed
