2023-09-01 09:59:54.734 [info] Added views:workbench.panel.markers.view in workbench.panel.markers
2023-09-01 09:59:54.734 [info] Added views:workbench.panel.output in workbench.panel.output
2023-09-01 09:59:54.734 [info] Added views:terminal in terminal
2023-09-01 09:59:54.734 [info] Added views:outline in workbench.view.explorer
2023-09-01 09:59:54.734 [info] Added views:workbench.scm in workbench.view.scm
2023-09-01 09:59:54.734 [info] Added views:workbench.view.search in workbench.view.search
2023-09-01 09:59:54.734 [info] Added views:timeline in workbench.view.explorer
2023-09-01 09:59:54.734 [info] Added views:workbench.explorer.fileView in workbench.view.explorer
2023-09-01 09:59:54.992 [info] Added views:workbench.debug.welcome in workbench.view.debug
2023-09-01 09:59:55.274 [info] Added views:pythonEnvironments in workbench.view.extension.package-explorer
2023-09-01 09:59:55.274 [info] Added views:gitlens.views.home,gitlens.views.workspaces,gitlens.views.account in workbench.view.extension.gitlens
2023-09-01 09:59:55.274 [info] Added views:gitlens.views.commitDetails,gitlens.views.lineHistory,gitlens.views.fileHistory,gitlens.views.searchAndCompare in workbench.view.extension.gitlensInspect
2023-09-01 09:59:55.275 [info] Added views:gitlens.views.commits,gitlens.views.branches,gitlens.views.remotes,gitlens.views.stashes,gitlens.views.tags in workbench.view.scm
2023-09-01 09:59:55.276 [info] Added views:pr:github,issues:github in workbench.view.extension.github-pull-requests
2023-09-01 09:59:55.277 [info] Added views:PowerShellCommands in workbench.view.extension.PowerShell
2023-09-01 09:59:55.609 [info] Added views:workbench.panel.repl.view in workbench.panel.repl
2023-09-01 09:59:59.225 [info] Added views:gitlens.views.graph,gitlens.views.graphDetails in workbench.view.extension.gitlensPanel
2023-09-01 09:59:59.226 [info] Added views:gitlens.views.timeline in workbench.view.extension.gitlensInspect
2023-09-01 09:59:59.227 [info] Added views:gitlens.views.worktrees in workbench.view.scm
2023-09-01 09:59:59.290 [info] Added views:workbench.panel.comments in workbench.panel.comments
2023-09-01 10:00:00.483 [info] Added views:github:activePullRequest:welcome in workbench.view.extension.github-pull-request
2023-09-01 10:00:00.494 [info] Removed views:github:activePullRequest:welcome from workbench.view.extension.github-pull-request
