2023-09-01 09:59:57.423 [info] Log level: Info
2023-09-01 09:59:57.423 [info] Validating found git in: "git"
2023-09-01 09:59:57.423 [info] Using git "2.34.1" from "git"
2023-09-01 09:59:57.423 [info] > git rev-parse --show-toplevel [4ms]
2023-09-01 09:59:57.423 [info] > git rev-parse --git-dir --git-common-dir [11ms]
2023-09-01 09:59:57.423 [info] Open repository: /home/burgos/code/casaludica.paint
2023-09-01 09:59:57.483 [info] > git config --get commit.template [48ms]
2023-09-01 09:59:57.511 [info] > git rev-parse --show-toplevel [4ms]
2023-09-01 09:59:57.511 [info] > git for-each-ref --format=%(refname)%00%(upstream:short)%00%(objectname)%00%(upstream:track)%00%(upstream:remotename)%00%(upstream:remoteref) refs/heads/master refs/remotes/master [15ms]
2023-09-01 09:59:57.544 [info] > git rev-parse --show-toplevel [3ms]
2023-09-01 09:59:57.555 [info] > git status -z -uall [34ms]
2023-09-01 09:59:57.972 [info] > git check-ignore -v -z --stdin [21ms]
2023-09-01 09:59:57.974 [info] > git fetch [556ms]
2023-09-01 09:59:57.975 [info] > git rev-parse --show-toplevel [421ms]
2023-09-01 09:59:58.170 [info] > git config --get commit.template [205ms]
2023-09-01 09:59:58.219 [info] > git config --get commit.template [86ms]
2023-09-01 09:59:58.269 [info] > git rev-parse --show-toplevel [2ms]
2023-09-01 09:59:58.269 [info] > git for-each-ref --format=%(refname)%00%(upstream:short)%00%(objectname)%00%(upstream:track)%00%(upstream:remotename)%00%(upstream:remoteref) refs/heads/master refs/remotes/master [16ms]
2023-09-01 09:59:58.281 [info] > git for-each-ref --format=%(refname)%00%(upstream:short)%00%(objectname)%00%(upstream:track)%00%(upstream:remotename)%00%(upstream:remoteref) refs/heads/master refs/remotes/master [41ms]
2023-09-01 09:59:58.367 [info] > git status -z -uall [86ms]
2023-09-01 09:59:58.421 [info] > git rev-parse --show-toplevel [16ms]
2023-09-01 09:59:58.505 [info] > git rev-parse --show-toplevel [19ms]
2023-09-01 09:59:58.548 [info] > git show --textconv :eas.json [14ms]
2023-09-01 09:59:58.548 [info] > git ls-files --stage -- /home/burgos/code/casaludica.paint/eas.json [4ms]
2023-09-01 09:59:58.589 [info] > git cat-file -s 97dda770daeb40f685669ed790b52506b4464ca7 [31ms]
2023-09-01 09:59:59.120 [info] > git show --textconv :package.json [59ms]
2023-09-01 09:59:59.120 [info] > git ls-files --stage -- /home/burgos/code/casaludica.paint/package.json [48ms]
2023-09-01 09:59:59.146 [info] > git cat-file -s ce274f82fdb9e0010034f8614535b433a2b27315 [13ms]
2023-09-01 09:59:59.489 [info] > git ls-files --stage -- /home/burgos/code/casaludica.paint/eas.json [12ms]
2023-09-01 09:59:59.527 [info] > git cat-file -s 97dda770daeb40f685669ed790b52506b4464ca7 [27ms]
2023-09-01 09:59:59.528 [info] > git ls-files --stage -- /home/burgos/code/casaludica.paint/package.json [41ms]
2023-09-01 09:59:59.544 [info] > git cat-file -s ce274f82fdb9e0010034f8614535b433a2b27315 [4ms]
2023-09-01 09:59:59.567 [info] > git show --textconv :eas.json [10ms]
2023-09-01 09:59:59.598 [info] > git show --textconv :package.json [18ms]
2023-09-01 09:59:59.983 [info] > git config --local branch.master.github-pr-owner-number [62ms]
2023-09-01 09:59:59.999 [info] > git config --get commit.template [3ms]
2023-09-01 10:00:00.014 [info] > git for-each-ref --format=%(refname)%00%(upstream:short)%00%(objectname)%00%(upstream:track)%00%(upstream:remotename)%00%(upstream:remoteref) refs/heads/master refs/remotes/master [2ms]
2023-09-01 10:00:00.080 [info] > git status -z -uall [55ms]
2023-09-01 10:00:16.516 [info] > git show --textconv :App.tsx [21ms]
2023-09-01 10:00:16.558 [info] > git ls-files --stage -- /home/burgos/code/casaludica.paint/App.tsx [44ms]
2023-09-01 10:00:16.573 [info] > git cat-file -s f2a4e4cb70367f33984d565cf72e82c4a9c21977 [1ms]
2023-09-01 10:00:18.445 [info] > git show --textconv :src/Router.tsx [13ms]
2023-09-01 10:00:18.446 [info] > git ls-files --stage -- /home/burgos/code/casaludica.paint/src/Router.tsx [1ms]
2023-09-01 10:00:18.458 [info] > git cat-file -s 7cedf51592086741ce55a19277856269063a9a4d [1ms]
2023-09-01 10:02:58.927 [info] > git fetch [546ms]
2023-09-01 10:02:58.951 [info] > git config --get commit.template [12ms]
2023-09-01 10:02:58.952 [info] > git for-each-ref --format=%(refname)%00%(upstream:short)%00%(objectname)%00%(upstream:track)%00%(upstream:remotename)%00%(upstream:remoteref) refs/heads/master refs/remotes/master [2ms]
2023-09-01 10:02:59.111 [info] > git status -z -uall [149ms]
2023-09-01 10:03:00.156 [info] > git config --get commit.template [1ms]
2023-09-01 10:03:00.168 [info] > git for-each-ref --format=%(refname)%00%(upstream:short)%00%(objectname)%00%(upstream:track)%00%(upstream:remotename)%00%(upstream:remoteref) refs/heads/master refs/remotes/master [1ms]
2023-09-01 10:03:00.206 [info] > git status -z -uall [27ms]
2023-09-01 10:03:00.291 [info] > git ls-files --stage -- /home/burgos/code/casaludica.paint/App.tsx [12ms]
2023-09-01 10:03:00.302 [info] > git ls-files --stage -- /home/burgos/code/casaludica.paint/package.json [34ms]
2023-09-01 10:03:00.313 [info] > git ls-files --stage -- /home/burgos/code/casaludica.paint/eas.json [56ms]
2023-09-01 10:03:00.324 [info] > git cat-file -s ce274f82fdb9e0010034f8614535b433a2b27315 [12ms]
2023-09-01 10:03:00.325 [info] > git cat-file -s f2a4e4cb70367f33984d565cf72e82c4a9c21977 [23ms]
2023-09-01 10:03:00.325 [info] > git ls-files --stage -- /home/burgos/code/casaludica.paint/src/Router.tsx [35ms]
2023-09-01 10:03:00.336 [info] > git cat-file -s 97dda770daeb40f685669ed790b52506b4464ca7 [13ms]
2023-09-01 10:03:00.359 [info] > git show --textconv :package.json [12ms]
2023-09-01 10:03:00.360 [info] > git cat-file -s 7cedf51592086741ce55a19277856269063a9a4d [25ms]
2023-09-01 10:03:00.372 [info] > git show --textconv :App.tsx [14ms]
2023-09-01 10:03:00.384 [info] > git show --textconv :eas.json [13ms]
2023-09-01 10:03:00.385 [info] > git show --textconv :src/Router.tsx [2ms]
2023-09-01 10:04:59.204 [info] > git config --local branch.master.github-pr-owner-number [1ms]
2023-09-01 10:04:59.220 [info] > git config --get commit.template [1ms]
2023-09-01 10:04:59.233 [info] > git for-each-ref --format=%(refname)%00%(upstream:short)%00%(objectname)%00%(upstream:track)%00%(upstream:remotename)%00%(upstream:remoteref) refs/heads/master refs/remotes/master [1ms]
2023-09-01 10:04:59.281 [info] > git status -z -uall [38ms]
2023-09-01 10:06:00.238 [info] > git fetch [1096ms]
2023-09-01 10:06:00.263 [info] > git config --get commit.template [13ms]
2023-09-01 10:06:00.264 [info] > git for-each-ref --format=%(refname)%00%(upstream:short)%00%(objectname)%00%(upstream:track)%00%(upstream:remotename)%00%(upstream:remoteref) refs/heads/master refs/remotes/master [1ms]
2023-09-01 10:06:00.303 [info] > git status -z -uall [26ms]
2023-09-01 10:06:01.335 [info] > git config --get commit.template [13ms]
2023-09-01 10:06:01.336 [info] > git for-each-ref --format=%(refname)%00%(upstream:short)%00%(objectname)%00%(upstream:track)%00%(upstream:remotename)%00%(upstream:remoteref) refs/heads/master refs/remotes/master [2ms]
2023-09-01 10:06:01.374 [info] > git status -z -uall [27ms]
2023-09-01 10:06:01.459 [info] > git ls-files --stage -- /home/burgos/code/casaludica.paint/App.tsx [12ms]
2023-09-01 10:06:01.471 [info] > git ls-files --stage -- /home/burgos/code/casaludica.paint/package.json [36ms]
2023-09-01 10:06:01.482 [info] > git ls-files --stage -- /home/burgos/code/casaludica.paint/eas.json [59ms]
2023-09-01 10:06:01.495 [info] > git cat-file -s ce274f82fdb9e0010034f8614535b433a2b27315 [13ms]
2023-09-01 10:06:01.495 [info] > git cat-file -s f2a4e4cb70367f33984d565cf72e82c4a9c21977 [24ms]
2023-09-01 10:06:01.496 [info] > git ls-files --stage -- /home/burgos/code/casaludica.paint/src/Router.tsx [37ms]
2023-09-01 10:06:01.508 [info] > git cat-file -s 97dda770daeb40f685669ed790b52506b4464ca7 [13ms]
2023-09-01 10:06:01.533 [info] > git show --textconv :package.json [13ms]
2023-09-01 10:06:01.533 [info] > git cat-file -s 7cedf51592086741ce55a19277856269063a9a4d [26ms]
2023-09-01 10:06:01.546 [info] > git show --textconv :App.tsx [14ms]
2023-09-01 10:06:01.559 [info] > git show --textconv :eas.json [13ms]
2023-09-01 10:06:01.560 [info] > git show --textconv :src/Router.tsx [1ms]
2023-09-01 10:09:59.296 [info] > git config --local branch.master.github-pr-owner-number [1ms]
2023-09-01 10:09:59.319 [info] > git config --get commit.template [12ms]
2023-09-01 10:09:59.320 [info] > git for-each-ref --format=%(refname)%00%(upstream:short)%00%(objectname)%00%(upstream:track)%00%(upstream:remotename)%00%(upstream:remoteref) refs/heads/master refs/remotes/master [1ms]
2023-09-01 10:09:59.361 [info] > git status -z -uall [29ms]
2023-09-01 10:14:59.683 [info] > git config --local branch.master.github-pr-owner-number [1ms]
2023-09-01 10:14:59.696 [info] > git config --get commit.template [1ms]
2023-09-01 10:14:59.715 [info] > git for-each-ref --format=%(refname)%00%(upstream:short)%00%(objectname)%00%(upstream:track)%00%(upstream:remotename)%00%(upstream:remoteref) refs/heads/master refs/remotes/master [6ms]
2023-09-01 10:14:59.767 [info] > git status -z -uall [41ms]
2023-09-01 10:19:59.784 [info] > git config --local branch.master.github-pr-owner-number [1ms]
2023-09-01 10:19:59.809 [info] > git config --get commit.template [12ms]
2023-09-01 10:19:59.810 [info] > git for-each-ref --format=%(refname)%00%(upstream:short)%00%(objectname)%00%(upstream:track)%00%(upstream:remotename)%00%(upstream:remoteref) refs/heads/master refs/remotes/master [2ms]
2023-09-01 10:19:59.867 [info] > git status -z -uall [41ms]
2023-09-01 10:24:59.884 [info] > git config --local branch.master.github-pr-owner-number [1ms]
2023-09-01 10:24:59.914 [info] > git config --get commit.template [17ms]
2023-09-01 10:24:59.915 [info] > git for-each-ref --format=%(refname)%00%(upstream:short)%00%(objectname)%00%(upstream:track)%00%(upstream:remotename)%00%(upstream:remoteref) refs/heads/master refs/remotes/master [2ms]
2023-09-01 10:24:59.960 [info] > git status -z -uall [31ms]
2023-09-01 10:29:59.978 [info] > git config --local branch.master.github-pr-owner-number [1ms]
2023-09-01 10:30:00.006 [info] > git config --get commit.template [14ms]
2023-09-01 10:30:00.007 [info] > git for-each-ref --format=%(refname)%00%(upstream:short)%00%(objectname)%00%(upstream:track)%00%(upstream:remotename)%00%(upstream:remoteref) refs/heads/master refs/remotes/master [2ms]
2023-09-01 10:30:00.054 [info] > git status -z -uall [33ms]
2023-09-01 10:35:00.071 [info] > git config --local branch.master.github-pr-owner-number [1ms]
2023-09-01 10:35:00.095 [info] > git config --get commit.template [12ms]
2023-09-01 10:35:00.096 [info] > git for-each-ref --format=%(refname)%00%(upstream:short)%00%(objectname)%00%(upstream:track)%00%(upstream:remotename)%00%(upstream:remoteref) refs/heads/master refs/remotes/master [2ms]
2023-09-01 10:35:00.135 [info] > git status -z -uall [28ms]
2023-09-01 10:40:00.152 [info] > git config --local branch.master.github-pr-owner-number [0ms]
2023-09-01 10:40:00.176 [info] > git config --get commit.template [12ms]
2023-09-01 10:40:00.176 [info] > git for-each-ref --format=%(refname)%00%(upstream:short)%00%(objectname)%00%(upstream:track)%00%(upstream:remotename)%00%(upstream:remoteref) refs/heads/master refs/remotes/master [1ms]
2023-09-01 10:40:00.214 [info] > git status -z -uall [27ms]
2023-09-01 10:45:00.235 [info] > git config --local branch.master.github-pr-owner-number [2ms]
2023-09-01 10:45:00.262 [info] > git config --get commit.template [13ms]
2023-09-01 10:45:00.263 [info] > git for-each-ref --format=%(refname)%00%(upstream:short)%00%(objectname)%00%(upstream:track)%00%(upstream:remotename)%00%(upstream:remoteref) refs/heads/master refs/remotes/master [1ms]
2023-09-01 10:45:00.301 [info] > git status -z -uall [26ms]
2023-09-01 10:50:00.319 [info] > git config --local branch.master.github-pr-owner-number [1ms]
2023-09-01 10:50:00.344 [info] > git config --get commit.template [13ms]
2023-09-01 10:50:00.344 [info] > git for-each-ref --format=%(refname)%00%(upstream:short)%00%(objectname)%00%(upstream:track)%00%(upstream:remotename)%00%(upstream:remoteref) refs/heads/master refs/remotes/master [1ms]
2023-09-01 10:50:00.383 [info] > git status -z -uall [27ms]
2023-09-01 10:55:00.400 [info] > git config --local branch.master.github-pr-owner-number [0ms]
2023-09-01 10:55:00.426 [info] > git config --get commit.template [14ms]
2023-09-01 10:55:00.426 [info] > git for-each-ref --format=%(refname)%00%(upstream:short)%00%(objectname)%00%(upstream:track)%00%(upstream:remotename)%00%(upstream:remoteref) refs/heads/master refs/remotes/master [1ms]
2023-09-01 10:55:00.465 [info] > git status -z -uall [27ms]
2023-09-01 11:00:00.481 [info] > git config --local branch.master.github-pr-owner-number [1ms]
2023-09-01 11:00:00.497 [info] > git config --get commit.template [4ms]
2023-09-01 11:00:00.516 [info] > git for-each-ref --format=%(refname)%00%(upstream:short)%00%(objectname)%00%(upstream:track)%00%(upstream:remotename)%00%(upstream:remoteref) refs/heads/master refs/remotes/master [2ms]
2023-09-01 11:00:00.619 [info] > git status -z -uall [88ms]
2023-09-01 11:05:00.635 [info] > git config --local branch.master.github-pr-owner-number [1ms]
2023-09-01 11:05:00.660 [info] > git config --get commit.template [13ms]
2023-09-01 11:05:00.660 [info] > git for-each-ref --format=%(refname)%00%(upstream:short)%00%(objectname)%00%(upstream:track)%00%(upstream:remotename)%00%(upstream:remoteref) refs/heads/master refs/remotes/master [1ms]
2023-09-01 11:05:00.699 [info] > git status -z -uall [26ms]
2023-09-01 11:10:00.715 [info] > git config --local branch.master.github-pr-owner-number [1ms]
2023-09-01 11:10:00.740 [info] > git config --get commit.template [13ms]
2023-09-01 11:10:00.741 [info] > git for-each-ref --format=%(refname)%00%(upstream:short)%00%(objectname)%00%(upstream:track)%00%(upstream:remotename)%00%(upstream:remoteref) refs/heads/master refs/remotes/master [2ms]
2023-09-01 11:10:00.780 [info] > git status -z -uall [27ms]
2023-09-01 11:15:00.796 [info] > git config --local branch.master.github-pr-owner-number [1ms]
2023-09-01 11:15:00.820 [info] > git config --get commit.template [13ms]
2023-09-01 11:15:00.820 [info] > git for-each-ref --format=%(refname)%00%(upstream:short)%00%(objectname)%00%(upstream:track)%00%(upstream:remotename)%00%(upstream:remoteref) refs/heads/master refs/remotes/master [1ms]
2023-09-01 11:15:00.858 [info] > git status -z -uall [27ms]
2023-09-01 11:20:00.875 [info] > git config --local branch.master.github-pr-owner-number [1ms]
2023-09-01 11:20:00.900 [info] > git config --get commit.template [13ms]
2023-09-01 11:20:00.900 [info] > git for-each-ref --format=%(refname)%00%(upstream:short)%00%(objectname)%00%(upstream:track)%00%(upstream:remotename)%00%(upstream:remoteref) refs/heads/master refs/remotes/master [1ms]
2023-09-01 11:20:00.943 [info] > git status -z -uall [31ms]
2023-09-01 11:25:00.961 [info] > git config --local branch.master.github-pr-owner-number [1ms]
2023-09-01 11:25:00.986 [info] > git config --get commit.template [13ms]
2023-09-01 11:25:00.987 [info] > git for-each-ref --format=%(refname)%00%(upstream:short)%00%(objectname)%00%(upstream:track)%00%(upstream:remotename)%00%(upstream:remoteref) refs/heads/master refs/remotes/master [2ms]
2023-09-01 11:25:01.025 [info] > git status -z -uall [27ms]
2023-09-01 11:30:01.040 [info] > git config --local branch.master.github-pr-owner-number [1ms]
2023-09-01 11:30:01.063 [info] > git config --get commit.template [12ms]
2023-09-01 11:30:01.063 [info] > git for-each-ref --format=%(refname)%00%(upstream:short)%00%(objectname)%00%(upstream:track)%00%(upstream:remotename)%00%(upstream:remoteref) refs/heads/master refs/remotes/master [1ms]
2023-09-01 11:30:01.101 [info] > git status -z -uall [27ms]
2023-09-01 11:35:01.118 [info] > git config --local branch.master.github-pr-owner-number [1ms]
2023-09-01 11:35:01.142 [info] > git config --get commit.template [13ms]
2023-09-01 11:35:01.143 [info] > git for-each-ref --format=%(refname)%00%(upstream:short)%00%(objectname)%00%(upstream:track)%00%(upstream:remotename)%00%(upstream:remoteref) refs/heads/master refs/remotes/master [1ms]
2023-09-01 11:35:01.181 [info] > git status -z -uall [27ms]
2023-09-01 11:40:01.197 [info] > git config --local branch.master.github-pr-owner-number [1ms]
2023-09-01 11:40:01.221 [info] > git config --get commit.template [12ms]
2023-09-01 11:40:01.222 [info] > git for-each-ref --format=%(refname)%00%(upstream:short)%00%(objectname)%00%(upstream:track)%00%(upstream:remotename)%00%(upstream:remoteref) refs/heads/master refs/remotes/master [2ms]
2023-09-01 11:40:01.260 [info] > git status -z -uall [27ms]
2023-09-01 11:45:01.275 [info] > git config --local branch.master.github-pr-owner-number [1ms]
2023-09-01 11:45:01.299 [info] > git config --get commit.template [12ms]
2023-09-01 11:45:01.299 [info] > git for-each-ref --format=%(refname)%00%(upstream:short)%00%(objectname)%00%(upstream:track)%00%(upstream:remotename)%00%(upstream:remoteref) refs/heads/master refs/remotes/master [1ms]
2023-09-01 11:45:01.337 [info] > git status -z -uall [27ms]
2023-09-01 11:50:01.353 [info] > git config --local branch.master.github-pr-owner-number [1ms]
2023-09-01 11:50:01.378 [info] > git config --get commit.template [12ms]
2023-09-01 11:50:01.378 [info] > git for-each-ref --format=%(refname)%00%(upstream:short)%00%(objectname)%00%(upstream:track)%00%(upstream:remotename)%00%(upstream:remoteref) refs/heads/master refs/remotes/master [1ms]
2023-09-01 11:50:01.417 [info] > git status -z -uall [26ms]
2023-09-01 11:55:01.433 [info] > git config --local branch.master.github-pr-owner-number [1ms]
2023-09-01 11:55:01.458 [info] > git config --get commit.template [13ms]
2023-09-01 11:55:01.458 [info] > git for-each-ref --format=%(refname)%00%(upstream:short)%00%(objectname)%00%(upstream:track)%00%(upstream:remotename)%00%(upstream:remoteref) refs/heads/master refs/remotes/master [1ms]
2023-09-01 11:55:01.498 [info] > git status -z -uall [27ms]
2023-09-01 12:00:01.513 [info] > git config --local branch.master.github-pr-owner-number [1ms]
2023-09-01 12:00:01.543 [info] > git for-each-ref --format=%(refname)%00%(upstream:short)%00%(objectname)%00%(upstream:track)%00%(upstream:remotename)%00%(upstream:remoteref) refs/heads/master refs/remotes/master [1ms]
2023-09-01 12:00:01.543 [info] > git config --get commit.template [18ms]
2023-09-01 12:00:01.582 [info] > git status -z -uall [27ms]
2023-09-01 12:05:01.597 [info] > git config --local branch.master.github-pr-owner-number [1ms]
2023-09-01 12:05:01.622 [info] > git config --get commit.template [13ms]
2023-09-01 12:05:01.622 [info] > git for-each-ref --format=%(refname)%00%(upstream:short)%00%(objectname)%00%(upstream:track)%00%(upstream:remotename)%00%(upstream:remoteref) refs/heads/master refs/remotes/master [1ms]
2023-09-01 12:05:01.661 [info] > git status -z -uall [26ms]
2023-09-01 12:10:01.676 [info] > git config --local branch.master.github-pr-owner-number [1ms]
2023-09-01 12:10:01.700 [info] > git config --get commit.template [13ms]
2023-09-01 12:10:01.700 [info] > git for-each-ref --format=%(refname)%00%(upstream:short)%00%(objectname)%00%(upstream:track)%00%(upstream:remotename)%00%(upstream:remoteref) refs/heads/master refs/remotes/master [1ms]
2023-09-01 12:10:01.738 [info] > git status -z -uall [27ms]
2023-09-01 12:15:01.752 [info] > git config --local branch.master.github-pr-owner-number [1ms]
2023-09-01 12:15:01.775 [info] > git config --get commit.template [11ms]
2023-09-01 12:15:01.776 [info] > git for-each-ref --format=%(refname)%00%(upstream:short)%00%(objectname)%00%(upstream:track)%00%(upstream:remotename)%00%(upstream:remoteref) refs/heads/master refs/remotes/master [2ms]
2023-09-01 12:15:01.814 [info] > git status -z -uall [26ms]
2023-09-01 12:20:01.832 [info] > git config --local branch.master.github-pr-owner-number [1ms]
2023-09-01 12:20:01.857 [info] > git config --get commit.template [13ms]
2023-09-01 12:20:01.857 [info] > git for-each-ref --format=%(refname)%00%(upstream:short)%00%(objectname)%00%(upstream:track)%00%(upstream:remotename)%00%(upstream:remoteref) refs/heads/master refs/remotes/master [1ms]
2023-09-01 12:20:01.895 [info] > git status -z -uall [26ms]
2023-09-01 12:25:01.914 [info] > git config --local branch.master.github-pr-owner-number [1ms]
2023-09-01 12:25:01.934 [info] > git config --get commit.template [1ms]
2023-09-01 12:25:01.948 [info] > git for-each-ref --format=%(refname)%00%(upstream:short)%00%(objectname)%00%(upstream:track)%00%(upstream:remotename)%00%(upstream:remoteref) refs/heads/master refs/remotes/master [2ms]
2023-09-01 12:25:01.986 [info] > git status -z -uall [27ms]
2023-09-01 12:30:02.001 [info] > git config --local branch.master.github-pr-owner-number [0ms]
2023-09-01 12:30:02.025 [info] > git config --get commit.template [12ms]
2023-09-01 12:30:02.025 [info] > git for-each-ref --format=%(refname)%00%(upstream:short)%00%(objectname)%00%(upstream:track)%00%(upstream:remotename)%00%(upstream:remoteref) refs/heads/master refs/remotes/master [1ms]
2023-09-01 12:30:02.063 [info] > git status -z -uall [27ms]
2023-09-01 12:35:02.083 [info] > git config --local branch.master.github-pr-owner-number [1ms]
2023-09-01 12:35:02.107 [info] > git config --get commit.template [12ms]
2023-09-01 12:35:02.108 [info] > git for-each-ref --format=%(refname)%00%(upstream:short)%00%(objectname)%00%(upstream:track)%00%(upstream:remotename)%00%(upstream:remoteref) refs/heads/master refs/remotes/master [2ms]
2023-09-01 12:35:02.146 [info] > git status -z -uall [27ms]
2023-09-01 12:40:02.166 [info] > git config --local branch.master.github-pr-owner-number [1ms]
2023-09-01 12:40:02.190 [info] > git config --get commit.template [13ms]
2023-09-01 12:40:02.191 [info] > git for-each-ref --format=%(refname)%00%(upstream:short)%00%(objectname)%00%(upstream:track)%00%(upstream:remotename)%00%(upstream:remoteref) refs/heads/master refs/remotes/master [1ms]
2023-09-01 12:40:02.229 [info] > git status -z -uall [27ms]
2023-09-01 12:45:02.245 [info] > git config --local branch.master.github-pr-owner-number [1ms]
2023-09-01 12:45:02.269 [info] > git config --get commit.template [12ms]
2023-09-01 12:45:02.269 [info] > git for-each-ref --format=%(refname)%00%(upstream:short)%00%(objectname)%00%(upstream:track)%00%(upstream:remotename)%00%(upstream:remoteref) refs/heads/master refs/remotes/master [1ms]
2023-09-01 12:45:02.307 [info] > git status -z -uall [27ms]
2023-09-01 12:50:02.326 [info] > git config --local branch.master.github-pr-owner-number [1ms]
2023-09-01 12:50:02.350 [info] > git config --get commit.template [12ms]
2023-09-01 12:50:02.351 [info] > git for-each-ref --format=%(refname)%00%(upstream:short)%00%(objectname)%00%(upstream:track)%00%(upstream:remotename)%00%(upstream:remoteref) refs/heads/master refs/remotes/master [2ms]
2023-09-01 12:50:02.389 [info] > git status -z -uall [27ms]
2023-09-01 12:55:02.409 [info] > git config --local branch.master.github-pr-owner-number [1ms]
2023-09-01 12:55:02.434 [info] > git config --get commit.template [13ms]
2023-09-01 12:55:02.435 [info] > git for-each-ref --format=%(refname)%00%(upstream:short)%00%(objectname)%00%(upstream:track)%00%(upstream:remotename)%00%(upstream:remoteref) refs/heads/master refs/remotes/master [1ms]
2023-09-01 12:55:02.474 [info] > git status -z -uall [27ms]
2023-09-01 13:00:02.488 [info] > git config --local branch.master.github-pr-owner-number [1ms]
2023-09-01 13:00:02.512 [info] > git config --get commit.template [12ms]
2023-09-01 13:00:02.513 [info] > git for-each-ref --format=%(refname)%00%(upstream:short)%00%(objectname)%00%(upstream:track)%00%(upstream:remotename)%00%(upstream:remoteref) refs/heads/master refs/remotes/master [2ms]
2023-09-01 13:00:02.551 [info] > git status -z -uall [26ms]
2023-09-01 13:05:02.571 [info] > git config --local branch.master.github-pr-owner-number [1ms]
2023-09-01 13:05:02.596 [info] > git config --get commit.template [13ms]
2023-09-01 13:05:02.596 [info] > git for-each-ref --format=%(refname)%00%(upstream:short)%00%(objectname)%00%(upstream:track)%00%(upstream:remotename)%00%(upstream:remoteref) refs/heads/master refs/remotes/master [1ms]
2023-09-01 13:05:02.635 [info] > git status -z -uall [26ms]
2023-09-01 13:10:02.654 [info] > git config --local branch.master.github-pr-owner-number [1ms]
2023-09-01 13:10:02.679 [info] > git config --get commit.template [12ms]
2023-09-01 13:10:02.679 [info] > git for-each-ref --format=%(refname)%00%(upstream:short)%00%(objectname)%00%(upstream:track)%00%(upstream:remotename)%00%(upstream:remoteref) refs/heads/master refs/remotes/master [1ms]
2023-09-01 13:10:02.718 [info] > git status -z -uall [27ms]
2023-09-01 13:15:02.735 [info] > git config --local branch.master.github-pr-owner-number [1ms]
2023-09-01 13:15:02.758 [info] > git config --get commit.template [12ms]
2023-09-01 13:15:02.759 [info] > git for-each-ref --format=%(refname)%00%(upstream:short)%00%(objectname)%00%(upstream:track)%00%(upstream:remotename)%00%(upstream:remoteref) refs/heads/master refs/remotes/master [1ms]
2023-09-01 13:15:02.798 [info] > git status -z -uall [27ms]
2023-09-01 13:20:02.819 [info] > git config --local branch.master.github-pr-owner-number [1ms]
2023-09-01 13:20:02.844 [info] > git config --get commit.template [12ms]
2023-09-01 13:20:02.844 [info] > git for-each-ref --format=%(refname)%00%(upstream:short)%00%(objectname)%00%(upstream:track)%00%(upstream:remotename)%00%(upstream:remoteref) refs/heads/master refs/remotes/master [1ms]
2023-09-01 13:20:02.883 [info] > git status -z -uall [27ms]
2023-09-01 13:25:02.902 [info] > git config --local branch.master.github-pr-owner-number [1ms]
2023-09-01 13:25:02.927 [info] > git config --get commit.template [13ms]
2023-09-01 13:25:02.928 [info] > git for-each-ref --format=%(refname)%00%(upstream:short)%00%(objectname)%00%(upstream:track)%00%(upstream:remotename)%00%(upstream:remoteref) refs/heads/master refs/remotes/master [2ms]
2023-09-01 13:25:02.969 [info] > git status -z -uall [28ms]
2023-09-01 13:30:02.986 [info] > git config --local branch.master.github-pr-owner-number [2ms]
2023-09-01 13:30:03.011 [info] > git config --get commit.template [13ms]
2023-09-01 13:30:03.011 [info] > git for-each-ref --format=%(refname)%00%(upstream:short)%00%(objectname)%00%(upstream:track)%00%(upstream:remotename)%00%(upstream:remoteref) refs/heads/master refs/remotes/master [1ms]
2023-09-01 13:30:03.049 [info] > git status -z -uall [27ms]
2023-09-01 13:35:03.066 [info] > git config --local branch.master.github-pr-owner-number [1ms]
2023-09-01 13:35:03.092 [info] > git config --get commit.template [12ms]
2023-09-01 13:35:03.092 [info] > git for-each-ref --format=%(refname)%00%(upstream:short)%00%(objectname)%00%(upstream:track)%00%(upstream:remotename)%00%(upstream:remoteref) refs/heads/master refs/remotes/master [1ms]
2023-09-01 13:35:03.131 [info] > git status -z -uall [28ms]
2023-09-01 13:40:03.151 [info] > git config --local branch.master.github-pr-owner-number [1ms]
2023-09-01 13:40:03.176 [info] > git config --get commit.template [12ms]
2023-09-01 13:40:03.176 [info] > git for-each-ref --format=%(refname)%00%(upstream:short)%00%(objectname)%00%(upstream:track)%00%(upstream:remotename)%00%(upstream:remoteref) refs/heads/master refs/remotes/master [1ms]
2023-09-01 13:40:03.214 [info] > git status -z -uall [26ms]
2023-09-01 13:42:33.499 [info] > git fetch [577ms]
2023-09-01 13:42:33.525 [info] > git config --get commit.template [12ms]
2023-09-01 13:42:33.525 [info] > git for-each-ref --format=%(refname)%00%(upstream:short)%00%(objectname)%00%(upstream:track)%00%(upstream:remotename)%00%(upstream:remoteref) refs/heads/master refs/remotes/master [1ms]
2023-09-01 13:42:33.564 [info] > git status -z -uall [27ms]
2023-09-01 13:42:34.596 [info] > git config --get commit.template [12ms]
2023-09-01 13:42:34.597 [info] > git for-each-ref --format=%(refname)%00%(upstream:short)%00%(objectname)%00%(upstream:track)%00%(upstream:remotename)%00%(upstream:remoteref) refs/heads/master refs/remotes/master [1ms]
2023-09-01 13:42:34.635 [info] > git status -z -uall [27ms]
2023-09-01 13:42:34.725 [info] > git ls-files --stage -- /home/burgos/code/casaludica.paint/App.tsx [16ms]
2023-09-01 13:42:34.737 [info] > git ls-files --stage -- /home/burgos/code/casaludica.paint/package.json [39ms]
2023-09-01 13:42:34.747 [info] > git ls-files --stage -- /home/burgos/code/casaludica.paint/eas.json [62ms]
2023-09-01 13:42:34.759 [info] > git cat-file -s ce274f82fdb9e0010034f8614535b433a2b27315 [12ms]
2023-09-01 13:42:34.760 [info] > git cat-file -s f2a4e4cb70367f33984d565cf72e82c4a9c21977 [24ms]
2023-09-01 13:42:34.760 [info] > git ls-files --stage -- /home/burgos/code/casaludica.paint/src/Router.tsx [38ms]
2023-09-01 13:42:34.772 [info] > git cat-file -s 97dda770daeb40f685669ed790b52506b4464ca7 [14ms]
2023-09-01 13:42:34.796 [info] > git show --textconv :package.json [12ms]
2023-09-01 13:42:34.797 [info] > git cat-file -s 7cedf51592086741ce55a19277856269063a9a4d [26ms]
2023-09-01 13:42:34.810 [info] > git show --textconv :App.tsx [15ms]
2023-09-01 13:42:34.824 [info] > git show --textconv :eas.json [15ms]
2023-09-01 13:42:34.825 [info] > git show --textconv :src/Router.tsx [2ms]
2023-09-01 13:42:37.011 [info] > git show --textconv :src/screens/Gallery/images.ts [13ms]
2023-09-01 13:42:37.011 [info] > git ls-files --stage -- /home/burgos/code/casaludica.paint/src/screens/Gallery/images.ts [1ms]
2023-09-01 13:42:37.029 [info] > git cat-file -s b090a010c4b9da983c50f3013955de3e4289a37c [6ms]
2023-09-01 13:45:03.230 [info] > git config --local branch.master.github-pr-owner-number [1ms]
2023-09-01 13:45:03.256 [info] > git config --get commit.template [13ms]
2023-09-01 13:45:03.256 [info] > git for-each-ref --format=%(refname)%00%(upstream:short)%00%(objectname)%00%(upstream:track)%00%(upstream:remotename)%00%(upstream:remoteref) refs/heads/master refs/remotes/master [1ms]
2023-09-01 13:45:03.296 [info] > git status -z -uall [28ms]
2023-09-01 13:50:03.316 [info] > git config --local branch.master.github-pr-owner-number [1ms]
2023-09-01 13:50:03.330 [info] > git config --get commit.template [1ms]
2023-09-01 13:50:03.343 [info] > git for-each-ref --format=%(refname)%00%(upstream:short)%00%(objectname)%00%(upstream:track)%00%(upstream:remotename)%00%(upstream:remoteref) refs/heads/master refs/remotes/master [1ms]
2023-09-01 13:50:03.382 [info] > git status -z -uall [27ms]
2023-09-01 13:55:03.406 [info] > git config --local branch.master.github-pr-owner-number [1ms]
2023-09-01 13:55:03.437 [info] > git config --get commit.template [15ms]
2023-09-01 13:55:03.438 [info] > git for-each-ref --format=%(refname)%00%(upstream:short)%00%(objectname)%00%(upstream:track)%00%(upstream:remotename)%00%(upstream:remoteref) refs/heads/master refs/remotes/master [2ms]
2023-09-01 13:55:03.477 [info] > git status -z -uall [27ms]
2023-09-01 14:00:03.495 [info] > git config --local branch.master.github-pr-owner-number [1ms]
2023-09-01 14:00:03.519 [info] > git config --get commit.template [12ms]
2023-09-01 14:00:03.519 [info] > git for-each-ref --format=%(refname)%00%(upstream:short)%00%(objectname)%00%(upstream:track)%00%(upstream:remotename)%00%(upstream:remoteref) refs/heads/master refs/remotes/master [1ms]
2023-09-01 14:00:03.557 [info] > git status -z -uall [27ms]
2023-09-01 14:05:03.578 [info] > git config --local branch.master.github-pr-owner-number [1ms]
2023-09-01 14:05:03.605 [info] > git config --get commit.template [13ms]
2023-09-01 14:05:03.606 [info] > git for-each-ref --format=%(refname)%00%(upstream:short)%00%(objectname)%00%(upstream:track)%00%(upstream:remotename)%00%(upstream:remoteref) refs/heads/master refs/remotes/master [1ms]
2023-09-01 14:05:03.645 [info] > git status -z -uall [27ms]
2023-09-01 14:10:03.666 [info] > git config --local branch.master.github-pr-owner-number [1ms]
2023-09-01 14:10:03.693 [info] > git config --get commit.template [14ms]
2023-09-01 14:10:03.694 [info] > git for-each-ref --format=%(refname)%00%(upstream:short)%00%(objectname)%00%(upstream:track)%00%(upstream:remotename)%00%(upstream:remoteref) refs/heads/master refs/remotes/master [1ms]
2023-09-01 14:10:03.733 [info] > git status -z -uall [27ms]
2023-09-01 14:15:03.749 [info] > git config --local branch.master.github-pr-owner-number [1ms]
2023-09-01 14:15:03.773 [info] > git config --get commit.template [12ms]
2023-09-01 14:15:03.774 [info] > git for-each-ref --format=%(refname)%00%(upstream:short)%00%(objectname)%00%(upstream:track)%00%(upstream:remotename)%00%(upstream:remoteref) refs/heads/master refs/remotes/master [1ms]
2023-09-01 14:15:03.812 [info] > git status -z -uall [27ms]
2023-09-01 14:20:03.834 [info] > git config --local branch.master.github-pr-owner-number [1ms]
2023-09-01 14:20:03.860 [info] > git config --get commit.template [13ms]
2023-09-01 14:20:03.861 [info] > git for-each-ref --format=%(refname)%00%(upstream:short)%00%(objectname)%00%(upstream:track)%00%(upstream:remotename)%00%(upstream:remoteref) refs/heads/master refs/remotes/master [1ms]
2023-09-01 14:20:03.900 [info] > git status -z -uall [27ms]
2023-09-01 14:25:03.922 [info] > git config --local branch.master.github-pr-owner-number [1ms]
2023-09-01 14:25:03.953 [info] > git config --get commit.template [17ms]
2023-09-01 14:25:03.954 [info] > git for-each-ref --format=%(refname)%00%(upstream:short)%00%(objectname)%00%(upstream:track)%00%(upstream:remotename)%00%(upstream:remoteref) refs/heads/master refs/remotes/master [2ms]
2023-09-01 14:25:03.993 [info] > git status -z -uall [27ms]
2023-09-01 14:30:04.010 [info] > git config --local branch.master.github-pr-owner-number [1ms]
2023-09-01 14:30:04.034 [info] > git config --get commit.template [12ms]
2023-09-01 14:30:04.034 [info] > git for-each-ref --format=%(refname)%00%(upstream:short)%00%(objectname)%00%(upstream:track)%00%(upstream:remotename)%00%(upstream:remoteref) refs/heads/master refs/remotes/master [1ms]
2023-09-01 14:30:04.072 [info] > git status -z -uall [27ms]
2023-09-01 14:35:04.094 [info] > git config --local branch.master.github-pr-owner-number [0ms]
2023-09-01 14:35:04.121 [info] > git config --get commit.template [14ms]
2023-09-01 14:35:04.121 [info] > git for-each-ref --format=%(refname)%00%(upstream:short)%00%(objectname)%00%(upstream:track)%00%(upstream:remotename)%00%(upstream:remoteref) refs/heads/master refs/remotes/master [1ms]
2023-09-01 14:35:04.161 [info] > git status -z -uall [27ms]
2023-09-01 14:40:04.182 [info] > git config --local branch.master.github-pr-owner-number [1ms]
2023-09-01 14:40:04.210 [info] > git config --get commit.template [14ms]
2023-09-01 14:40:04.210 [info] > git for-each-ref --format=%(refname)%00%(upstream:short)%00%(objectname)%00%(upstream:track)%00%(upstream:remotename)%00%(upstream:remoteref) refs/heads/master refs/remotes/master [1ms]
2023-09-01 14:40:04.250 [info] > git status -z -uall [27ms]
2023-09-01 14:45:04.266 [info] > git config --local branch.master.github-pr-owner-number [1ms]
2023-09-01 14:45:04.290 [info] > git config --get commit.template [12ms]
2023-09-01 14:45:04.290 [info] > git for-each-ref --format=%(refname)%00%(upstream:short)%00%(objectname)%00%(upstream:track)%00%(upstream:remotename)%00%(upstream:remoteref) refs/heads/master refs/remotes/master [1ms]
2023-09-01 14:45:04.328 [info] > git status -z -uall [27ms]
2023-09-01 14:50:04.347 [info] > git config --local branch.master.github-pr-owner-number [1ms]
2023-09-01 14:50:04.639 [info] > git config --get commit.template [13ms]
2023-09-01 14:50:04.640 [info] > git for-each-ref --format=%(refname)%00%(upstream:short)%00%(objectname)%00%(upstream:track)%00%(upstream:remotename)%00%(upstream:remoteref) refs/heads/master refs/remotes/master [2ms]
2023-09-01 14:50:04.680 [info] > git status -z -uall [28ms]
2023-09-01 14:55:04.701 [info] > git config --local branch.master.github-pr-owner-number [1ms]
2023-09-01 14:55:04.726 [info] > git config --get commit.template [13ms]
2023-09-01 14:55:04.726 [info] > git for-each-ref --format=%(refname)%00%(upstream:short)%00%(objectname)%00%(upstream:track)%00%(upstream:remotename)%00%(upstream:remoteref) refs/heads/master refs/remotes/master [1ms]
2023-09-01 14:55:04.765 [info] > git status -z -uall [27ms]
2023-09-01 14:58:41.154 [info] > git check-ignore -v -z --stdin [1ms]
2023-09-01 15:00:04.782 [info] > git config --local branch.master.github-pr-owner-number [1ms]
2023-09-01 15:00:04.807 [info] > git config --get commit.template [13ms]
2023-09-01 15:00:04.807 [info] > git for-each-ref --format=%(refname)%00%(upstream:short)%00%(objectname)%00%(upstream:track)%00%(upstream:remotename)%00%(upstream:remoteref) refs/heads/master refs/remotes/master [1ms]
2023-09-01 15:00:04.845 [info] > git status -z -uall [26ms]
2023-09-01 15:05:04.867 [info] > git config --local branch.master.github-pr-owner-number [0ms]
2023-09-01 15:05:04.893 [info] > git config --get commit.template [13ms]
2023-09-01 15:05:04.894 [info] > git for-each-ref --format=%(refname)%00%(upstream:short)%00%(objectname)%00%(upstream:track)%00%(upstream:remotename)%00%(upstream:remoteref) refs/heads/master refs/remotes/master [1ms]
2023-09-01 15:05:04.934 [info] > git status -z -uall [27ms]
2023-09-01 15:10:04.959 [info] > git config --local branch.master.github-pr-owner-number [1ms]
2023-09-01 15:10:04.986 [info] > git config --get commit.template [14ms]
2023-09-01 15:10:04.987 [info] > git for-each-ref --format=%(refname)%00%(upstream:short)%00%(objectname)%00%(upstream:track)%00%(upstream:remotename)%00%(upstream:remoteref) refs/heads/master refs/remotes/master [1ms]
2023-09-01 15:10:05.026 [info] > git status -z -uall [27ms]
2023-09-01 15:15:05.042 [info] > git config --local branch.master.github-pr-owner-number [1ms]
2023-09-01 15:15:05.066 [info] > git config --get commit.template [13ms]
2023-09-01 15:15:05.066 [info] > git for-each-ref --format=%(refname)%00%(upstream:short)%00%(objectname)%00%(upstream:track)%00%(upstream:remotename)%00%(upstream:remoteref) refs/heads/master refs/remotes/master [1ms]
2023-09-01 15:15:05.105 [info] > git status -z -uall [27ms]
2023-09-01 15:20:05.126 [info] > git config --local branch.master.github-pr-owner-number [1ms]
2023-09-01 15:20:05.154 [info] > git config --get commit.template [14ms]
2023-09-01 15:20:05.154 [info] > git for-each-ref --format=%(refname)%00%(upstream:short)%00%(objectname)%00%(upstream:track)%00%(upstream:remotename)%00%(upstream:remoteref) refs/heads/master refs/remotes/master [2ms]
2023-09-01 15:20:05.194 [info] > git status -z -uall [27ms]
2023-09-01 15:25:05.220 [info] > git config --local branch.master.github-pr-owner-number [2ms]
2023-09-01 15:25:05.263 [info] > git config --get commit.template [19ms]
2023-09-01 15:25:05.263 [info] > git for-each-ref --format=%(refname)%00%(upstream:short)%00%(objectname)%00%(upstream:track)%00%(upstream:remotename)%00%(upstream:remoteref) refs/heads/master refs/remotes/master [1ms]
2023-09-01 15:25:05.307 [info] > git status -z -uall [27ms]
2023-09-01 15:30:05.326 [info] > git config --local branch.master.github-pr-owner-number [1ms]
2023-09-01 15:30:05.350 [info] > git config --get commit.template [12ms]
2023-09-01 15:30:05.351 [info] > git for-each-ref --format=%(refname)%00%(upstream:short)%00%(objectname)%00%(upstream:track)%00%(upstream:remotename)%00%(upstream:remoteref) refs/heads/master refs/remotes/master [2ms]
2023-09-01 15:30:05.389 [info] > git status -z -uall [27ms]
2023-09-01 15:35:05.410 [info] > git config --local branch.master.github-pr-owner-number [1ms]
2023-09-01 15:35:05.437 [info] > git config --get commit.template [13ms]
2023-09-01 15:35:05.437 [info] > git for-each-ref --format=%(refname)%00%(upstream:short)%00%(objectname)%00%(upstream:track)%00%(upstream:remotename)%00%(upstream:remoteref) refs/heads/master refs/remotes/master [1ms]
2023-09-01 15:35:05.476 [info] > git status -z -uall [26ms]
2023-09-01 15:40:05.497 [info] > git config --local branch.master.github-pr-owner-number [1ms]
2023-09-01 15:40:05.524 [info] > git config --get commit.template [13ms]
2023-09-01 15:40:05.524 [info] > git for-each-ref --format=%(refname)%00%(upstream:short)%00%(objectname)%00%(upstream:track)%00%(upstream:remotename)%00%(upstream:remoteref) refs/heads/master refs/remotes/master [1ms]
2023-09-01 15:40:05.564 [info] > git status -z -uall [27ms]
2023-09-01 15:45:05.582 [info] > git config --local branch.master.github-pr-owner-number [0ms]
2023-09-01 15:45:05.607 [info] > git config --get commit.template [13ms]
2023-09-01 15:45:05.607 [info] > git for-each-ref --format=%(refname)%00%(upstream:short)%00%(objectname)%00%(upstream:track)%00%(upstream:remotename)%00%(upstream:remoteref) refs/heads/master refs/remotes/master [1ms]
2023-09-01 15:45:05.646 [info] > git status -z -uall [27ms]
2023-09-01 15:50:05.663 [info] > git config --local branch.master.github-pr-owner-number [1ms]
2023-09-01 15:50:05.689 [info] > git config --get commit.template [13ms]
2023-09-01 15:50:05.690 [info] > git for-each-ref --format=%(refname)%00%(upstream:short)%00%(objectname)%00%(upstream:track)%00%(upstream:remotename)%00%(upstream:remoteref) refs/heads/master refs/remotes/master [1ms]
2023-09-01 15:50:05.729 [info] > git status -z -uall [27ms]
2023-09-01 15:55:05.751 [info] > git config --local branch.master.github-pr-owner-number [1ms]
2023-09-01 15:55:05.782 [info] > git config --get commit.template [14ms]
2023-09-01 15:55:06.106 [info] > git for-each-ref --format=%(refname)%00%(upstream:short)%00%(objectname)%00%(upstream:track)%00%(upstream:remotename)%00%(upstream:remoteref) refs/heads/master refs/remotes/master [325ms]
2023-09-01 15:55:06.146 [info] > git status -z -uall [27ms]
2023-09-01 16:00:06.164 [info] > git config --local branch.master.github-pr-owner-number [1ms]
2023-09-01 16:00:06.189 [info] > git config --get commit.template [13ms]
2023-09-01 16:00:06.189 [info] > git for-each-ref --format=%(refname)%00%(upstream:short)%00%(objectname)%00%(upstream:track)%00%(upstream:remotename)%00%(upstream:remoteref) refs/heads/master refs/remotes/master [1ms]
2023-09-01 16:00:06.228 [info] > git status -z -uall [27ms]
2023-09-01 16:05:06.247 [info] > git config --local branch.master.github-pr-owner-number [1ms]
2023-09-01 16:05:06.264 [info] > git config --get commit.template [0ms]
2023-09-01 16:05:06.287 [info] > git for-each-ref --format=%(refname)%00%(upstream:short)%00%(objectname)%00%(upstream:track)%00%(upstream:remotename)%00%(upstream:remoteref) refs/heads/master refs/remotes/master [1ms]
2023-09-01 16:05:06.336 [info] > git status -z -uall [29ms]
2023-09-01 16:10:06.357 [info] > git config --local branch.master.github-pr-owner-number [1ms]
2023-09-01 16:10:06.382 [info] > git config --get commit.template [13ms]
2023-09-01 16:10:06.382 [info] > git for-each-ref --format=%(refname)%00%(upstream:short)%00%(objectname)%00%(upstream:track)%00%(upstream:remotename)%00%(upstream:remoteref) refs/heads/master refs/remotes/master [1ms]
2023-09-01 16:10:06.421 [info] > git status -z -uall [27ms]
2023-09-01 16:15:06.438 [info] > git config --local branch.master.github-pr-owner-number [1ms]
2023-09-01 16:15:06.451 [info] > git config --get commit.template [1ms]
2023-09-01 16:15:06.463 [info] > git for-each-ref --format=%(refname)%00%(upstream:short)%00%(objectname)%00%(upstream:track)%00%(upstream:remotename)%00%(upstream:remoteref) refs/heads/master refs/remotes/master [1ms]
2023-09-01 16:15:06.501 [info] > git status -z -uall [26ms]
2023-09-01 16:20:06.521 [info] > git config --local branch.master.github-pr-owner-number [0ms]
2023-09-01 16:20:06.547 [info] > git config --get commit.template [13ms]
2023-09-01 16:20:06.548 [info] > git for-each-ref --format=%(refname)%00%(upstream:short)%00%(objectname)%00%(upstream:track)%00%(upstream:remotename)%00%(upstream:remoteref) refs/heads/master refs/remotes/master [1ms]
2023-09-01 16:20:06.587 [info] > git status -z -uall [27ms]
2023-09-01 16:25:06.607 [info] > git config --local branch.master.github-pr-owner-number [1ms]
2023-09-01 16:25:06.621 [info] > git config --get commit.template [1ms]
2023-09-01 16:25:06.635 [info] > git for-each-ref --format=%(refname)%00%(upstream:short)%00%(objectname)%00%(upstream:track)%00%(upstream:remotename)%00%(upstream:remoteref) refs/heads/master refs/remotes/master [1ms]
2023-09-01 16:25:06.674 [info] > git status -z -uall [26ms]
2023-09-01 16:30:06.692 [info] > git config --local branch.master.github-pr-owner-number [1ms]
2023-09-01 16:30:06.705 [info] > git config --get commit.template [1ms]
2023-09-01 16:30:06.718 [info] > git for-each-ref --format=%(refname)%00%(upstream:short)%00%(objectname)%00%(upstream:track)%00%(upstream:remotename)%00%(upstream:remoteref) refs/heads/master refs/remotes/master [1ms]
2023-09-01 16:30:06.757 [info] > git status -z -uall [27ms]
2023-09-01 16:35:06.776 [info] > git config --local branch.master.github-pr-owner-number [1ms]
2023-09-01 16:35:06.801 [info] > git config --get commit.template [12ms]
2023-09-01 16:35:06.801 [info] > git for-each-ref --format=%(refname)%00%(upstream:short)%00%(objectname)%00%(upstream:track)%00%(upstream:remotename)%00%(upstream:remoteref) refs/heads/master refs/remotes/master [1ms]
2023-09-01 16:35:06.840 [info] > git status -z -uall [27ms]
2023-09-01 16:40:06.859 [info] > git config --local branch.master.github-pr-owner-number [1ms]
2023-09-01 16:40:06.886 [info] > git config --get commit.template [15ms]
2023-09-01 16:40:07.214 [info] > git for-each-ref --format=%(refname)%00%(upstream:short)%00%(objectname)%00%(upstream:track)%00%(upstream:remotename)%00%(upstream:remoteref) refs/heads/master refs/remotes/master [328ms]
2023-09-01 16:40:07.252 [info] > git status -z -uall [27ms]
2023-09-01 16:45:07.270 [info] > git config --local branch.master.github-pr-owner-number [1ms]
2023-09-01 16:45:07.295 [info] > git config --get commit.template [13ms]
2023-09-01 16:45:07.296 [info] > git for-each-ref --format=%(refname)%00%(upstream:short)%00%(objectname)%00%(upstream:track)%00%(upstream:remotename)%00%(upstream:remoteref) refs/heads/master refs/remotes/master [2ms]
2023-09-01 16:45:07.334 [info] > git status -z -uall [27ms]
2023-09-01 16:50:07.353 [info] > git config --local branch.master.github-pr-owner-number [1ms]
2023-09-01 16:50:07.378 [info] > git config --get commit.template [13ms]
2023-09-01 16:50:07.378 [info] > git for-each-ref --format=%(refname)%00%(upstream:short)%00%(objectname)%00%(upstream:track)%00%(upstream:remotename)%00%(upstream:remoteref) refs/heads/master refs/remotes/master [1ms]
2023-09-01 16:50:07.417 [info] > git status -z -uall [27ms]
2023-09-01 16:55:07.436 [info] > git config --local branch.master.github-pr-owner-number [1ms]
2023-09-01 16:55:07.461 [info] > git config --get commit.template [13ms]
2023-09-01 16:55:07.462 [info] > git for-each-ref --format=%(refname)%00%(upstream:short)%00%(objectname)%00%(upstream:track)%00%(upstream:remotename)%00%(upstream:remoteref) refs/heads/master refs/remotes/master [2ms]
2023-09-01 16:55:07.501 [info] > git status -z -uall [26ms]
2023-09-01 17:00:07.518 [info] > git config --local branch.master.github-pr-owner-number [1ms]
2023-09-01 17:00:07.543 [info] > git config --get commit.template [12ms]
2023-09-01 17:00:07.543 [info] > git for-each-ref --format=%(refname)%00%(upstream:short)%00%(objectname)%00%(upstream:track)%00%(upstream:remotename)%00%(upstream:remoteref) refs/heads/master refs/remotes/master [2ms]
2023-09-01 17:00:07.581 [info] > git status -z -uall [27ms]
2023-09-01 17:05:07.600 [info] > git config --local branch.master.github-pr-owner-number [1ms]
2023-09-01 17:05:07.614 [info] > git config --get commit.template [1ms]
2023-09-01 17:05:07.627 [info] > git for-each-ref --format=%(refname)%00%(upstream:short)%00%(objectname)%00%(upstream:track)%00%(upstream:remotename)%00%(upstream:remoteref) refs/heads/master refs/remotes/master [1ms]
2023-09-01 17:05:07.666 [info] > git status -z -uall [27ms]
2023-09-01 17:10:07.684 [info] > git config --local branch.master.github-pr-owner-number [1ms]
2023-09-01 17:10:07.709 [info] > git config --get commit.template [12ms]
2023-09-01 17:10:07.710 [info] > git for-each-ref --format=%(refname)%00%(upstream:short)%00%(objectname)%00%(upstream:track)%00%(upstream:remotename)%00%(upstream:remoteref) refs/heads/master refs/remotes/master [1ms]
2023-09-01 17:10:07.749 [info] > git status -z -uall [27ms]
2023-09-01 17:15:07.765 [info] > git config --local branch.master.github-pr-owner-number [1ms]
2023-09-01 17:15:07.790 [info] > git config --get commit.template [12ms]
2023-09-01 17:15:07.790 [info] > git for-each-ref --format=%(refname)%00%(upstream:short)%00%(objectname)%00%(upstream:track)%00%(upstream:remotename)%00%(upstream:remoteref) refs/heads/master refs/remotes/master [1ms]
2023-09-01 17:15:07.828 [info] > git status -z -uall [27ms]
2023-09-01 17:20:07.845 [info] > git config --local branch.master.github-pr-owner-number [1ms]
2023-09-01 17:20:07.871 [info] > git config --get commit.template [12ms]
2023-09-01 17:20:07.871 [info] > git for-each-ref --format=%(refname)%00%(upstream:short)%00%(objectname)%00%(upstream:track)%00%(upstream:remotename)%00%(upstream:remoteref) refs/heads/master refs/remotes/master [1ms]
2023-09-01 17:20:07.910 [info] > git status -z -uall [27ms]
2023-09-01 17:25:07.926 [info] > git config --local branch.master.github-pr-owner-number [1ms]
2023-09-01 17:25:07.955 [info] > git config --get commit.template [14ms]
2023-09-01 17:25:07.956 [info] > git for-each-ref --format=%(refname)%00%(upstream:short)%00%(objectname)%00%(upstream:track)%00%(upstream:remotename)%00%(upstream:remoteref) refs/heads/master refs/remotes/master [2ms]
2023-09-01 17:25:07.995 [info] > git status -z -uall [28ms]
2023-09-01 17:30:08.011 [info] > git config --local branch.master.github-pr-owner-number [1ms]
2023-09-01 17:30:08.035 [info] > git config --get commit.template [12ms]
2023-09-01 17:30:08.036 [info] > git for-each-ref --format=%(refname)%00%(upstream:short)%00%(objectname)%00%(upstream:track)%00%(upstream:remotename)%00%(upstream:remoteref) refs/heads/master refs/remotes/master [2ms]
2023-09-01 17:30:08.074 [info] > git status -z -uall [27ms]
2023-09-01 17:35:08.090 [info] > git config --local branch.master.github-pr-owner-number [1ms]
2023-09-01 17:35:08.116 [info] > git config --get commit.template [12ms]
2023-09-01 17:35:08.116 [info] > git for-each-ref --format=%(refname)%00%(upstream:short)%00%(objectname)%00%(upstream:track)%00%(upstream:remotename)%00%(upstream:remoteref) refs/heads/master refs/remotes/master [1ms]
2023-09-01 17:35:08.155 [info] > git status -z -uall [26ms]
2023-09-01 17:40:08.171 [info] > git config --local branch.master.github-pr-owner-number [1ms]
2023-09-01 17:40:08.197 [info] > git config --get commit.template [13ms]
2023-09-01 17:40:08.198 [info] > git for-each-ref --format=%(refname)%00%(upstream:short)%00%(objectname)%00%(upstream:track)%00%(upstream:remotename)%00%(upstream:remoteref) refs/heads/master refs/remotes/master [1ms]
2023-09-01 17:40:08.237 [info] > git status -z -uall [26ms]
2023-09-01 17:45:08.252 [info] > git config --local branch.master.github-pr-owner-number [1ms]
2023-09-01 17:45:08.278 [info] > git config --get commit.template [13ms]
2023-09-01 17:45:08.278 [info] > git for-each-ref --format=%(refname)%00%(upstream:short)%00%(objectname)%00%(upstream:track)%00%(upstream:remotename)%00%(upstream:remoteref) refs/heads/master refs/remotes/master [2ms]
2023-09-01 17:45:08.316 [info] > git status -z -uall [27ms]
2023-09-01 17:50:08.333 [info] > git config --local branch.master.github-pr-owner-number [1ms]
2023-09-01 17:50:08.360 [info] > git config --get commit.template [14ms]
2023-09-01 17:50:08.360 [info] > git for-each-ref --format=%(refname)%00%(upstream:short)%00%(objectname)%00%(upstream:track)%00%(upstream:remotename)%00%(upstream:remoteref) refs/heads/master refs/remotes/master [1ms]
2023-09-01 17:50:08.400 [info] > git status -z -uall [27ms]
2023-09-01 17:55:08.416 [info] > git config --local branch.master.github-pr-owner-number [1ms]
2023-09-01 17:55:08.442 [info] > git config --get commit.template [13ms]
2023-09-01 17:55:08.442 [info] > git for-each-ref --format=%(refname)%00%(upstream:short)%00%(objectname)%00%(upstream:track)%00%(upstream:remotename)%00%(upstream:remoteref) refs/heads/master refs/remotes/master [1ms]
2023-09-01 17:55:08.481 [info] > git status -z -uall [27ms]
2023-09-01 18:00:08.496 [info] > git config --local branch.master.github-pr-owner-number [1ms]
2023-09-01 18:00:08.521 [info] > git config --get commit.template [13ms]
2023-09-01 18:00:08.522 [info] > git for-each-ref --format=%(refname)%00%(upstream:short)%00%(objectname)%00%(upstream:track)%00%(upstream:remotename)%00%(upstream:remoteref) refs/heads/master refs/remotes/master [2ms]
2023-09-01 18:00:08.560 [info] > git status -z -uall [27ms]
2023-09-01 18:05:08.576 [info] > git config --local branch.master.github-pr-owner-number [1ms]
2023-09-01 18:05:08.601 [info] > git config --get commit.template [13ms]
2023-09-01 18:05:08.601 [info] > git for-each-ref --format=%(refname)%00%(upstream:short)%00%(objectname)%00%(upstream:track)%00%(upstream:remotename)%00%(upstream:remoteref) refs/heads/master refs/remotes/master [1ms]
2023-09-01 18:05:08.640 [info] > git status -z -uall [27ms]
2023-09-01 18:10:08.656 [info] > git config --local branch.master.github-pr-owner-number [1ms]
2023-09-01 18:10:08.681 [info] > git config --get commit.template [13ms]
2023-09-01 18:10:08.681 [info] > git for-each-ref --format=%(refname)%00%(upstream:short)%00%(objectname)%00%(upstream:track)%00%(upstream:remotename)%00%(upstream:remoteref) refs/heads/master refs/remotes/master [1ms]
2023-09-01 18:10:08.720 [info] > git status -z -uall [27ms]
2023-09-01 18:15:08.735 [info] > git config --local branch.master.github-pr-owner-number [1ms]
2023-09-01 18:15:08.759 [info] > git config --get commit.template [12ms]
2023-09-01 18:15:08.760 [info] > git for-each-ref --format=%(refname)%00%(upstream:short)%00%(objectname)%00%(upstream:track)%00%(upstream:remotename)%00%(upstream:remoteref) refs/heads/master refs/remotes/master [2ms]
2023-09-01 18:15:08.798 [info] > git status -z -uall [26ms]
