2023-09-01 12:24:01.239 [warning] [passionkind.prettier-vscode-with-tabs]: Cannot register 'prettier.printWidth'. This property is already registered.
2023-09-01 12:24:01.240 [warning] [passionkind.prettier-vscode-with-tabs]: Cannot register 'prettier.tabWidth'. This property is already registered.
2023-09-01 12:24:01.240 [warning] [passionkind.prettier-vscode-with-tabs]: Cannot register 'prettier.singleQuote'. This property is already registered.
2023-09-01 12:24:01.240 [warning] [passionkind.prettier-vscode-with-tabs]: Cannot register 'prettier.trailingComma'. This property is already registered.
2023-09-01 12:24:01.240 [warning] [passionkind.prettier-vscode-with-tabs]: Cannot register 'prettier.bracketSpacing'. This property is already registered.
2023-09-01 12:24:01.241 [warning] [passionkind.prettier-vscode-with-tabs]: Cannot register 'prettier.jsxBracketSameLine'. This property is already registered.
2023-09-01 12:24:01.241 [warning] [passionkind.prettier-vscode-with-tabs]: Cannot register 'prettier.useTabs'. This property is already registered.
2023-09-01 12:24:01.241 [warning] [twxs.cmake]: Cannot register 'cmake.cmakePath'. This property is already registered.
2023-09-01 12:24:01.242 [warning] [Zignd.html-css-class-completion]: Cannot register 'html-css-class-completion.includeGlobPattern'. This property is already registered.
2023-09-01 12:24:01.242 [warning] [Zignd.html-css-class-completion]: Cannot register 'html-css-class-completion.excludeGlobPattern'. This property is already registered.
2023-09-01 12:24:01.242 [warning] [Zignd.html-css-class-completion]: Cannot register 'html-css-class-completion.enableEmmetSupport'. This property is already registered.
2023-09-01 12:24:01.317 [info] [Zignd.html-css-class-completion]: Command `html-css-class-completion.cache` already registered by SCSS Everywhere (gencer.html-slim-scss-css-class-completion)
2023-09-01 12:24:03.205 [error] [EQuimper.react-native-react-redux]: Unknown language in `contributes.react-native-react-redux.language`. Provided value: jsx
2023-09-01 12:24:05.605 [info] [perf] Render performance baseline is 79ms
2023-09-01 14:35:09.370 [warning] [passionkind.prettier-vscode-with-tabs]: Cannot register 'prettier.printWidth'. This property is already registered.
2023-09-01 14:35:09.371 [warning] [passionkind.prettier-vscode-with-tabs]: Cannot register 'prettier.tabWidth'. This property is already registered.
2023-09-01 14:35:09.371 [warning] [passionkind.prettier-vscode-with-tabs]: Cannot register 'prettier.singleQuote'. This property is already registered.
2023-09-01 14:35:09.371 [warning] [passionkind.prettier-vscode-with-tabs]: Cannot register 'prettier.trailingComma'. This property is already registered.
2023-09-01 14:35:09.371 [warning] [passionkind.prettier-vscode-with-tabs]: Cannot register 'prettier.bracketSpacing'. This property is already registered.
2023-09-01 14:35:09.372 [warning] [passionkind.prettier-vscode-with-tabs]: Cannot register 'prettier.jsxBracketSameLine'. This property is already registered.
2023-09-01 14:35:09.372 [warning] [passionkind.prettier-vscode-with-tabs]: Cannot register 'prettier.useTabs'. This property is already registered.
2023-09-01 14:35:09.373 [warning] [twxs.cmake]: Cannot register 'cmake.cmakePath'. This property is already registered.
2023-09-01 14:35:09.373 [warning] [Zignd.html-css-class-completion]: Cannot register 'html-css-class-completion.includeGlobPattern'. This property is already registered.
2023-09-01 14:35:09.373 [warning] [Zignd.html-css-class-completion]: Cannot register 'html-css-class-completion.excludeGlobPattern'. This property is already registered.
2023-09-01 14:35:09.374 [warning] [Zignd.html-css-class-completion]: Cannot register 'html-css-class-completion.enableEmmetSupport'. This property is already registered.
2023-09-01 14:35:09.444 [info] [Zignd.html-css-class-completion]: Command `html-css-class-completion.cache` already registered by SCSS Everywhere (gencer.html-slim-scss-css-class-completion)
2023-09-01 14:35:10.956 [error] [EQuimper.react-native-react-redux]: Unknown language in `contributes.react-native-react-redux.language`. Provided value: jsx
2023-09-01 14:35:12.355 [info] [perf] Render performance baseline is 97ms
