2023-09-01 16:49:25.009 [info] Log level: Info
2023-09-01 16:49:25.009 [info] Validating found git in: "git"
2023-09-01 16:49:25.009 [info] Using git "2.34.1" from "git"
2023-09-01 16:49:25.009 [info] > git rev-parse --show-toplevel [3ms]
2023-09-01 16:49:25.009 [info] > git rev-parse --git-dir --git-common-dir [21ms]
2023-09-01 16:49:25.009 [info] Open repository: /home/burgos/code/agenciaboz-api
2023-09-01 16:49:25.009 [info] > git config --get commit.template [28ms]
2023-09-01 16:49:25.009 [info] > git rev-parse --show-toplevel [9ms]
2023-09-01 16:49:25.009 [info] > git for-each-ref --format=%(refname)%00%(upstream:short)%00%(objectname)%00%(upstream:track)%00%(upstream:remotename)%00%(upstream:remoteref) refs/heads/master refs/remotes/master [30ms]
2023-09-01 16:49:25.043 [info] > git status -z -uall [35ms]
2023-09-01 16:49:25.051 [info] > git rev-parse --show-toplevel [9ms]
2023-09-01 16:49:25.095 [info] > git for-each-ref --format=%(refname)%00%(upstream:short)%00%(objectname)%00%(upstream:track)%00%(upstream:remotename)%00%(upstream:remoteref) refs/heads/master refs/remotes/master [2ms]
2023-09-01 16:49:25.095 [info] > git config --get commit.template [22ms]
2023-09-01 16:49:25.118 [info] > git status -z -uall [12ms]
2023-09-01 16:49:25.121 [info] > git rev-parse --show-toplevel [4ms]
2023-09-01 16:49:25.138 [info] > git rev-parse --show-toplevel [1ms]
2023-09-01 16:49:25.159 [info] > git rev-parse --show-toplevel [3ms]
2023-09-01 16:49:25.190 [info] > git rev-parse --show-toplevel [3ms]
2023-09-01 16:49:25.203 [info] > git rev-parse --show-toplevel [1ms]
2023-09-01 16:49:25.838 [info] > git check-ignore -v -z --stdin [72ms]
2023-09-01 16:49:25.959 [info] > git show --textconv :routes/sion/contract.js [94ms]
2023-09-01 16:49:25.959 [info] > git ls-files --stage -- /home/burgos/code/agenciaboz-api/routes/sion/contract.js [77ms]
2023-09-01 16:49:25.992 [info] > git cat-file -s 58f5ec370c41a9007ed2c495a0c2fb2331cf632a [13ms]
2023-09-01 16:49:26.406 [info] > git ls-files --stage -- /home/burgos/code/agenciaboz-api/routes/sion/contract.js [1ms]
2023-09-01 16:49:26.434 [info] > git cat-file -s 58f5ec370c41a9007ed2c495a0c2fb2331cf632a [10ms]
2023-09-01 16:49:26.506 [info] > git show --textconv :routes/sion/contract.js [3ms]
2023-09-01 16:49:26.768 [info] > git fetch [1888ms]
2023-09-01 16:49:26.812 [info] > git config --get commit.template [24ms]
2023-09-01 16:49:26.833 [info] > git for-each-ref --format=%(refname)%00%(upstream:short)%00%(objectname)%00%(upstream:track)%00%(upstream:remotename)%00%(upstream:remoteref) refs/heads/master refs/remotes/master [23ms]
2023-09-01 16:49:26.861 [info] > git status -z -uall [10ms]
2023-09-01 16:49:27.163 [info] > git config --local branch.master.github-pr-owner-number [92ms]
2023-09-01 16:49:27.190 [info] > git config --get commit.template [3ms]
2023-09-01 16:49:27.272 [info] > git for-each-ref --format=%(refname)%00%(upstream:short)%00%(objectname)%00%(upstream:track)%00%(upstream:remotename)%00%(upstream:remoteref) refs/heads/master refs/remotes/master [57ms]
2023-09-01 16:49:27.294 [info] > git status -z -uall [6ms]
2023-09-01 16:49:28.022 [info] > git ls-files --stage -- /home/burgos/code/agenciaboz-api/routes/sion/contract.js [2ms]
2023-09-01 16:49:28.049 [info] > git cat-file -s 58f5ec370c41a9007ed2c495a0c2fb2331cf632a [4ms]
2023-09-01 16:49:28.115 [info] > git show --textconv :routes/sion/contract.js [2ms]
2023-09-01 16:52:28.070 [info] > git ls-files --stage -- /home/burgos/code/agenciaboz-api/routes/sion/contract.js [1ms]
2023-09-01 16:52:28.082 [info] > git cat-file -s 58f5ec370c41a9007ed2c495a0c2fb2331cf632a [1ms]
2023-09-01 16:52:28.097 [info] > git show --textconv :routes/sion/contract.js [1ms]
2023-09-01 16:52:29.122 [info] > git fetch [2245ms]
2023-09-01 16:52:29.146 [info] > git config --get commit.template [12ms]
2023-09-01 16:52:29.146 [info] > git for-each-ref --format=%(refname)%00%(upstream:short)%00%(objectname)%00%(upstream:track)%00%(upstream:remotename)%00%(upstream:remoteref) refs/heads/master refs/remotes/master [1ms]
2023-09-01 16:52:29.160 [info] > git status -z -uall [2ms]
2023-09-01 16:52:30.110 [info] > git ls-files --stage -- /home/burgos/code/agenciaboz-api/routes/sion/contract.js [1ms]
2023-09-01 16:52:30.122 [info] > git cat-file -s 58f5ec370c41a9007ed2c495a0c2fb2331cf632a [1ms]
2023-09-01 16:52:30.136 [info] > git show --textconv :routes/sion/contract.js [1ms]
2023-09-01 16:54:26.259 [info] > git config --local branch.master.github-pr-owner-number [1ms]
2023-09-01 16:54:26.283 [info] > git config --get commit.template [12ms]
2023-09-01 16:54:26.283 [info] > git for-each-ref --format=%(refname)%00%(upstream:short)%00%(objectname)%00%(upstream:track)%00%(upstream:remotename)%00%(upstream:remoteref) refs/heads/master refs/remotes/master [1ms]
2023-09-01 16:54:26.297 [info] > git status -z -uall [2ms]
2023-09-01 16:55:30.370 [info] > git ls-files --stage -- /home/burgos/code/agenciaboz-api/routes/sion/contract.js [1ms]
2023-09-01 16:55:30.382 [info] > git cat-file -s 58f5ec370c41a9007ed2c495a0c2fb2331cf632a [1ms]
2023-09-01 16:55:30.396 [info] > git show --textconv :routes/sion/contract.js [2ms]
2023-09-01 16:55:31.408 [info] > git fetch [2231ms]
2023-09-01 16:55:31.432 [info] > git config --get commit.template [12ms]
2023-09-01 16:55:31.432 [info] > git for-each-ref --format=%(refname)%00%(upstream:short)%00%(objectname)%00%(upstream:track)%00%(upstream:remotename)%00%(upstream:remoteref) refs/heads/master refs/remotes/master [1ms]
2023-09-01 16:55:31.446 [info] > git status -z -uall [3ms]
2023-09-01 16:55:32.413 [info] > git ls-files --stage -- /home/burgos/code/agenciaboz-api/routes/sion/contract.js [1ms]
2023-09-01 16:55:32.426 [info] > git cat-file -s 58f5ec370c41a9007ed2c495a0c2fb2331cf632a [1ms]
2023-09-01 16:55:32.441 [info] > git show --textconv :routes/sion/contract.js [2ms]
2023-09-01 16:59:26.315 [info] > git config --local branch.master.github-pr-owner-number [2ms]
2023-09-01 16:59:26.339 [info] > git config --get commit.template [12ms]
2023-09-01 16:59:26.339 [info] > git for-each-ref --format=%(refname)%00%(upstream:short)%00%(objectname)%00%(upstream:track)%00%(upstream:remotename)%00%(upstream:remoteref) refs/heads/master refs/remotes/master [1ms]
2023-09-01 16:59:26.352 [info] > git status -z -uall [2ms]
2023-09-01 17:04:26.368 [info] > git config --local branch.master.github-pr-owner-number [1ms]
2023-09-01 17:04:26.394 [info] > git config --get commit.template [14ms]
2023-09-01 17:04:26.394 [info] > git for-each-ref --format=%(refname)%00%(upstream:short)%00%(objectname)%00%(upstream:track)%00%(upstream:remotename)%00%(upstream:remoteref) refs/heads/master refs/remotes/master [1ms]
2023-09-01 17:04:26.408 [info] > git status -z -uall [2ms]
2023-09-01 17:07:16.895 [info] > git fetch [2058ms]
2023-09-01 17:07:16.919 [info] > git config --get commit.template [12ms]
2023-09-01 17:07:16.920 [info] > git for-each-ref --format=%(refname)%00%(upstream:short)%00%(objectname)%00%(upstream:track)%00%(upstream:remotename)%00%(upstream:remoteref) refs/heads/master refs/remotes/master [1ms]
2023-09-01 17:07:16.934 [info] > git status -z -uall [2ms]
2023-09-01 17:09:26.424 [info] > git config --local branch.master.github-pr-owner-number [1ms]
2023-09-01 17:09:26.449 [info] > git config --get commit.template [12ms]
2023-09-01 17:09:26.449 [info] > git for-each-ref --format=%(refname)%00%(upstream:short)%00%(objectname)%00%(upstream:track)%00%(upstream:remotename)%00%(upstream:remoteref) refs/heads/master refs/remotes/master [1ms]
2023-09-01 17:09:26.463 [info] > git status -z -uall [2ms]
2023-09-01 17:14:26.478 [info] > git config --local branch.master.github-pr-owner-number [1ms]
2023-09-01 17:14:26.502 [info] > git config --get commit.template [12ms]
2023-09-01 17:14:26.503 [info] > git for-each-ref --format=%(refname)%00%(upstream:short)%00%(objectname)%00%(upstream:track)%00%(upstream:remotename)%00%(upstream:remoteref) refs/heads/master refs/remotes/master [1ms]
2023-09-01 17:14:26.516 [info] > git status -z -uall [2ms]
2023-09-01 17:19:26.532 [info] > git config --local branch.master.github-pr-owner-number [0ms]
2023-09-01 17:19:26.555 [info] > git config --get commit.template [12ms]
2023-09-01 17:19:26.556 [info] > git for-each-ref --format=%(refname)%00%(upstream:short)%00%(objectname)%00%(upstream:track)%00%(upstream:remotename)%00%(upstream:remoteref) refs/heads/master refs/remotes/master [2ms]
2023-09-01 17:19:26.570 [info] > git status -z -uall [2ms]
2023-09-01 17:24:26.586 [info] > git config --local branch.master.github-pr-owner-number [1ms]
2023-09-01 17:24:26.611 [info] > git config --get commit.template [12ms]
2023-09-01 17:24:26.611 [info] > git for-each-ref --format=%(refname)%00%(upstream:short)%00%(objectname)%00%(upstream:track)%00%(upstream:remotename)%00%(upstream:remoteref) refs/heads/master refs/remotes/master [1ms]
2023-09-01 17:24:26.625 [info] > git status -z -uall [2ms]
2023-09-01 17:29:26.641 [info] > git config --local branch.master.github-pr-owner-number [1ms]
2023-09-01 17:29:26.667 [info] > git for-each-ref --format=%(refname)%00%(upstream:short)%00%(objectname)%00%(upstream:track)%00%(upstream:remotename)%00%(upstream:remoteref) refs/heads/master refs/remotes/master [2ms]
2023-09-01 17:29:26.667 [info] > git config --get commit.template [14ms]
2023-09-01 17:29:26.680 [info] > git status -z -uall [2ms]
2023-09-01 17:34:26.695 [info] > git config --local branch.master.github-pr-owner-number [1ms]
2023-09-01 17:34:26.719 [info] > git config --get commit.template [11ms]
2023-09-01 17:34:26.719 [info] > git for-each-ref --format=%(refname)%00%(upstream:short)%00%(objectname)%00%(upstream:track)%00%(upstream:remotename)%00%(upstream:remoteref) refs/heads/master refs/remotes/master [1ms]
2023-09-01 17:34:26.732 [info] > git status -z -uall [2ms]
2023-09-01 17:39:26.748 [info] > git config --local branch.master.github-pr-owner-number [1ms]
2023-09-01 17:39:26.771 [info] > git config --get commit.template [12ms]
2023-09-01 17:39:26.772 [info] > git for-each-ref --format=%(refname)%00%(upstream:short)%00%(objectname)%00%(upstream:track)%00%(upstream:remotename)%00%(upstream:remoteref) refs/heads/master refs/remotes/master [1ms]
2023-09-01 17:39:26.785 [info] > git status -z -uall [2ms]
2023-09-01 17:44:26.801 [info] > git config --local branch.master.github-pr-owner-number [2ms]
2023-09-01 17:44:26.825 [info] > git config --get commit.template [12ms]
2023-09-01 17:44:26.826 [info] > git for-each-ref --format=%(refname)%00%(upstream:short)%00%(objectname)%00%(upstream:track)%00%(upstream:remotename)%00%(upstream:remoteref) refs/heads/master refs/remotes/master [1ms]
2023-09-01 17:44:26.839 [info] > git status -z -uall [2ms]
2023-09-01 17:49:26.854 [info] > git config --local branch.master.github-pr-owner-number [1ms]
2023-09-01 17:49:26.880 [info] > git config --get commit.template [12ms]
2023-09-01 17:49:26.881 [info] > git for-each-ref --format=%(refname)%00%(upstream:short)%00%(objectname)%00%(upstream:track)%00%(upstream:remotename)%00%(upstream:remoteref) refs/heads/master refs/remotes/master [2ms]
2023-09-01 17:49:26.894 [info] > git status -z -uall [2ms]
2023-09-01 17:49:58.011 [info] > git ls-files --stage -- /home/burgos/code/agenciaboz-api/routes/sion/contract.js [9ms]
2023-09-01 17:49:58.038 [info] > git cat-file -s 58f5ec370c41a9007ed2c495a0c2fb2331cf632a [5ms]
2023-09-01 17:49:58.115 [info] > git show --textconv :routes/sion/contract.js [5ms]
2023-09-01 17:50:00.053 [info] > git fetch [2101ms]
2023-09-01 17:50:00.078 [info] > git config --get commit.template [12ms]
2023-09-01 17:50:00.078 [info] > git for-each-ref --format=%(refname)%00%(upstream:short)%00%(objectname)%00%(upstream:track)%00%(upstream:remotename)%00%(upstream:remoteref) refs/heads/master refs/remotes/master [1ms]
2023-09-01 17:50:00.093 [info] > git status -z -uall [2ms]
2023-09-01 17:54:26.909 [info] > git config --local branch.master.github-pr-owner-number [1ms]
2023-09-01 17:54:26.935 [info] > git for-each-ref --format=%(refname)%00%(upstream:short)%00%(objectname)%00%(upstream:track)%00%(upstream:remotename)%00%(upstream:remoteref) refs/heads/master refs/remotes/master [2ms]
2023-09-01 17:54:27.264 [info] > git config --get commit.template [343ms]
2023-09-01 17:54:27.277 [info] > git status -z -uall [2ms]
2023-09-01 17:59:27.294 [info] > git config --local branch.master.github-pr-owner-number [0ms]
2023-09-01 17:59:27.317 [info] > git config --get commit.template [12ms]
2023-09-01 17:59:27.318 [info] > git for-each-ref --format=%(refname)%00%(upstream:short)%00%(objectname)%00%(upstream:track)%00%(upstream:remotename)%00%(upstream:remoteref) refs/heads/master refs/remotes/master [1ms]
2023-09-01 17:59:27.331 [info] > git status -z -uall [2ms]
2023-09-01 18:04:27.349 [info] > git config --local branch.master.github-pr-owner-number [1ms]
2023-09-01 18:04:27.375 [info] > git config --get commit.template [13ms]
2023-09-01 18:04:27.376 [info] > git for-each-ref --format=%(refname)%00%(upstream:short)%00%(objectname)%00%(upstream:track)%00%(upstream:remotename)%00%(upstream:remoteref) refs/heads/master refs/remotes/master [2ms]
2023-09-01 18:04:27.390 [info] > git status -z -uall [2ms]
2023-09-01 18:09:27.407 [info] > git config --local branch.master.github-pr-owner-number [1ms]
2023-09-01 18:09:27.431 [info] > git config --get commit.template [12ms]
2023-09-01 18:09:27.432 [info] > git for-each-ref --format=%(refname)%00%(upstream:short)%00%(objectname)%00%(upstream:track)%00%(upstream:remotename)%00%(upstream:remoteref) refs/heads/master refs/remotes/master [1ms]
2023-09-01 18:09:27.445 [info] > git status -z -uall [2ms]
2023-09-01 18:14:27.461 [info] > git config --local branch.master.github-pr-owner-number [1ms]
2023-09-01 18:14:27.485 [info] > git config --get commit.template [12ms]
2023-09-01 18:14:27.486 [info] > git for-each-ref --format=%(refname)%00%(upstream:short)%00%(objectname)%00%(upstream:track)%00%(upstream:remotename)%00%(upstream:remoteref) refs/heads/master refs/remotes/master [1ms]
2023-09-01 18:14:27.500 [info] > git status -z -uall [2ms]
2023-09-01 18:17:28.580 [info] > git ls-files --stage -- /home/burgos/code/agenciaboz-api/routes/sion/contract.js [1ms]
2023-09-01 18:17:28.594 [info] > git cat-file -s 58f5ec370c41a9007ed2c495a0c2fb2331cf632a [1ms]
2023-09-01 18:17:28.631 [info] > git show --textconv :routes/sion/contract.js [1ms]
2023-09-01 18:17:31.169 [info] > git fetch [2607ms]
2023-09-01 18:17:31.183 [info] > git config --get commit.template [2ms]
2023-09-01 18:17:31.195 [info] > git for-each-ref --format=%(refname)%00%(upstream:short)%00%(objectname)%00%(upstream:track)%00%(upstream:remotename)%00%(upstream:remoteref) refs/heads/master refs/remotes/master [1ms]
2023-09-01 18:17:31.209 [info] > git status -z -uall [2ms]
2023-09-01 18:18:59.198 [info] > git check-ignore -v -z --stdin [2ms]
2023-09-01 18:19:27.515 [info] > git config --local branch.master.github-pr-owner-number [1ms]
2023-09-01 18:19:27.540 [info] > git config --get commit.template [12ms]
2023-09-01 18:19:27.540 [info] > git for-each-ref --format=%(refname)%00%(upstream:short)%00%(objectname)%00%(upstream:track)%00%(upstream:remotename)%00%(upstream:remoteref) refs/heads/master refs/remotes/master [1ms]
2023-09-01 18:19:27.554 [info] > git status -z -uall [2ms]
