2023-09-04 10:38:22.644 [info] Extension host with pid 11258 started
2023-09-04 10:38:22.645 [info] Skipping acquiring lock for /home/burgos/.config/Code/User/workspaceStorage/b346cb4d447e021003f928dc3751eb8a.
2023-09-04 10:38:23.474 [info] ExtensionService#_doActivateExtension vscode.emmet, startup: false, activationEvent: 'onLanguage'
2023-09-04 10:38:23.514 [info] ExtensionService#_doActivateExtension vscode.typescript-language-features, startup: false, activationEvent: 'onLanguage:javascript'
2023-09-04 10:38:23.580 [info] ExtensionService#_doActivateExtension dsznajder.es7-react-js-snippets, startup: false, activationEvent: 'onLanguage:javascript'
2023-09-04 10:38:24.506 [info] ExtensionService#_doActivateExtension passionkind.prettier-vscode-with-tabs, startup: false, activationEvent: 'onLanguage:javascript'
2023-09-04 10:38:24.540 [error] Activating extension passionkind.prettier-vscode-with-tabs failed due to an error:
2023-09-04 10:38:24.540 [error] Error: Cannot find module 'prettier-with-tabs'
Require stack:
- /home/burgos/.vscode/extensions/passionkind.prettier-vscode-with-tabs-1.1.0/out/src/PrettierEditProvider.js
- /home/burgos/.vscode/extensions/passionkind.prettier-vscode-with-tabs-1.1.0/out/src/extension.js
- /usr/share/code/resources/app/out/vs/loader.js
- /usr/share/code/resources/app/out/bootstrap-amd.js
- /usr/share/code/resources/app/out/bootstrap-fork.js
- 
	at Module._resolveFilename (node:internal/modules/cjs/loader:1010:15)
	at s._resolveFilename (node:electron/js2c/utility_init:2:2740)
	at Module._load (node:internal/modules/cjs/loader:858:27)
	at f._load (node:electron/js2c/asar_bundle:2:13330)
	at o._load (/usr/share/code/resources/app/out/vs/workbench/api/node/extensionHostProcess.js:130:28084)
	at f._load (/usr/share/code/resources/app/out/vs/workbench/api/node/extensionHostProcess.js:130:25418)
	at C._load (/usr/share/code/resources/app/out/vs/workbench/api/node/extensionHostProcess.js:94:19511)
	at Module.require (node:internal/modules/cjs/loader:1082:19)
	at g (/usr/share/code/resources/app/out/vs/loader.js:4:647)
	at Object.<anonymous> (/home/burgos/.vscode/extensions/passionkind.prettier-vscode-with-tabs-1.1.0/out/src/PrettierEditProvider.js:3:18)
	at u._compile (/usr/share/code/resources/app/out/vs/loader.js:4:1271)
	at Module._extensions..js (node:internal/modules/cjs/loader:1243:10)
	at Module.load (node:internal/modules/cjs/loader:1058:32)
	at Module._load (node:internal/modules/cjs/loader:893:12)
	at f._load (node:electron/js2c/asar_bundle:2:13330)
	at o._load (/usr/share/code/resources/app/out/vs/workbench/api/node/extensionHostProcess.js:130:28084)
	at f._load (/usr/share/code/resources/app/out/vs/workbench/api/node/extensionHostProcess.js:130:25418)
	at C._load (/usr/share/code/resources/app/out/vs/workbench/api/node/extensionHostProcess.js:94:19511)
	at Module.require (node:internal/modules/cjs/loader:1082:19)
	at g (/usr/share/code/resources/app/out/vs/loader.js:4:647)
	at Object.<anonymous> (/home/burgos/.vscode/extensions/passionkind.prettier-vscode-with-tabs-1.1.0/out/src/extension.js:3:32)
	at u._compile (/usr/share/code/resources/app/out/vs/loader.js:4:1271)
	at Module._extensions..js (node:internal/modules/cjs/loader:1243:10)
	at Module.load (node:internal/modules/cjs/loader:1058:32)
	at Module._load (node:internal/modules/cjs/loader:893:12)
	at f._load (node:electron/js2c/asar_bundle:2:13330)
	at o._load (/usr/share/code/resources/app/out/vs/workbench/api/node/extensionHostProcess.js:130:28084)
	at f._load (/usr/share/code/resources/app/out/vs/workbench/api/node/extensionHostProcess.js:130:25418)
	at C._load (/usr/share/code/resources/app/out/vs/workbench/api/node/extensionHostProcess.js:94:19511)
	at Module.require (node:internal/modules/cjs/loader:1082:19)
	at require (node:internal/modules/cjs/helpers:102:18)
	at Function.i [as __$__nodeRequire] (/usr/share/code/resources/app/out/vs/loader.js:5:98)
	at r.rb (/usr/share/code/resources/app/out/vs/workbench/api/node/extensionHostProcess.js:130:26597)
	at async Promise.all (index 0)
2023-09-04 10:38:24.540 [info] ExtensionService#_doActivateExtension Prisma.prisma, startup: false, activationEvent: 'onLanguage:javascript'
2023-09-04 10:38:25.227 [info] Extension host terminating: renderer closed the MessagePort
2023-09-04 10:38:25.255 [info] Extension host with pid 11258 exiting with code 0
