2023-09-01 10:07:48.296 [info] Added views:workbench.panel.markers.view in workbench.panel.markers
2023-09-01 10:07:48.296 [info] Added views:workbench.panel.output in workbench.panel.output
2023-09-01 10:07:48.296 [info] Added views:terminal in terminal
2023-09-01 10:07:48.296 [info] Added views:outline in workbench.view.explorer
2023-09-01 10:07:48.296 [info] Added views:workbench.scm in workbench.view.scm
2023-09-01 10:07:48.296 [info] Added views:workbench.view.search in workbench.view.search
2023-09-01 10:07:48.296 [info] Added views:timeline in workbench.view.explorer
2023-09-01 10:07:48.296 [info] Added views:workbench.explorer.emptyView in workbench.view.explorer
2023-09-01 10:07:48.859 [info] Added views:pythonEnvironments in workbench.view.extension.package-explorer
2023-09-01 10:07:48.860 [info] Added views:gitlens.views.home,gitlens.views.workspaces,gitlens.views.account in workbench.view.extension.gitlens
2023-09-01 10:07:48.860 [info] Added views:gitlens.views.commitDetails,gitlens.views.lineHistory,gitlens.views.fileHistory,gitlens.views.searchAndCompare in workbench.view.extension.gitlensInspect
2023-09-01 10:07:48.861 [info] Added views:gitlens.views.commits,gitlens.views.branches,gitlens.views.remotes,gitlens.views.stashes,gitlens.views.tags in workbench.view.scm
2023-09-01 10:07:48.862 [info] Added views:pr:github,issues:github in workbench.view.extension.github-pull-requests
2023-09-01 10:07:48.863 [info] Added views:PowerShellCommands in workbench.view.extension.PowerShell
2023-09-01 10:07:49.058 [info] Added views:workbench.debug.variablesView,workbench.debug.watchExpressionsView,workbench.debug.callStackView,workbench.debug.breakPointsView in workbench.view.debug
2023-09-01 10:07:49.089 [info] Added views:workbench.panel.repl.view in workbench.panel.repl
2023-09-01 10:07:49.090 [info] Removed views:workbench.debug.breakPointsView,workbench.debug.callStackView,workbench.debug.watchExpressionsView,workbench.debug.variablesView from workbench.view.debug
2023-09-01 10:07:49.091 [info] Added views:workbench.debug.welcome in workbench.view.debug
2023-09-01 10:07:50.545 [info] Removed views:gitlens.views.searchAndCompare,gitlens.views.fileHistory,gitlens.views.lineHistory,gitlens.views.commitDetails from workbench.view.extension.gitlensInspect
2023-09-01 10:07:50.547 [info] Removed views:gitlens.views.tags,gitlens.views.stashes,gitlens.views.remotes,gitlens.views.branches,gitlens.views.commits from workbench.view.scm
