2023-09-04 10:40:32.749 [info] Log level: Info
2023-09-04 10:40:32.749 [info] Validating found git in: "git"
2023-09-04 10:40:32.749 [info] Using git "2.34.1" from "git"
2023-09-04 10:40:32.749 [info] > git rev-parse --show-toplevel [54ms]
2023-09-04 10:40:32.749 [info] > git rev-parse --git-dir --git-common-dir [2ms]
2023-09-04 10:40:32.749 [info] Open repository: /home/burgos/code/agenciaboz-api
2023-09-04 10:40:32.751 [info] > git config --get commit.template [65ms]
2023-09-04 10:40:32.754 [info] > git rev-parse --show-toplevel [12ms]
2023-09-04 10:40:32.777 [info] > git for-each-ref --format=%(refname)%00%(upstream:short)%00%(objectname)%00%(upstream:track)%00%(upstream:remotename)%00%(upstream:remoteref) refs/heads/master refs/remotes/master [2ms]
2023-09-04 10:40:32.815 [info] > git status -z -uall [24ms]
2023-09-04 10:40:32.815 [info] > git rev-parse --show-toplevel [6ms]
2023-09-04 10:40:32.843 [info] > git config --get commit.template [2ms]
2023-09-04 10:40:33.487 [info] > git for-each-ref --format=%(refname)%00%(upstream:short)%00%(objectname)%00%(upstream:track)%00%(upstream:remotename)%00%(upstream:remoteref) refs/heads/master refs/remotes/master [168ms]
2023-09-04 10:40:33.508 [info] > git rev-parse --show-toplevel [209ms]
2023-09-04 10:40:33.585 [info] > git check-ignore -v -z --stdin [103ms]
2023-09-04 10:40:33.586 [info] > git status -z -uall [79ms]
2023-09-04 10:40:33.671 [info] > git rev-parse --show-toplevel [22ms]
2023-09-04 10:40:33.819 [info] > git rev-parse --show-toplevel [125ms]
2023-09-04 10:40:33.873 [info] > git rev-parse --show-toplevel [6ms]
2023-09-04 10:40:33.894 [info] > git rev-parse --show-toplevel [2ms]
2023-09-04 10:40:33.929 [info] > git show --textconv :routes/sion/contract.js [18ms]
2023-09-04 10:40:33.929 [info] > git ls-files --stage -- /home/burgos/code/agenciaboz-api/routes/sion/contract.js [2ms]
2023-09-04 10:40:33.945 [info] > git cat-file -s 58f5ec370c41a9007ed2c495a0c2fb2331cf632a [3ms]
2023-09-04 10:40:34.146 [info] > git ls-files --stage -- /home/burgos/code/agenciaboz-api/routes/sion/contract.js [12ms]
2023-09-04 10:40:34.176 [info] > git cat-file -s 58f5ec370c41a9007ed2c495a0c2fb2331cf632a [12ms]
2023-09-04 10:40:34.421 [info] > git fetch [1750ms]
2023-09-04 10:40:34.451 [info] > git config --get commit.template [15ms]
2023-09-04 10:40:34.451 [info] > git for-each-ref --format=%(refname)%00%(upstream:short)%00%(objectname)%00%(upstream:track)%00%(upstream:remotename)%00%(upstream:remoteref) refs/heads/master refs/remotes/master [2ms]
2023-09-04 10:40:34.467 [info] > git status -z -uall [2ms]
2023-09-04 10:40:35.006 [info] > git config --local branch.master.github-pr-owner-number [78ms]
2023-09-04 10:40:35.023 [info] > git config --get commit.template [3ms]
2023-09-04 10:40:35.040 [info] > git for-each-ref --format=%(refname)%00%(upstream:short)%00%(objectname)%00%(upstream:track)%00%(upstream:remotename)%00%(upstream:remoteref) refs/heads/master refs/remotes/master [2ms]
2023-09-04 10:40:35.065 [info] > git status -z -uall [12ms]
2023-09-04 10:40:35.480 [info] > git ls-files --stage -- /home/burgos/code/agenciaboz-api/routes/sion/contract.js [1ms]
2023-09-04 10:40:35.504 [info] > git cat-file -s 58f5ec370c41a9007ed2c495a0c2fb2331cf632a [4ms]
2023-09-04 10:40:35.534 [info] > git show --textconv :routes/sion/contract.js [2ms]
2023-09-04 10:40:37.146 [info] > git check-ignore -v -z --stdin [1ms]
2023-09-04 10:40:37.584 [info] > git show --textconv :src/pdf_handler.js [17ms]
2023-09-04 10:40:37.591 [info] > git ls-files --stage -- /home/burgos/code/agenciaboz-api/src/pdf_handler.js [10ms]
2023-09-04 10:40:37.626 [info] > git cat-file -s 932a508ae89684d791445a92c195e9d9619ea327 [18ms]
2023-09-04 10:40:44.728 [info] > git check-ignore -v -z --stdin [1ms]
2023-09-04 10:42:59.884 [info] > git check-ignore -v -z --stdin [1ms]
2023-09-04 10:43:40.000 [info] > git ls-files --stage -- /home/burgos/code/agenciaboz-api/routes/sion/contract.js [12ms]
2023-09-04 10:43:40.012 [info] > git ls-files --stage -- /home/burgos/code/agenciaboz-api/src/pdf_handler.js [13ms]
2023-09-04 10:43:40.024 [info] > git cat-file -s 58f5ec370c41a9007ed2c495a0c2fb2331cf632a [12ms]
2023-09-04 10:43:40.025 [info] > git cat-file -s 932a508ae89684d791445a92c195e9d9619ea327 [2ms]
2023-09-04 10:43:40.061 [info] > git show --textconv :routes/sion/contract.js [12ms]
2023-09-04 10:43:40.062 [info] > git show --textconv :src/pdf_handler.js [2ms]
2023-09-04 10:43:41.055 [info] > git fetch [2262ms]
2023-09-04 10:43:41.079 [info] > git config --get commit.template [12ms]
2023-09-04 10:43:41.079 [info] > git for-each-ref --format=%(refname)%00%(upstream:short)%00%(objectname)%00%(upstream:track)%00%(upstream:remotename)%00%(upstream:remoteref) refs/heads/master refs/remotes/master [2ms]
2023-09-04 10:43:41.093 [info] > git status -z -uall [2ms]
2023-09-04 10:43:47.384 [info] > git ls-files --stage -- /home/burgos/code/agenciaboz-api/routes/sion/contract.js [12ms]
2023-09-04 10:43:47.397 [info] > git ls-files --stage -- /home/burgos/code/agenciaboz-api/src/pdf_handler.js [14ms]
2023-09-04 10:43:47.408 [info] > git cat-file -s 58f5ec370c41a9007ed2c495a0c2fb2331cf632a [12ms]
2023-09-04 10:43:47.409 [info] > git cat-file -s 932a508ae89684d791445a92c195e9d9619ea327 [2ms]
2023-09-04 10:43:47.433 [info] > git show --textconv :routes/sion/contract.js [12ms]
2023-09-04 10:43:47.434 [info] > git show --textconv :src/pdf_handler.js [1ms]
2023-09-04 10:43:47.578 [info] > git config --get commit.template [1ms]
2023-09-04 10:43:47.593 [info] > git for-each-ref --format=%(refname)%00%(upstream:short)%00%(objectname)%00%(upstream:track)%00%(upstream:remotename)%00%(upstream:remoteref) refs/heads/master refs/remotes/master [2ms]
2023-09-04 10:43:47.607 [info] > git status -z -uall [3ms]
2023-09-04 10:43:54.484 [info] > git add -A -- . [22ms]
2023-09-04 10:43:54.502 [info] > git -c user.useConfigOnly=true commit --quiet --allow-empty-message --file - [6ms]
2023-09-04 10:43:54.515 [info] > git config --get commit.template [1ms]
2023-09-04 10:43:54.530 [info] > git config --get commit.template [2ms]
2023-09-04 10:43:54.544 [info] > git for-each-ref --format=%(refname)%00%(upstream:short)%00%(objectname)%00%(upstream:track)%00%(upstream:remotename)%00%(upstream:remoteref) refs/heads/master refs/remotes/master [2ms]
2023-09-04 10:43:54.561 [info] > git status -z -uall [2ms]
2023-09-04 10:43:54.654 [info] > git config --get commit.template [4ms]
2023-09-04 10:43:54.668 [info] > git for-each-ref --format=%(refname)%00%(upstream:short)%00%(objectname)%00%(upstream:track)%00%(upstream:remotename)%00%(upstream:remoteref) refs/heads/master refs/remotes/master [1ms]
2023-09-04 10:43:54.682 [info] > git status -z -uall [2ms]
2023-09-04 10:43:55.487 [info] > git config --local branch.master.github-pr-owner-number [56ms]
2023-09-04 10:43:55.512 [info] > git config --get commit.template [13ms]
2023-09-04 10:43:55.518 [info] > git for-each-ref --format=%(refname)%00%(upstream:short)%00%(objectname)%00%(upstream:track)%00%(upstream:remotename)%00%(upstream:remoteref) refs/heads/master refs/remotes/master [6ms]
2023-09-04 10:43:55.532 [info] > git status -z -uall [2ms]
2023-09-04 10:43:55.781 [info] > git ls-files --stage -- /home/burgos/code/agenciaboz-api/routes/sion/contract.js [15ms]
2023-09-04 10:43:55.795 [info] > git ls-files --stage -- /home/burgos/code/agenciaboz-api/src/pdf_handler.js [16ms]
2023-09-04 10:43:55.812 [info] > git cat-file -s 932a508ae89684d791445a92c195e9d9619ea327 [3ms]
2023-09-04 10:43:55.813 [info] > git cat-file -s 58f5ec370c41a9007ed2c495a0c2fb2331cf632a [21ms]
2023-09-04 10:43:55.845 [info] > git show --textconv :src/pdf_handler.js [17ms]
2023-09-04 10:43:55.845 [info] > git show --textconv :routes/sion/contract.js [5ms]
2023-09-04 10:43:58.119 [info] > git push origin master:master [2457ms]
2023-09-04 10:43:58.119 [info] remote: This repository moved. Please use the new location:        
remote:   git@github.com:agenciaboz-dev/agenciaboz-api.git        
To github.com:nandobfer/agenciaboz-api
   7fcf22f..de1c334  master -> master
2023-09-04 10:43:58.145 [info] > git config --get commit.template [13ms]
2023-09-04 10:43:58.146 [info] > git for-each-ref --format=%(refname)%00%(upstream:short)%00%(objectname)%00%(upstream:track)%00%(upstream:remotename)%00%(upstream:remoteref) refs/heads/master refs/remotes/master [1ms]
2023-09-04 10:43:58.160 [info] > git status -z -uall [2ms]
2023-09-04 10:43:58.869 [info] > git config --local branch.master.github-pr-owner-number [45ms]
2023-09-04 10:43:58.883 [info] > git config --get commit.template [1ms]
2023-09-04 10:43:58.897 [info] > git for-each-ref --format=%(refname)%00%(upstream:short)%00%(objectname)%00%(upstream:track)%00%(upstream:remotename)%00%(upstream:remoteref) refs/heads/master refs/remotes/master [1ms]
2023-09-04 10:43:58.911 [info] > git status -z -uall [2ms]
2023-09-04 10:45:34.189 [info] > git config --local branch.master.github-pr-owner-number [1ms]
2023-09-04 10:45:34.206 [info] > git config --get commit.template [4ms]
2023-09-04 10:45:34.219 [info] > git for-each-ref --format=%(refname)%00%(upstream:short)%00%(objectname)%00%(upstream:track)%00%(upstream:remotename)%00%(upstream:remoteref) refs/heads/master refs/remotes/master [1ms]
2023-09-04 10:45:34.233 [info] > git status -z -uall [2ms]
2023-09-04 10:50:34.252 [info] > git config --local branch.master.github-pr-owner-number [1ms]
2023-09-04 10:50:34.279 [info] > git config --get commit.template [14ms]
2023-09-04 10:50:34.280 [info] > git for-each-ref --format=%(refname)%00%(upstream:short)%00%(objectname)%00%(upstream:track)%00%(upstream:remotename)%00%(upstream:remoteref) refs/heads/master refs/remotes/master [2ms]
2023-09-04 10:50:34.296 [info] > git status -z -uall [2ms]
2023-09-04 10:55:34.314 [info] > git config --local branch.master.github-pr-owner-number [1ms]
2023-09-04 10:55:34.339 [info] > git config --get commit.template [13ms]
2023-09-04 10:55:34.339 [info] > git for-each-ref --format=%(refname)%00%(upstream:short)%00%(objectname)%00%(upstream:track)%00%(upstream:remotename)%00%(upstream:remoteref) refs/heads/master refs/remotes/master [1ms]
2023-09-04 10:55:34.353 [info] > git status -z -uall [2ms]
2023-09-04 11:00:34.373 [info] > git config --local branch.master.github-pr-owner-number [2ms]
2023-09-04 11:00:34.399 [info] > git config --get commit.template [13ms]
2023-09-04 11:00:34.399 [info] > git for-each-ref --format=%(refname)%00%(upstream:short)%00%(objectname)%00%(upstream:track)%00%(upstream:remotename)%00%(upstream:remoteref) refs/heads/master refs/remotes/master [1ms]
2023-09-04 11:00:34.413 [info] > git status -z -uall [2ms]
